#
# There is insufficient memory for the Java Runtime Environment to continue.
# Native memory allocation (mmap) failed to map 901775360 bytes for G1 virtual space
# Possible reasons:
#   The system is out of physical RAM or swap space
#   The process is running with CompressedOops enabled, and the Java Heap may be blocking the growth of the native heap
# Possible solutions:
#   Reduce memory load on the system
#   Increase physical memory or swap space
#   Check if swap backing store is full
#   Decrease Java heap size (-Xmx/-Xms)
#   Decrease number of Java threads
#   Decrease Java thread stack sizes (-Xss)
#   Set larger code cache with -XX:ReservedCodeCacheSize=
#   JVM is running with Zero Based Compressed Oops mode in which the Java heap is
#     placed in the first 32GB address space. The Java Heap base address is the
#     maximum limit for the native heap growth. Please use -XX:HeapBaseMinAddress
#     to set the Java Heap base and to place the Java Heap above 32GB virtual address.
# This output file may be truncated or incomplete.
#
#  Out of Memory Error (os_windows.cpp:3603), pid=194456, tid=194792
#
# JRE version: Java(TM) SE Runtime Environment (21.0.6+8) (build 21.0.6+8-LTS-188)
# Java VM: Java HotSpot(TM) 64-Bit Server VM (21.0.6+8-LTS-188, mixed mode, sharing, tiered, compressed oops, compressed class ptrs, g1 gc, windows-amd64)
# No core dump will be written. Minidumps are not enabled by default on client versions of Windows
#

---------------  S U M M A R Y ------------

Command Line: -javaagent:C:\Program Files\JetBrains\IntelliJ IDEA Community Edition 2025.2\lib\idea_rt.jar=64831 -Dfile.encoding=UTF-8 -Dsun.stdout.encoding=UTF-8 -Dsun.stderr.encoding=UTF-8 -agentpath:C:\Program Files\Palo Alto Networks\Traps\cyjagent.dll com.example.empleados.EmpleadosApplication

Host: 13th Gen Intel(R) Core(TM) i7-13700H, 20 cores, 31G,  Windows 11 , 64 bit Build 26100 (10.0.26100.6725)
Time: Fri Nov 14 17:58:55 2025 Hora estándar central (México) elapsed time: 5.912197 seconds (0d 0h 0m 5s)

---------------  T H R E A D  ---------------

Current thread (0x000001e4d061da60):  VMThread "VM Thread"          [id=194792, stack(0x000000258c300000,0x000000258c400000) (1024K)]

Stack: [0x000000258c300000,0x000000258c400000]
Native frames: (J=compiled Java code, j=interpreted, Vv=VM code, C=native code)
V  [jvm.dll+0x6ca6d9]
V  [jvm.dll+0x854f51]
V  [jvm.dll+0x85747e]
V  [jvm.dll+0x857b53]
V  [jvm.dll+0x27dcc6]
V  [jvm.dll+0x6c6e55]
V  [jvm.dll+0x6bb9da]
V  [jvm.dll+0x35393a]
V  [jvm.dll+0x35b596]
V  [jvm.dll+0x3adefe]
V  [jvm.dll+0x3ae1a8]
V  [jvm.dll+0x327cbc]
V  [jvm.dll+0x327d47]
V  [jvm.dll+0x36c60c]
V  [jvm.dll+0x36ae5e]
V  [jvm.dll+0x327481]
V  [jvm.dll+0x36a57a]
V  [jvm.dll+0x85d920]
V  [jvm.dll+0x85eca4]
V  [jvm.dll+0x85f1e0]
V  [jvm.dll+0x85f483]
V  [jvm.dll+0x7ff2fb]
V  [jvm.dll+0x6c8dbd]
C  [ucrtbase.dll+0x37b0]
C  [cyinjct.dll+0x11e7]
C  [KERNEL32.DLL+0x2e8d7]
C  [ntdll.dll+0x8c53c]

VM_Operation (0x00000025901fee30): G1CollectForAllocation, mode: safepoint, requested by thread 0x000001e51a37d880


---------------  P R O C E S S  ---------------

Threads class SMR info:
_java_thread_list=0x000001e519f26b50, length=51, elements={
0x000001e4abb03210, 0x000001e4d063db80, 0x000001e4d06405e0, 0x000001e4d36d2fe0,
0x000001e4d36d3a30, 0x000001e4d36d47e0, 0x000001e4d36d9a50, 0x000001e4d36e27e0,
0x000001e4d36e6b80, 0x000001e4d3828f80, 0x000001e4d383a370, 0x000001e4d38402c0,
0x000001e4d3887d10, 0x000001e4d3a1ef80, 0x000001e51917a520, 0x000001e519412540,
0x000001e519e61ee0, 0x000001e519a1e720, 0x000001e519f24d60, 0x000001e519f00430,
0x000001e51a0f0b10, 0x000001e519e0c120, 0x000001e51e9a41e0, 0x000001e51e9a4870,
0x000001e51e9a3b50, 0x000001e51e9a7cf0, 0x000001e51e9a8380, 0x000001e51e9a5c20,
0x000001e51e9a62b0, 0x000001e51e9a4f00, 0x000001e51e9a8a10, 0x000001e51e9a6fd0,
0x000001e51e9a7660, 0x000001e51e9a5590, 0x000001e51e9a90a0, 0x000001e51e9a9730,
0x000001e51e9a9dc0, 0x000001e51e9aaae0, 0x000001e51e9aa450, 0x000001e51e9ab170,
0x000001e51a37d880, 0x000001e51a37b120, 0x000001e51a37c4d0, 0x000001e51a37df10,
0x000001e51a37b7b0, 0x000001e51f05a2e0, 0x000001e51f05a970, 0x000001e51f05b000,
0x000001e51f05b690, 0x000001e51f0595c0, 0x000001e51f059c50
}

Java Threads: ( => current thread )
  0x000001e4abb03210 JavaThread "main"                              [_thread_blocked, id=182352, stack(0x000000258bc00000,0x000000258bd00000) (1024K)]
  0x000001e4d063db80 JavaThread "Reference Handler"          daemon [_thread_blocked, id=168012, stack(0x000000258c400000,0x000000258c500000) (1024K)]
  0x000001e4d06405e0 JavaThread "Finalizer"                  daemon [_thread_blocked, id=190888, stack(0x000000258c500000,0x000000258c600000) (1024K)]
  0x000001e4d36d2fe0 JavaThread "Signal Dispatcher"          daemon [_thread_blocked, id=185240, stack(0x000000258c600000,0x000000258c700000) (1024K)]
  0x000001e4d36d3a30 JavaThread "Attach Listener"            daemon [_thread_blocked, id=137312, stack(0x000000258c700000,0x000000258c800000) (1024K)]
  0x000001e4d36d47e0 JavaThread "Service Thread"             daemon [_thread_blocked, id=168716, stack(0x000000258c800000,0x000000258c900000) (1024K)]
  0x000001e4d36d9a50 JavaThread "Monitor Deflation Thread"   daemon [_thread_blocked, id=194000, stack(0x000000258c900000,0x000000258ca00000) (1024K)]
  0x000001e4d36e27e0 JavaThread "C2 CompilerThread0"         daemon [_thread_blocked, id=180964, stack(0x000000258ca00000,0x000000258cb00000) (1024K)]
  0x000001e4d36e6b80 JavaThread "C1 CompilerThread0"         daemon [_thread_blocked, id=192332, stack(0x000000258cb00000,0x000000258cc00000) (1024K)]
  0x000001e4d3828f80 JavaThread "Common-Cleaner"             daemon [_thread_blocked, id=188244, stack(0x000000258cc00000,0x000000258cd00000) (1024K)]
  0x000001e4d383a370 JavaThread "C1 CompilerThread1"         daemon [_thread_blocked, id=175744, stack(0x000000258cd00000,0x000000258ce00000) (1024K)]
  0x000001e4d38402c0 JavaThread "C1 CompilerThread2"         daemon [_thread_blocked, id=190744, stack(0x000000258ce00000,0x000000258cf00000) (1024K)]
  0x000001e4d3887d10 JavaThread "C2 CompilerThread1"         daemon [_thread_blocked, id=194812, stack(0x000000258cf00000,0x000000258d000000) (1024K)]
  0x000001e4d3a1ef80 JavaThread "C1 CompilerThread3"         daemon [_thread_blocked, id=188356, stack(0x000000258d000000,0x000000258d100000) (1024K)]
  0x000001e51917a520 JavaThread "Monitor Ctrl-Break"         daemon [_thread_in_native, id=192060, stack(0x000000258d100000,0x000000258d200000) (1024K)]
  0x000001e519412540 JavaThread "Notification Thread"        daemon [_thread_blocked, id=13440, stack(0x000000258d200000,0x000000258d300000) (1024K)]
  0x000001e519e61ee0 JavaThread "RMI TCP Accept-0"           daemon [_thread_in_native, id=169332, stack(0x000000258d800000,0x000000258d900000) (1024K)]
  0x000001e519a1e720 JavaThread "RMI TCP Connection(1)-148.202.222.110" daemon [_thread_blocked, id=187984, stack(0x000000258e400000,0x000000258e500000) (1024K)]
  0x000001e519f24d60 JavaThread "RMI Scheduler(0)"           daemon [_thread_blocked, id=158676, stack(0x000000258e500000,0x000000258e600000) (1024K)]
  0x000001e519f00430 JavaThread "JMX server connection timeout 45" daemon [_thread_blocked, id=194464, stack(0x000000258e600000,0x000000258e700000) (1024K)]
  0x000001e51a0f0b10 JavaThread "Thread-0"                          [_thread_blocked, id=192928, stack(0x000000258e700000,0x000000258e800000) (1024K)]
  0x000001e519e0c120 JavaThread "restartedMain"                     [_thread_blocked, id=179980, stack(0x000000258e800000,0x000000258e900000) (1024K)]
  0x000001e51e9a41e0 JavaThread "ClassGraph-worker-29"       daemon [_thread_blocked, id=161084, stack(0x000000258e900000,0x000000258ea00000) (1024K)]
  0x000001e51e9a4870 JavaThread "ClassGraph-worker-30"       daemon [_thread_blocked, id=184760, stack(0x000000258f000000,0x000000258f100000) (1024K)]
  0x000001e51e9a3b50 JavaThread "ClassGraph-worker-31"       daemon [_thread_blocked, id=179248, stack(0x000000258f100000,0x000000258f200000) (1024K)]
  0x000001e51e9a7cf0 JavaThread "ClassGraph-worker-32"       daemon [_thread_blocked, id=177472, stack(0x000000258f200000,0x000000258f300000) (1024K)]
  0x000001e51e9a8380 JavaThread "ClassGraph-worker-33"       daemon [_thread_blocked, id=177432, stack(0x000000258f300000,0x000000258f400000) (1024K)]
  0x000001e51e9a5c20 JavaThread "ClassGraph-worker-34"       daemon [_thread_blocked, id=190400, stack(0x000000258f400000,0x000000258f500000) (1024K)]
  0x000001e51e9a62b0 JavaThread "ClassGraph-worker-35"       daemon [_thread_blocked, id=185368, stack(0x000000258f500000,0x000000258f600000) (1024K)]
  0x000001e51e9a4f00 JavaThread "ClassGraph-worker-36"       daemon [_thread_blocked, id=186444, stack(0x000000258f600000,0x000000258f700000) (1024K)]
  0x000001e51e9a8a10 JavaThread "ClassGraph-worker-37"       daemon [_thread_blocked, id=183808, stack(0x000000258f700000,0x000000258f800000) (1024K)]
  0x000001e51e9a6fd0 JavaThread "ClassGraph-worker-38"       daemon [_thread_blocked, id=182712, stack(0x000000258f800000,0x000000258f900000) (1024K)]
  0x000001e51e9a7660 JavaThread "ClassGraph-worker-39"       daemon [_thread_blocked, id=181584, stack(0x000000258f900000,0x000000258fa00000) (1024K)]
  0x000001e51e9a5590 JavaThread "ClassGraph-worker-40"       daemon [_thread_blocked, id=182220, stack(0x000000258fa00000,0x000000258fb00000) (1024K)]
  0x000001e51e9a90a0 JavaThread "ClassGraph-worker-41"       daemon [_thread_blocked, id=139488, stack(0x000000258fb00000,0x000000258fc00000) (1024K)]
  0x000001e51e9a9730 JavaThread "ClassGraph-worker-42"       daemon [_thread_blocked, id=163060, stack(0x000000258fc00000,0x000000258fd00000) (1024K)]
  0x000001e51e9a9dc0 JavaThread "ClassGraph-worker-43"       daemon [_thread_blocked, id=185264, stack(0x000000258fd00000,0x000000258fe00000) (1024K)]
  0x000001e51e9aaae0 JavaThread "ClassGraph-worker-44"       daemon [_thread_blocked, id=192652, stack(0x000000258fe00000,0x000000258ff00000) (1024K)]
  0x000001e51e9aa450 JavaThread "ClassGraph-worker-45"       daemon [_thread_blocked, id=190104, stack(0x000000258ff00000,0x0000002590000000) (1024K)]
  0x000001e51e9ab170 JavaThread "ClassGraph-worker-46"       daemon [_thread_blocked, id=180504, stack(0x0000002590000000,0x0000002590100000) (1024K)]
  0x000001e51a37d880 JavaThread "ClassGraph-worker-47"       daemon [_thread_blocked, id=177212, stack(0x0000002590100000,0x0000002590200000) (1024K)]
  0x000001e51a37b120 JavaThread "ClassGraph-worker-48"       daemon [_thread_blocked, id=190052, stack(0x0000002590200000,0x0000002590300000) (1024K)]
  0x000001e51a37c4d0 JavaThread "ClassGraph-worker-49"       daemon [_thread_blocked, id=195100, stack(0x0000002590300000,0x0000002590400000) (1024K)]
  0x000001e51a37df10 JavaThread "ClassGraph-worker-50"       daemon [_thread_blocked, id=13984, stack(0x0000002590400000,0x0000002590500000) (1024K)]
  0x000001e51a37b7b0 JavaThread "ClassGraph-worker-51"       daemon [_thread_blocked, id=150856, stack(0x0000002590500000,0x0000002590600000) (1024K)]
  0x000001e51f05a2e0 JavaThread "ClassGraph-worker-52"       daemon [_thread_blocked, id=163356, stack(0x0000002590600000,0x0000002590700000) (1024K)]
  0x000001e51f05a970 JavaThread "ClassGraph-worker-53"       daemon [_thread_blocked, id=176888, stack(0x0000002590700000,0x0000002590800000) (1024K)]
  0x000001e51f05b000 JavaThread "ClassGraph-worker-54"       daemon [_thread_blocked, id=166732, stack(0x0000002590800000,0x0000002590900000) (1024K)]
  0x000001e51f05b690 JavaThread "ClassGraph-worker-55"       daemon [_thread_blocked, id=173576, stack(0x0000002590900000,0x0000002590a00000) (1024K)]
  0x000001e51f0595c0 JavaThread "ClassGraph-worker-56"       daemon [_thread_blocked, id=98260, stack(0x0000002590a00000,0x0000002590b00000) (1024K)]
  0x000001e51f059c50 JavaThread "ClassGraph-worker-57"       daemon [_thread_blocked, id=176600, stack(0x0000002590b00000,0x0000002590c00000) (1024K)]
Total: 51

Other Threads:
=>0x000001e4d061da60 VMThread "VM Thread"                           [id=194792, stack(0x000000258c300000,0x000000258c400000) (1024K)]
  0x000001e4d36d19e0 WatcherThread "VM Periodic Task Thread"        [id=146420, stack(0x000000258c200000,0x000000258c300000) (1024K)]
  0x000001e4d0490780 WorkerThread "GC Thread#0"                     [id=177840, stack(0x000000258bd00000,0x000000258be00000) (1024K)]
  0x000001e519951330 WorkerThread "GC Thread#1"                     [id=167588, stack(0x000000258d900000,0x000000258da00000) (1024K)]
  0x000001e519fa83a0 WorkerThread "GC Thread#2"                     [id=189188, stack(0x000000258da00000,0x000000258db00000) (1024K)]
  0x000001e51a159d70 WorkerThread "GC Thread#3"                     [id=189684, stack(0x000000258db00000,0x000000258dc00000) (1024K)]
  0x000001e51a15a110 WorkerThread "GC Thread#4"                     [id=95020, stack(0x000000258dc00000,0x000000258dd00000) (1024K)]
  0x000001e51a1d8bc0 WorkerThread "GC Thread#5"                     [id=161648, stack(0x000000258dd00000,0x000000258de00000) (1024K)]
  0x000001e51a1d8f60 WorkerThread "GC Thread#6"                     [id=193144, stack(0x000000258de00000,0x000000258df00000) (1024K)]
  0x000001e51a16c4d0 WorkerThread "GC Thread#7"                     [id=160388, stack(0x000000258df00000,0x000000258e000000) (1024K)]
  0x000001e51a16c870 WorkerThread "GC Thread#8"                     [id=166652, stack(0x000000258e000000,0x000000258e100000) (1024K)]
  0x000001e5195ee920 WorkerThread "GC Thread#9"                     [id=178628, stack(0x000000258e100000,0x000000258e200000) (1024K)]
  0x000001e5195eecc0 WorkerThread "GC Thread#10"                    [id=191068, stack(0x000000258e200000,0x000000258e300000) (1024K)]
  0x000001e51a158190 WorkerThread "GC Thread#11"                    [id=191508, stack(0x000000258e300000,0x000000258e400000) (1024K)]
  0x000001e51a118280 WorkerThread "GC Thread#12"                    [id=112780, stack(0x000000258ea00000,0x000000258eb00000) (1024K)]
  0x000001e51a1194a0 WorkerThread "GC Thread#13"                    [id=190784, stack(0x000000258eb00000,0x000000258ec00000) (1024K)]
  0x000001e51a117ee0 WorkerThread "GC Thread#14"                    [id=193532, stack(0x000000258ec00000,0x000000258ed00000) (1024K)]
  0x000001e4ae427d80 ConcurrentGCThread "G1 Main Marker"            [id=179204, stack(0x000000258be00000,0x000000258bf00000) (1024K)]
  0x000001e4ae428780 WorkerThread "G1 Conc#0"                       [id=5208, stack(0x000000258bf00000,0x000000258c000000) (1024K)]
  0x000001e51a118d60 WorkerThread "G1 Conc#1"                       [id=179192, stack(0x000000258ed00000,0x000000258ee00000) (1024K)]
  0x000001e51a6fbdf0 WorkerThread "G1 Conc#2"                       [id=175692, stack(0x000000258ee00000,0x000000258ef00000) (1024K)]
  0x000001e51a6faf70 WorkerThread "G1 Conc#3"                       [id=132908, stack(0x000000258ef00000,0x000000258f000000) (1024K)]
  0x000001e4d054e760 ConcurrentGCThread "G1 Refine#0"               [id=160612, stack(0x000000258c000000,0x000000258c100000) (1024K)]
  0x000001e4d054f070 ConcurrentGCThread "G1 Service"                [id=187584, stack(0x000000258c100000,0x000000258c200000) (1024K)]
Total: 24

Threads with active compile tasks:
Total: 0

VM state: at safepoint (normal execution)

VM Mutex/Monitor currently owned by a thread:  ([mutex/lock_event])
[0x00007fffc76dde98] Threads_lock - owner thread: 0x000001e4d061da60
[0x00007fffc76ddf98] Heap_lock - owner thread: 0x000001e51a37d880

Heap address: 0x0000000604c00000, size: 8116 MB, Compressed Oops mode: Zero based, Oop shift amount: 3

CDS archive(s) mapped at: [0x000001e4d4000000-0x000001e4d4c90000-0x000001e4d4c90000), size 13172736, SharedBaseAddress: 0x000001e4d4000000, ArchiveRelocationMode: 1.
Compressed class space mapped at: 0x000001e4d5000000-0x000001e515000000, reserved size: 1073741824
Narrow klass base: 0x000001e4d4000000, Narrow klass shift: 0, Narrow klass range: 0x100000000

GC Precious Log:
 CardTable entry size: 512
 Card Set container configuration: InlinePtr #cards 4 size 8 Array Of Cards #cards 32 size 80 Howl #buckets 8 coarsen threshold 7372 Howl Bitmap #cards 1024 size 144 coarsen threshold 921 Card regions per heap region 1 cards per card region 8192
 CPUs: 20 total, 20 available
 Memory: 32452M
 Large Page Support: Disabled
 NUMA Support: Disabled
 Compressed Oops: Enabled (Zero based)
 Heap Region Size: 4M
 Heap Min Capacity: 8M
 Heap Initial Capacity: 508M
 Heap Max Capacity: 8116M
 Pre-touch: Disabled
 Parallel Workers: 15
 Concurrent Workers: 4
 Concurrent Refinement Workers: 15
 Periodic GC: Disabled

Heap:
 garbage-first heap   total 880640K, used 322603K [0x0000000604c00000, 0x0000000800000000)
  region size 4096K, 15 young (61440K), 15 survivors (61440K)
 Metaspace       used 42314K, committed 43008K, reserved 1114112K
  class space    used 5542K, committed 5888K, reserved 1048576K

Heap Regions: E=young(eden), S=young(survivor), O=old, HS=humongous(starts), HC=humongous(continues), CS=collection set, F=free, TAMS=top-at-mark-start, PB=parsable bottom
|   0|0x0000000604c00000, 0x0000000605000000, 0x0000000605000000|100%| O|  |TAMS 0x0000000604c00000| PB 0x0000000604c00000| Untracked 
|   1|0x0000000605000000, 0x0000000605400000, 0x0000000605400000|100%| O|  |TAMS 0x0000000605000000| PB 0x0000000605000000| Untracked 
|   2|0x0000000605400000, 0x0000000605800000, 0x0000000605800000|100%| O|  |TAMS 0x0000000605400000| PB 0x0000000605400000| Untracked 
|   3|0x0000000605800000, 0x0000000605c00000, 0x0000000605c00000|100%| O|  |TAMS 0x0000000605800000| PB 0x0000000605800000| Untracked 
|   4|0x0000000605c00000, 0x0000000606000000, 0x0000000606000000|100%| O|  |TAMS 0x0000000605c00000| PB 0x0000000605c00000| Untracked 
|   5|0x0000000606000000, 0x0000000606400000, 0x0000000606400000|100%| O|  |TAMS 0x0000000606000000| PB 0x0000000606000000| Untracked 
|   6|0x0000000606400000, 0x0000000606800000, 0x0000000606800000|100%| O|  |TAMS 0x0000000606400000| PB 0x0000000606400000| Untracked 
|   7|0x0000000606800000, 0x0000000606c00000, 0x0000000606c00000|100%| O|  |TAMS 0x0000000606800000| PB 0x0000000606800000| Untracked 
|   8|0x0000000606c00000, 0x0000000607000000, 0x0000000607000000|100%| O|  |TAMS 0x0000000606c00000| PB 0x0000000606c00000| Untracked 
|   9|0x0000000607000000, 0x0000000607400000, 0x0000000607400000|100%| O|  |TAMS 0x0000000607000000| PB 0x0000000607000000| Untracked 
|  10|0x0000000607400000, 0x0000000607800000, 0x0000000607800000|100%| O|  |TAMS 0x0000000607400000| PB 0x0000000607400000| Untracked 
|  11|0x0000000607800000, 0x0000000607c00000, 0x0000000607c00000|100%| O|  |TAMS 0x0000000607800000| PB 0x0000000607800000| Untracked 
|  12|0x0000000607c00000, 0x0000000608000000, 0x0000000608000000|100%| O|  |TAMS 0x0000000607c00000| PB 0x0000000607c00000| Untracked 
|  13|0x0000000608000000, 0x0000000608400000, 0x0000000608400000|100%| O|  |TAMS 0x0000000608000000| PB 0x0000000608000000| Untracked 
|  14|0x0000000608400000, 0x0000000608800000, 0x0000000608800000|100%| O|  |TAMS 0x0000000608400000| PB 0x0000000608400000| Untracked 
|  15|0x0000000608800000, 0x0000000608c00000, 0x0000000608c00000|100%| O|  |TAMS 0x0000000608800000| PB 0x0000000608800000| Untracked 
|  16|0x0000000608c00000, 0x0000000609000000, 0x0000000609000000|100%| O|  |TAMS 0x0000000608c00000| PB 0x0000000608c00000| Untracked 
|  17|0x0000000609000000, 0x0000000609400000, 0x0000000609400000|100%| O|  |TAMS 0x0000000609000000| PB 0x0000000609000000| Untracked 
|  18|0x0000000609400000, 0x0000000609800000, 0x0000000609800000|100%| O|  |TAMS 0x0000000609400000| PB 0x0000000609400000| Untracked 
|  19|0x0000000609800000, 0x0000000609c00000, 0x0000000609c00000|100%| O|  |TAMS 0x0000000609800000| PB 0x0000000609800000| Untracked 
|  20|0x0000000609c00000, 0x000000060a000000, 0x000000060a000000|100%| O|  |TAMS 0x0000000609c00000| PB 0x0000000609c00000| Untracked 
|  21|0x000000060a000000, 0x000000060a400000, 0x000000060a400000|100%| O|  |TAMS 0x000000060a000000| PB 0x000000060a000000| Untracked 
|  22|0x000000060a400000, 0x000000060a800000, 0x000000060a800000|100%| O|  |TAMS 0x000000060a400000| PB 0x000000060a400000| Untracked 
|  23|0x000000060a800000, 0x000000060ac00000, 0x000000060ac00000|100%| O|  |TAMS 0x000000060a800000| PB 0x000000060a800000| Untracked 
|  24|0x000000060ac00000, 0x000000060b000000, 0x000000060b000000|100%| O|  |TAMS 0x000000060ac00000| PB 0x000000060ac00000| Untracked 
|  25|0x000000060b000000, 0x000000060b400000, 0x000000060b400000|100%| O|  |TAMS 0x000000060b000000| PB 0x000000060b000000| Untracked 
|  26|0x000000060b400000, 0x000000060b800000, 0x000000060b800000|100%| O|  |TAMS 0x000000060b400000| PB 0x000000060b400000| Untracked 
|  27|0x000000060b800000, 0x000000060bc00000, 0x000000060bc00000|100%| O|  |TAMS 0x000000060b800000| PB 0x000000060b800000| Untracked 
|  28|0x000000060bc00000, 0x000000060c000000, 0x000000060c000000|100%| O|  |TAMS 0x000000060bc00000| PB 0x000000060bc00000| Untracked 
|  29|0x000000060c000000, 0x000000060c400000, 0x000000060c400000|100%|HS|  |TAMS 0x000000060c000000| PB 0x000000060c000000| Complete 
|  30|0x000000060c400000, 0x000000060c800000, 0x000000060c800000|100%| O|  |TAMS 0x000000060c400000| PB 0x000000060c400000| Untracked 
|  31|0x000000060c800000, 0x000000060cc00000, 0x000000060cc00000|100%| O|  |TAMS 0x000000060c800000| PB 0x000000060c800000| Untracked 
|  32|0x000000060cc00000, 0x000000060d000000, 0x000000060d000000|100%| O|  |TAMS 0x000000060cc00000| PB 0x000000060cc00000| Untracked 
|  33|0x000000060d000000, 0x000000060d400000, 0x000000060d400000|100%| O|  |TAMS 0x000000060d000000| PB 0x000000060d000000| Untracked 
|  34|0x000000060d400000, 0x000000060d800000, 0x000000060d800000|100%| O|  |TAMS 0x000000060d400000| PB 0x000000060d400000| Untracked 
|  35|0x000000060d800000, 0x000000060dc00000, 0x000000060dc00000|100%| O|  |TAMS 0x000000060d800000| PB 0x000000060d800000| Untracked 
|  36|0x000000060dc00000, 0x000000060e000000, 0x000000060e000000|100%| O|  |TAMS 0x000000060dc00000| PB 0x000000060dc00000| Untracked 
|  37|0x000000060e000000, 0x000000060e400000, 0x000000060e400000|100%| O|  |TAMS 0x000000060e000000| PB 0x000000060e000000| Untracked 
|  38|0x000000060e400000, 0x000000060e800000, 0x000000060e800000|100%| O|  |TAMS 0x000000060e400000| PB 0x000000060e400000| Untracked 
|  39|0x000000060e800000, 0x000000060ec00000, 0x000000060ec00000|100%| O|  |TAMS 0x000000060e800000| PB 0x000000060e800000| Untracked 
|  40|0x000000060ec00000, 0x000000060f000000, 0x000000060f000000|100%| O|  |TAMS 0x000000060ec00000| PB 0x000000060ec00000| Untracked 
|  41|0x000000060f000000, 0x000000060f400000, 0x000000060f400000|100%| O|  |TAMS 0x000000060f000000| PB 0x000000060f000000| Untracked 
|  42|0x000000060f400000, 0x000000060f800000, 0x000000060f800000|100%| O|  |TAMS 0x000000060f400000| PB 0x000000060f400000| Untracked 
|  43|0x000000060f800000, 0x000000060fc00000, 0x000000060fc00000|100%| O|  |TAMS 0x000000060f800000| PB 0x000000060f800000| Untracked 
|  44|0x000000060fc00000, 0x0000000610000000, 0x0000000610000000|100%| O|  |TAMS 0x000000060fc00000| PB 0x000000060fc00000| Untracked 
|  45|0x0000000610000000, 0x0000000610400000, 0x0000000610400000|100%| O|  |TAMS 0x0000000610000000| PB 0x0000000610000000| Untracked 
|  46|0x0000000610400000, 0x0000000610800000, 0x0000000610800000|100%| O|  |TAMS 0x0000000610400000| PB 0x0000000610400000| Untracked 
|  47|0x0000000610800000, 0x0000000610c00000, 0x0000000610c00000|100%| O|  |TAMS 0x0000000610800000| PB 0x0000000610800000| Untracked 
|  48|0x0000000610c00000, 0x0000000611000000, 0x0000000611000000|100%| O|  |TAMS 0x0000000610c00000| PB 0x0000000610c00000| Untracked 
|  49|0x0000000611000000, 0x0000000611400000, 0x0000000611400000|100%| O|  |TAMS 0x0000000611000000| PB 0x0000000611000000| Untracked 
|  50|0x0000000611400000, 0x0000000611800000, 0x0000000611800000|100%| O|  |TAMS 0x0000000611400000| PB 0x0000000611400000| Untracked 
|  51|0x0000000611800000, 0x0000000611c00000, 0x0000000611c00000|100%| O|  |TAMS 0x0000000611800000| PB 0x0000000611800000| Untracked 
|  52|0x0000000611c00000, 0x0000000612000000, 0x0000000612000000|100%| O|  |TAMS 0x0000000611c00000| PB 0x0000000611c00000| Untracked 
|  53|0x0000000612000000, 0x0000000612400000, 0x0000000612400000|100%| O|  |TAMS 0x0000000612000000| PB 0x0000000612000000| Untracked 
|  54|0x0000000612400000, 0x0000000612800000, 0x0000000612800000|100%| O|  |TAMS 0x0000000612400000| PB 0x0000000612400000| Untracked 
|  55|0x0000000612800000, 0x0000000612c00000, 0x0000000612c00000|100%| O|  |TAMS 0x0000000612800000| PB 0x0000000612800000| Untracked 
|  56|0x0000000612c00000, 0x0000000613000000, 0x0000000613000000|100%| O|  |TAMS 0x0000000612c00000| PB 0x0000000612c00000| Untracked 
|  57|0x0000000613000000, 0x0000000613400000, 0x0000000613400000|100%| O|  |TAMS 0x0000000613000000| PB 0x0000000613000000| Untracked 
|  58|0x0000000613400000, 0x0000000613800000, 0x0000000613800000|100%| O|  |TAMS 0x0000000613400000| PB 0x0000000613400000| Untracked 
|  59|0x0000000613800000, 0x0000000613c00000, 0x0000000613c00000|100%| O|  |TAMS 0x0000000613800000| PB 0x0000000613800000| Untracked 
|  60|0x0000000613c00000, 0x0000000614000000, 0x0000000614000000|100%| O|  |TAMS 0x0000000613c00000| PB 0x0000000613c00000| Untracked 
|  61|0x0000000614000000, 0x0000000614400000, 0x0000000614400000|100%| O|  |TAMS 0x0000000614000000| PB 0x0000000614000000| Untracked 
|  62|0x0000000614400000, 0x0000000614800000, 0x0000000614800000|100%| O|  |TAMS 0x0000000614400000| PB 0x0000000614400000| Untracked 
|  63|0x0000000614800000, 0x00000006148b4d20, 0x0000000614c00000| 17%| O|  |TAMS 0x0000000614800000| PB 0x0000000614800000| Untracked 
|  64|0x0000000614c00000, 0x0000000615000000, 0x0000000615000000|100%|HS|  |TAMS 0x0000000614c00000| PB 0x0000000614c00000| Complete 
|  65|0x0000000615000000, 0x0000000615000000, 0x0000000615400000|  0%| F|  |TAMS 0x0000000615000000| PB 0x0000000615000000| Untracked 
|  66|0x0000000615400000, 0x0000000615400000, 0x0000000615800000|  0%| F|  |TAMS 0x0000000615400000| PB 0x0000000615400000| Untracked 
|  67|0x0000000615800000, 0x0000000615800000, 0x0000000615c00000|  0%| F|  |TAMS 0x0000000615800000| PB 0x0000000615800000| Untracked 
|  68|0x0000000615c00000, 0x0000000615c00000, 0x0000000616000000|  0%| F|  |TAMS 0x0000000615c00000| PB 0x0000000615c00000| Untracked 
|  69|0x0000000616000000, 0x0000000616000000, 0x0000000616400000|  0%| F|  |TAMS 0x0000000616000000| PB 0x0000000616000000| Untracked 
|  70|0x0000000616400000, 0x0000000616400000, 0x0000000616800000|  0%| F|  |TAMS 0x0000000616400000| PB 0x0000000616400000| Untracked 
|  71|0x0000000616800000, 0x0000000616800000, 0x0000000616c00000|  0%| F|  |TAMS 0x0000000616800000| PB 0x0000000616800000| Untracked 
|  72|0x0000000616c00000, 0x0000000616c00000, 0x0000000617000000|  0%| F|  |TAMS 0x0000000616c00000| PB 0x0000000616c00000| Untracked 
|  73|0x0000000617000000, 0x0000000617000000, 0x0000000617400000|  0%| F|  |TAMS 0x0000000617000000| PB 0x0000000617000000| Untracked 
|  74|0x0000000617400000, 0x0000000617400000, 0x0000000617800000|  0%| F|  |TAMS 0x0000000617400000| PB 0x0000000617400000| Untracked 
|  75|0x0000000617800000, 0x0000000617800000, 0x0000000617c00000|  0%| F|  |TAMS 0x0000000617800000| PB 0x0000000617800000| Untracked 
|  76|0x0000000617c00000, 0x0000000617c00000, 0x0000000618000000|  0%| F|  |TAMS 0x0000000617c00000| PB 0x0000000617c00000| Untracked 
|  77|0x0000000618000000, 0x0000000618000000, 0x0000000618400000|  0%| F|  |TAMS 0x0000000618000000| PB 0x0000000618000000| Untracked 
|  78|0x0000000618400000, 0x0000000618400000, 0x0000000618800000|  0%| F|  |TAMS 0x0000000618400000| PB 0x0000000618400000| Untracked 
|  79|0x0000000618800000, 0x0000000618800000, 0x0000000618c00000|  0%| F|  |TAMS 0x0000000618800000| PB 0x0000000618800000| Untracked 
|  80|0x0000000618c00000, 0x0000000618c00000, 0x0000000619000000|  0%| F|  |TAMS 0x0000000618c00000| PB 0x0000000618c00000| Untracked 
|  81|0x0000000619000000, 0x0000000619000000, 0x0000000619400000|  0%| F|  |TAMS 0x0000000619000000| PB 0x0000000619000000| Untracked 
|  82|0x0000000619400000, 0x0000000619400000, 0x0000000619800000|  0%| F|  |TAMS 0x0000000619400000| PB 0x0000000619400000| Untracked 
|  83|0x0000000619800000, 0x0000000619a55f90, 0x0000000619c00000| 58%| S|CS|TAMS 0x0000000619800000| PB 0x0000000619800000| Complete 
|  84|0x0000000619c00000, 0x000000061a000000, 0x000000061a000000|100%| S|CS|TAMS 0x0000000619c00000| PB 0x0000000619c00000| Complete 
|  85|0x000000061a000000, 0x000000061a400000, 0x000000061a400000|100%| S|CS|TAMS 0x000000061a000000| PB 0x000000061a000000| Complete 
|  86|0x000000061a400000, 0x000000061a800000, 0x000000061a800000|100%| S|CS|TAMS 0x000000061a400000| PB 0x000000061a400000| Complete 
|  87|0x000000061a800000, 0x000000061ac00000, 0x000000061ac00000|100%| S|CS|TAMS 0x000000061a800000| PB 0x000000061a800000| Complete 
|  88|0x000000061ac00000, 0x000000061b000000, 0x000000061b000000|100%| S|CS|TAMS 0x000000061ac00000| PB 0x000000061ac00000| Complete 
|  89|0x000000061b000000, 0x000000061b400000, 0x000000061b400000|100%| S|CS|TAMS 0x000000061b000000| PB 0x000000061b000000| Complete 
|  90|0x000000061b400000, 0x000000061b800000, 0x000000061b800000|100%| S|CS|TAMS 0x000000061b400000| PB 0x000000061b400000| Complete 
|  91|0x000000061b800000, 0x000000061bc00000, 0x000000061bc00000|100%| S|CS|TAMS 0x000000061b800000| PB 0x000000061b800000| Complete 
|  92|0x000000061bc00000, 0x000000061bc00000, 0x000000061c000000|  0%| F|  |TAMS 0x000000061bc00000| PB 0x000000061bc00000| Untracked 
|  93|0x000000061c000000, 0x000000061c000000, 0x000000061c400000|  0%| F|  |TAMS 0x000000061c000000| PB 0x000000061c000000| Untracked 
|  94|0x000000061c400000, 0x000000061c400000, 0x000000061c800000|  0%| F|  |TAMS 0x000000061c400000| PB 0x000000061c400000| Untracked 
|  95|0x000000061c800000, 0x000000061cc00000, 0x000000061cc00000|100%| S|CS|TAMS 0x000000061c800000| PB 0x000000061c800000| Complete 
|  96|0x000000061cc00000, 0x000000061d000000, 0x000000061d000000|100%| S|CS|TAMS 0x000000061cc00000| PB 0x000000061cc00000| Complete 
|  97|0x000000061d000000, 0x000000061d400000, 0x000000061d400000|100%| S|CS|TAMS 0x000000061d000000| PB 0x000000061d000000| Complete 
|  98|0x000000061d400000, 0x000000061d800000, 0x000000061d800000|100%| S|CS|TAMS 0x000000061d400000| PB 0x000000061d400000| Complete 
|  99|0x000000061d800000, 0x000000061dc00000, 0x000000061dc00000|100%| S|CS|TAMS 0x000000061d800000| PB 0x000000061d800000| Complete 
| 100|0x000000061dc00000, 0x000000061e000000, 0x000000061e000000|100%| S|CS|TAMS 0x000000061dc00000| PB 0x000000061dc00000| Complete 
| 101|0x000000061e000000, 0x000000061e000000, 0x000000061e400000|  0%| F|  |TAMS 0x000000061e000000| PB 0x000000061e000000| Untracked 
| 102|0x000000061e400000, 0x000000061e400000, 0x000000061e800000|  0%| F|  |TAMS 0x000000061e400000| PB 0x000000061e400000| Untracked 
| 103|0x000000061e800000, 0x000000061e800000, 0x000000061ec00000|  0%| F|  |TAMS 0x000000061e800000| PB 0x000000061e800000| Untracked 
| 104|0x000000061ec00000, 0x000000061ec00000, 0x000000061f000000|  0%| F|  |TAMS 0x000000061ec00000| PB 0x000000061ec00000| Untracked 
| 105|0x000000061f000000, 0x000000061f000000, 0x000000061f400000|  0%| F|  |TAMS 0x000000061f000000| PB 0x000000061f000000| Untracked 
| 106|0x000000061f400000, 0x000000061f400000, 0x000000061f800000|  0%| F|  |TAMS 0x000000061f400000| PB 0x000000061f400000| Untracked 
| 107|0x000000061f800000, 0x000000061f800000, 0x000000061fc00000|  0%| F|  |TAMS 0x000000061f800000| PB 0x000000061f800000| Untracked 
| 108|0x000000061fc00000, 0x000000061fc00000, 0x0000000620000000|  0%| F|  |TAMS 0x000000061fc00000| PB 0x000000061fc00000| Untracked 
| 109|0x0000000620000000, 0x0000000620000000, 0x0000000620400000|  0%| F|  |TAMS 0x0000000620000000| PB 0x0000000620000000| Untracked 
| 110|0x0000000620400000, 0x0000000620400000, 0x0000000620800000|  0%| F|  |TAMS 0x0000000620400000| PB 0x0000000620400000| Untracked 
| 111|0x0000000620800000, 0x0000000620800000, 0x0000000620c00000|  0%| F|  |TAMS 0x0000000620800000| PB 0x0000000620800000| Untracked 
| 112|0x0000000620c00000, 0x0000000620c00000, 0x0000000621000000|  0%| F|  |TAMS 0x0000000620c00000| PB 0x0000000620c00000| Untracked 
| 113|0x0000000621000000, 0x0000000621000000, 0x0000000621400000|  0%| F|  |TAMS 0x0000000621000000| PB 0x0000000621000000| Untracked 
| 114|0x0000000621400000, 0x0000000621400000, 0x0000000621800000|  0%| F|  |TAMS 0x0000000621400000| PB 0x0000000621400000| Untracked 
| 115|0x0000000621800000, 0x0000000621800000, 0x0000000621c00000|  0%| F|  |TAMS 0x0000000621800000| PB 0x0000000621800000| Untracked 
| 116|0x0000000621c00000, 0x0000000621c00000, 0x0000000622000000|  0%| F|  |TAMS 0x0000000621c00000| PB 0x0000000621c00000| Untracked 
| 117|0x0000000622000000, 0x0000000622000000, 0x0000000622400000|  0%| F|  |TAMS 0x0000000622000000| PB 0x0000000622000000| Untracked 
| 118|0x0000000622400000, 0x0000000622400000, 0x0000000622800000|  0%| F|  |TAMS 0x0000000622400000| PB 0x0000000622400000| Untracked 
| 119|0x0000000622800000, 0x0000000622800000, 0x0000000622c00000|  0%| F|  |TAMS 0x0000000622800000| PB 0x0000000622800000| Untracked 
| 120|0x0000000622c00000, 0x0000000622c00000, 0x0000000623000000|  0%| F|  |TAMS 0x0000000622c00000| PB 0x0000000622c00000| Untracked 
| 121|0x0000000623000000, 0x0000000623000000, 0x0000000623400000|  0%| F|  |TAMS 0x0000000623000000| PB 0x0000000623000000| Untracked 
| 122|0x0000000623400000, 0x0000000623400000, 0x0000000623800000|  0%| F|  |TAMS 0x0000000623400000| PB 0x0000000623400000| Untracked 
| 123|0x0000000623800000, 0x0000000623800000, 0x0000000623c00000|  0%| F|  |TAMS 0x0000000623800000| PB 0x0000000623800000| Untracked 
| 124|0x0000000623c00000, 0x0000000623c00000, 0x0000000624000000|  0%| F|  |TAMS 0x0000000623c00000| PB 0x0000000623c00000| Untracked 
| 125|0x0000000624000000, 0x0000000624000000, 0x0000000624400000|  0%| F|  |TAMS 0x0000000624000000| PB 0x0000000624000000| Untracked 
| 126|0x0000000624400000, 0x0000000624400000, 0x0000000624800000|  0%| F|  |TAMS 0x0000000624400000| PB 0x0000000624400000| Untracked 
| 127|0x0000000624800000, 0x0000000624800000, 0x0000000624c00000|  0%| F|  |TAMS 0x0000000624800000| PB 0x0000000624800000| Untracked 
| 128|0x0000000624c00000, 0x0000000624c00000, 0x0000000625000000|  0%| F|  |TAMS 0x0000000624c00000| PB 0x0000000624c00000| Untracked 
| 129|0x0000000625000000, 0x0000000625000000, 0x0000000625400000|  0%| F|  |TAMS 0x0000000625000000| PB 0x0000000625000000| Untracked 
| 130|0x0000000625400000, 0x0000000625400000, 0x0000000625800000|  0%| F|  |TAMS 0x0000000625400000| PB 0x0000000625400000| Untracked 
| 131|0x0000000625800000, 0x0000000625800000, 0x0000000625c00000|  0%| F|  |TAMS 0x0000000625800000| PB 0x0000000625800000| Untracked 
| 132|0x0000000625c00000, 0x0000000625c00000, 0x0000000626000000|  0%| F|  |TAMS 0x0000000625c00000| PB 0x0000000625c00000| Untracked 
| 133|0x0000000626000000, 0x0000000626000000, 0x0000000626400000|  0%| F|  |TAMS 0x0000000626000000| PB 0x0000000626000000| Untracked 
| 134|0x0000000626400000, 0x0000000626400000, 0x0000000626800000|  0%| F|  |TAMS 0x0000000626400000| PB 0x0000000626400000| Untracked 
| 135|0x0000000626800000, 0x0000000626800000, 0x0000000626c00000|  0%| F|  |TAMS 0x0000000626800000| PB 0x0000000626800000| Untracked 
| 136|0x0000000626c00000, 0x0000000626c00000, 0x0000000627000000|  0%| F|  |TAMS 0x0000000626c00000| PB 0x0000000626c00000| Untracked 
| 137|0x0000000627000000, 0x0000000627000000, 0x0000000627400000|  0%| F|  |TAMS 0x0000000627000000| PB 0x0000000627000000| Untracked 
| 138|0x0000000627400000, 0x0000000627400000, 0x0000000627800000|  0%| F|  |TAMS 0x0000000627400000| PB 0x0000000627400000| Untracked 
| 139|0x0000000627800000, 0x0000000627800000, 0x0000000627c00000|  0%| F|  |TAMS 0x0000000627800000| PB 0x0000000627800000| Untracked 
| 140|0x0000000627c00000, 0x0000000627c00000, 0x0000000628000000|  0%| F|  |TAMS 0x0000000627c00000| PB 0x0000000627c00000| Untracked 
| 141|0x0000000628000000, 0x0000000628000000, 0x0000000628400000|  0%| F|  |TAMS 0x0000000628000000| PB 0x0000000628000000| Untracked 
| 142|0x0000000628400000, 0x0000000628400000, 0x0000000628800000|  0%| F|  |TAMS 0x0000000628400000| PB 0x0000000628400000| Untracked 
| 143|0x0000000628800000, 0x0000000628800000, 0x0000000628c00000|  0%| F|  |TAMS 0x0000000628800000| PB 0x0000000628800000| Untracked 
| 144|0x0000000628c00000, 0x0000000628c00000, 0x0000000629000000|  0%| F|  |TAMS 0x0000000628c00000| PB 0x0000000628c00000| Untracked 
| 145|0x0000000629000000, 0x0000000629000000, 0x0000000629400000|  0%| F|  |TAMS 0x0000000629000000| PB 0x0000000629000000| Untracked 
| 146|0x0000000629400000, 0x0000000629400000, 0x0000000629800000|  0%| F|  |TAMS 0x0000000629400000| PB 0x0000000629400000| Untracked 
| 147|0x0000000629800000, 0x0000000629800000, 0x0000000629c00000|  0%| F|  |TAMS 0x0000000629800000| PB 0x0000000629800000| Untracked 
| 148|0x0000000629c00000, 0x0000000629c00000, 0x000000062a000000|  0%| F|  |TAMS 0x0000000629c00000| PB 0x0000000629c00000| Untracked 
| 149|0x000000062a000000, 0x000000062a000000, 0x000000062a400000|  0%| F|  |TAMS 0x000000062a000000| PB 0x000000062a000000| Untracked 
| 150|0x000000062a400000, 0x000000062a400000, 0x000000062a800000|  0%| F|  |TAMS 0x000000062a400000| PB 0x000000062a400000| Untracked 
| 151|0x000000062a800000, 0x000000062a800000, 0x000000062ac00000|  0%| F|  |TAMS 0x000000062a800000| PB 0x000000062a800000| Untracked 
| 152|0x000000062ac00000, 0x000000062ac00000, 0x000000062b000000|  0%| F|  |TAMS 0x000000062ac00000| PB 0x000000062ac00000| Untracked 
| 153|0x000000062b000000, 0x000000062b000000, 0x000000062b400000|  0%| F|  |TAMS 0x000000062b000000| PB 0x000000062b000000| Untracked 
| 154|0x000000062b400000, 0x000000062b400000, 0x000000062b800000|  0%| F|  |TAMS 0x000000062b400000| PB 0x000000062b400000| Untracked 
| 155|0x000000062b800000, 0x000000062b800000, 0x000000062bc00000|  0%| F|  |TAMS 0x000000062b800000| PB 0x000000062b800000| Untracked 
| 156|0x000000062bc00000, 0x000000062bc00000, 0x000000062c000000|  0%| F|  |TAMS 0x000000062bc00000| PB 0x000000062bc00000| Untracked 
| 157|0x000000062c000000, 0x000000062c000000, 0x000000062c400000|  0%| F|  |TAMS 0x000000062c000000| PB 0x000000062c000000| Untracked 
| 158|0x000000062c400000, 0x000000062c400000, 0x000000062c800000|  0%| F|  |TAMS 0x000000062c400000| PB 0x000000062c400000| Untracked 
| 159|0x000000062c800000, 0x000000062c800000, 0x000000062cc00000|  0%| F|  |TAMS 0x000000062c800000| PB 0x000000062c800000| Untracked 
| 160|0x000000062cc00000, 0x000000062cc00000, 0x000000062d000000|  0%| F|  |TAMS 0x000000062cc00000| PB 0x000000062cc00000| Untracked 
| 161|0x000000062d000000, 0x000000062d000000, 0x000000062d400000|  0%| F|  |TAMS 0x000000062d000000| PB 0x000000062d000000| Untracked 
| 162|0x000000062d400000, 0x000000062d400000, 0x000000062d800000|  0%| F|  |TAMS 0x000000062d400000| PB 0x000000062d400000| Untracked 
| 163|0x000000062d800000, 0x000000062d800000, 0x000000062dc00000|  0%| F|  |TAMS 0x000000062d800000| PB 0x000000062d800000| Untracked 
| 164|0x000000062dc00000, 0x000000062dc00000, 0x000000062e000000|  0%| F|  |TAMS 0x000000062dc00000| PB 0x000000062dc00000| Untracked 
| 165|0x000000062e000000, 0x000000062e000000, 0x000000062e400000|  0%| F|  |TAMS 0x000000062e000000| PB 0x000000062e000000| Untracked 
| 166|0x000000062e400000, 0x000000062e400000, 0x000000062e800000|  0%| F|  |TAMS 0x000000062e400000| PB 0x000000062e400000| Untracked 
| 167|0x000000062e800000, 0x000000062e800000, 0x000000062ec00000|  0%| F|  |TAMS 0x000000062e800000| PB 0x000000062e800000| Untracked 
| 168|0x000000062ec00000, 0x000000062ec00000, 0x000000062f000000|  0%| F|  |TAMS 0x000000062ec00000| PB 0x000000062ec00000| Untracked 
| 169|0x000000062f000000, 0x000000062f000000, 0x000000062f400000|  0%| F|  |TAMS 0x000000062f000000| PB 0x000000062f000000| Untracked 
| 170|0x000000062f400000, 0x000000062f400000, 0x000000062f800000|  0%| F|  |TAMS 0x000000062f400000| PB 0x000000062f400000| Untracked 
| 171|0x000000062f800000, 0x000000062f800000, 0x000000062fc00000|  0%| F|  |TAMS 0x000000062f800000| PB 0x000000062f800000| Untracked 
| 172|0x000000062fc00000, 0x000000062fc00000, 0x0000000630000000|  0%| F|  |TAMS 0x000000062fc00000| PB 0x000000062fc00000| Untracked 
| 173|0x0000000630000000, 0x0000000630000000, 0x0000000630400000|  0%| F|  |TAMS 0x0000000630000000| PB 0x0000000630000000| Untracked 
| 174|0x0000000630400000, 0x0000000630400000, 0x0000000630800000|  0%| F|  |TAMS 0x0000000630400000| PB 0x0000000630400000| Untracked 
| 175|0x0000000630800000, 0x0000000630800000, 0x0000000630c00000|  0%| F|  |TAMS 0x0000000630800000| PB 0x0000000630800000| Untracked 
| 176|0x0000000630c00000, 0x0000000630c00000, 0x0000000631000000|  0%| F|  |TAMS 0x0000000630c00000| PB 0x0000000630c00000| Untracked 
| 177|0x0000000631000000, 0x0000000631000000, 0x0000000631400000|  0%| F|  |TAMS 0x0000000631000000| PB 0x0000000631000000| Untracked 
| 178|0x0000000631400000, 0x0000000631400000, 0x0000000631800000|  0%| F|  |TAMS 0x0000000631400000| PB 0x0000000631400000| Untracked 
| 179|0x0000000631800000, 0x0000000631800000, 0x0000000631c00000|  0%| F|  |TAMS 0x0000000631800000| PB 0x0000000631800000| Untracked 
| 180|0x0000000631c00000, 0x0000000631c00000, 0x0000000632000000|  0%| F|  |TAMS 0x0000000631c00000| PB 0x0000000631c00000| Untracked 
| 181|0x0000000632000000, 0x0000000632000000, 0x0000000632400000|  0%| F|  |TAMS 0x0000000632000000| PB 0x0000000632000000| Untracked 
| 182|0x0000000632400000, 0x0000000632400000, 0x0000000632800000|  0%| F|  |TAMS 0x0000000632400000| PB 0x0000000632400000| Untracked 
| 183|0x0000000632800000, 0x0000000632800000, 0x0000000632c00000|  0%| F|  |TAMS 0x0000000632800000| PB 0x0000000632800000| Untracked 
| 184|0x0000000632c00000, 0x0000000632c00000, 0x0000000633000000|  0%| F|  |TAMS 0x0000000632c00000| PB 0x0000000632c00000| Untracked 
| 185|0x0000000633000000, 0x0000000633000000, 0x0000000633400000|  0%| F|  |TAMS 0x0000000633000000| PB 0x0000000633000000| Untracked 
| 186|0x0000000633400000, 0x0000000633400000, 0x0000000633800000|  0%| F|  |TAMS 0x0000000633400000| PB 0x0000000633400000| Untracked 
| 187|0x0000000633800000, 0x0000000633800000, 0x0000000633c00000|  0%| F|  |TAMS 0x0000000633800000| PB 0x0000000633800000| Untracked 
| 188|0x0000000633c00000, 0x0000000633c00000, 0x0000000634000000|  0%| F|  |TAMS 0x0000000633c00000| PB 0x0000000633c00000| Untracked 
| 189|0x0000000634000000, 0x0000000634000000, 0x0000000634400000|  0%| F|  |TAMS 0x0000000634000000| PB 0x0000000634000000| Untracked 
| 190|0x0000000634400000, 0x0000000634400000, 0x0000000634800000|  0%| F|  |TAMS 0x0000000634400000| PB 0x0000000634400000| Untracked 
| 191|0x0000000634800000, 0x0000000634800000, 0x0000000634c00000|  0%| F|  |TAMS 0x0000000634800000| PB 0x0000000634800000| Untracked 
| 192|0x0000000634c00000, 0x0000000634c00000, 0x0000000635000000|  0%| F|  |TAMS 0x0000000634c00000| PB 0x0000000634c00000| Untracked 
| 193|0x0000000635000000, 0x0000000635000000, 0x0000000635400000|  0%| F|  |TAMS 0x0000000635000000| PB 0x0000000635000000| Untracked 
| 194|0x0000000635400000, 0x0000000635400000, 0x0000000635800000|  0%| F|  |TAMS 0x0000000635400000| PB 0x0000000635400000| Untracked 
| 195|0x0000000635800000, 0x0000000635800000, 0x0000000635c00000|  0%| F|  |TAMS 0x0000000635800000| PB 0x0000000635800000| Untracked 
| 196|0x0000000635c00000, 0x0000000635c00000, 0x0000000636000000|  0%| F|  |TAMS 0x0000000635c00000| PB 0x0000000635c00000| Untracked 
| 197|0x0000000636000000, 0x0000000636000000, 0x0000000636400000|  0%| F|  |TAMS 0x0000000636000000| PB 0x0000000636000000| Untracked 
| 198|0x0000000636400000, 0x0000000636400000, 0x0000000636800000|  0%| F|  |TAMS 0x0000000636400000| PB 0x0000000636400000| Untracked 
| 199|0x0000000636800000, 0x0000000636800000, 0x0000000636c00000|  0%| F|  |TAMS 0x0000000636800000| PB 0x0000000636800000| Untracked 
| 200|0x0000000636c00000, 0x0000000636c00000, 0x0000000637000000|  0%| F|  |TAMS 0x0000000636c00000| PB 0x0000000636c00000| Untracked 
| 201|0x0000000637000000, 0x0000000637000000, 0x0000000637400000|  0%| F|  |TAMS 0x0000000637000000| PB 0x0000000637000000| Untracked 
| 202|0x0000000637400000, 0x0000000637400000, 0x0000000637800000|  0%| F|  |TAMS 0x0000000637400000| PB 0x0000000637400000| Untracked 
| 203|0x0000000637800000, 0x0000000637800000, 0x0000000637c00000|  0%| F|  |TAMS 0x0000000637800000| PB 0x0000000637800000| Untracked 
| 204|0x0000000637c00000, 0x0000000637c00000, 0x0000000638000000|  0%| F|  |TAMS 0x0000000637c00000| PB 0x0000000637c00000| Untracked 
| 205|0x0000000638000000, 0x0000000638000000, 0x0000000638400000|  0%| F|  |TAMS 0x0000000638000000| PB 0x0000000638000000| Untracked 
| 206|0x0000000638400000, 0x0000000638400000, 0x0000000638800000|  0%| F|  |TAMS 0x0000000638400000| PB 0x0000000638400000| Untracked 
| 207|0x0000000638800000, 0x0000000638800000, 0x0000000638c00000|  0%| F|  |TAMS 0x0000000638800000| PB 0x0000000638800000| Untracked 
| 208|0x0000000638c00000, 0x0000000638c00000, 0x0000000639000000|  0%| F|  |TAMS 0x0000000638c00000| PB 0x0000000638c00000| Untracked 
| 209|0x0000000639000000, 0x0000000639000000, 0x0000000639400000|  0%| F|  |TAMS 0x0000000639000000| PB 0x0000000639000000| Untracked 
| 210|0x0000000639400000, 0x0000000639400000, 0x0000000639800000|  0%| F|  |TAMS 0x0000000639400000| PB 0x0000000639400000| Untracked 
| 211|0x0000000639800000, 0x0000000639800000, 0x0000000639c00000|  0%| F|  |TAMS 0x0000000639800000| PB 0x0000000639800000| Untracked 
| 212|0x0000000639c00000, 0x0000000639c00000, 0x000000063a000000|  0%| F|  |TAMS 0x0000000639c00000| PB 0x0000000639c00000| Untracked 
| 213|0x000000063a000000, 0x000000063a000000, 0x000000063a400000|  0%| F|  |TAMS 0x000000063a000000| PB 0x000000063a000000| Untracked 
| 214|0x000000063a400000, 0x000000063a400000, 0x000000063a800000|  0%| F|  |TAMS 0x000000063a400000| PB 0x000000063a400000| Untracked 

Card table byte_map: [0x000001e4c7490000,0x000001e4c8470000] _byte_map_base: 0x000001e4c446a000

Marking Bits: (CMBitMap*) 0x000001e4ae417950
 Bits: [0x000001e4c8470000, 0x000001e4d0340000)

Polling page: 0x000001e4aba90000

Metaspace:

Usage:
  Non-class:     35.91 MB used.
      Class:      5.41 MB used.
       Both:     41.32 MB used.

Virtual space:
  Non-class space:       64.00 MB reserved,      36.25 MB ( 57%) committed,  1 nodes.
      Class space:        1.00 GB reserved,       5.75 MB ( <1%) committed,  1 nodes.
             Both:        1.06 GB reserved,      42.00 MB (  4%) committed. 

Chunk freelists:
   Non-Class:  11.63 MB
       Class:  10.12 MB
        Both:  21.75 MB

MaxMetaspaceSize: unlimited
CompressedClassSpaceSize: 1.00 GB
Initial GC threshold: 21.00 MB
Current GC threshold: 58.69 MB
CDS: on
 - commit_granule_bytes: 65536.
 - commit_granule_words: 8192.
 - virtual_space_node_default_size: 8388608.
 - enlarge_chunks_in_place: 1.
 - use_allocation_guard: 0.


Internal statistics:

num_allocs_failed_limit: 6.
num_arena_births: 860.
num_arena_deaths: 0.
num_vsnodes_births: 2.
num_vsnodes_deaths: 0.
num_space_committed: 672.
num_space_uncommitted: 0.
num_chunks_returned_to_freelist: 6.
num_chunks_taken_from_freelist: 2285.
num_chunk_merges: 0.
num_chunk_splits: 1588.
num_chunks_enlarged: 1166.
num_inconsistent_stats: 0.

CodeHeap 'non-profiled nmethods': size=119168Kb used=5428Kb max_used=5428Kb free=113739Kb
 bounds [0x000001e4be390000, 0x000001e4be8e0000, 0x000001e4c57f0000]
CodeHeap 'profiled nmethods': size=119104Kb used=13251Kb max_used=13251Kb free=105852Kb
 bounds [0x000001e4b67f0000, 0x000001e4b74f0000, 0x000001e4bdc40000]
CodeHeap 'non-nmethods': size=7488Kb used=3202Kb max_used=3306Kb free=4285Kb
 bounds [0x000001e4bdc40000, 0x000001e4bdf90000, 0x000001e4be390000]
 total_blobs=6422 nmethods=5834 adapters=487
 compilation: enabled
              stopped_count=0, restarted_count=0
 full_count=0

Compilation events (20 events):
Event: 4.501 Thread 0x000001e4d36e6b80 6186       3       java.io.ObjectStreamClass::forClass (52 bytes)
Event: 4.501 Thread 0x000001e4d3a1ef80 6184       1       java.io.ObjectStreamField::isUnshared (5 bytes)
Event: 4.501 Thread 0x000001e4d383a370 nmethod 6182 0x000001e4b68ec290 code [0x000001e4b68ec460, 0x000001e4b68ec7a8]
Event: 4.501 Thread 0x000001e4d3a1ef80 nmethod 6184 0x000001e4be8cf890 code [0x000001e4be8cfa20, 0x000001e4be8cfaf0]
Event: 4.501 Thread 0x000001e4d36e6b80 nmethod 6186 0x000001e4b67fc990 code [0x000001e4b67fcb80, 0x000001e4b67fcf48]
Event: 4.501 Thread 0x000001e4d38402c0 nmethod 6185 0x000001e4b67fc010 code [0x000001e4b67fc200, 0x000001e4b67fc748]
Event: 4.637 Thread 0x000001e4d38402c0 6187       3       io.github.classgraph.Classfile::readFields (785 bytes)
Event: 4.639 Thread 0x000001e4d38402c0 nmethod 6187 0x000001e4b74e6a10 code [0x000001e4b74e72c0, 0x000001e4b74ebc48]
Event: 4.664 Thread 0x000001e4d36e27e0 6188   !   4       nonapi.io.github.classgraph.fastzipfilereader.NestedJarHandler$7::close (37 bytes)
Event: 4.668 Thread 0x000001e4d3887d10 6189   !   4       nonapi.io.github.classgraph.fileslice.Slice$1::close (28 bytes)
Event: 4.669 Thread 0x000001e4d3887d10 nmethod 6189 0x000001e4be8cfb90 code [0x000001e4be8cfd20, 0x000001e4be8cfe58]
Event: 4.670 Thread 0x000001e4d36e27e0 nmethod 6188 0x000001e4be8cff90 code [0x000001e4be8d01c0, 0x000001e4be8d0c80]
Event: 4.685 Thread 0x000001e4d3a1ef80 6190       3       java.util.concurrent.locks.AbstractQueuedSynchronizer::acquireInterruptibly (36 bytes)
Event: 4.685 Thread 0x000001e4d3a1ef80 nmethod 6190 0x000001e4b67fb690 code [0x000001e4b67fb8a0, 0x000001e4b67fbe48]
Event: 4.688 Thread 0x000001e4d3887d10 6191   !   4       nonapi.io.github.classgraph.fileslice.reader.ClassfileReader::close (43 bytes)
Event: 4.695 Thread 0x000001e4d3887d10 nmethod 6191 0x000001e4be8d1290 code [0x000001e4be8d1540, 0x000001e4be8d2430]
Event: 4.735 Thread 0x000001e4d3887d10 6192       4       io.github.classgraph.Classfile::readFields (785 bytes)
Event: 4.799 Thread 0x000001e4d3887d10 nmethod 6192 0x000001e4be8d2c10 code [0x000001e4be8d32e0, 0x000001e4be8d84c0]
Event: 4.819 Thread 0x000001e4d36e27e0 6193       4       io.github.classgraph.Classfile::cpReadInt (77 bytes)
Event: 4.820 Thread 0x000001e4d36e27e0 nmethod 6193 0x000001e4be8dcb10 code [0x000001e4be8dccc0, 0x000001e4be8dcf10]

GC Heap History (20 events):
Event: 3.282 GC heap after
{Heap after GC invocations=12 (full 0):
 garbage-first heap   total 303104K, used 81687K [0x0000000604c00000, 0x0000000800000000)
  region size 4096K, 4 young (16384K), 4 survivors (16384K)
 Metaspace       used 35360K, committed 35968K, reserved 1114112K
  class space    used 4299K, committed 4544K, reserved 1048576K
}
Event: 3.364 GC heap before
{Heap before GC invocations=12 (full 0):
 garbage-first heap   total 303104K, used 241431K [0x0000000604c00000, 0x0000000800000000)
  region size 4096K, 44 young (180224K), 4 survivors (16384K)
 Metaspace       used 35363K, committed 35968K, reserved 1114112K
  class space    used 4299K, committed 4544K, reserved 1048576K
}
Event: 3.370 GC heap after
{Heap after GC invocations=13 (full 0):
 garbage-first heap   total 491520K, used 93293K [0x0000000604c00000, 0x0000000800000000)
  region size 4096K, 6 young (24576K), 6 survivors (24576K)
 Metaspace       used 35363K, committed 35968K, reserved 1114112K
  class space    used 4299K, committed 4544K, reserved 1048576K
}
Event: 3.411 GC heap before
{Heap before GC invocations=13 (full 0):
 garbage-first heap   total 491520K, used 171117K [0x0000000604c00000, 0x0000000800000000)
  region size 4096K, 27 young (110592K), 6 survivors (24576K)
 Metaspace       used 35383K, committed 35968K, reserved 1114112K
  class space    used 4299K, committed 4544K, reserved 1048576K
}
Event: 3.417 GC heap after
{Heap after GC invocations=14 (full 0):
 garbage-first heap   total 491520K, used 101844K [0x0000000604c00000, 0x0000000800000000)
  region size 4096K, 6 young (24576K), 6 survivors (24576K)
 Metaspace       used 35383K, committed 35968K, reserved 1114112K
  class space    used 4299K, committed 4544K, reserved 1048576K
}
Event: 3.541 GC heap before
{Heap before GC invocations=15 (full 0):
 garbage-first heap   total 450560K, used 343508K [0x0000000604c00000, 0x0000000800000000)
  region size 4096K, 66 young (270336K), 6 survivors (24576K)
 Metaspace       used 35386K, committed 36032K, reserved 1114112K
  class space    used 4299K, committed 4544K, reserved 1048576K
}
Event: 3.549 GC heap after
{Heap after GC invocations=16 (full 0):
 garbage-first heap   total 450560K, used 119493K [0x0000000604c00000, 0x0000000800000000)
  region size 4096K, 7 young (28672K), 7 survivors (28672K)
 Metaspace       used 35386K, committed 36032K, reserved 1114112K
  class space    used 4299K, committed 4544K, reserved 1048576K
}
Event: 3.651 GC heap before
{Heap before GC invocations=16 (full 0):
 garbage-first heap   total 450560K, used 357061K [0x0000000604c00000, 0x0000000800000000)
  region size 4096K, 67 young (274432K), 7 survivors (28672K)
 Metaspace       used 35390K, committed 36032K, reserved 1114112K
  class space    used 4299K, committed 4544K, reserved 1048576K
}
Event: 3.659 GC heap after
{Heap after GC invocations=17 (full 0):
 garbage-first heap   total 450560K, used 133575K [0x0000000604c00000, 0x0000000800000000)
  region size 4096K, 8 young (32768K), 8 survivors (32768K)
 Metaspace       used 35390K, committed 36032K, reserved 1114112K
  class space    used 4299K, committed 4544K, reserved 1048576K
}
Event: 3.741 GC heap before
{Heap before GC invocations=17 (full 0):
 garbage-first heap   total 450560K, used 367047K [0x0000000604c00000, 0x0000000800000000)
  region size 4096K, 66 young (270336K), 8 survivors (32768K)
 Metaspace       used 35390K, committed 36032K, reserved 1114112K
  class space    used 4299K, committed 4544K, reserved 1048576K
}
Event: 3.752 GC heap after
{Heap after GC invocations=18 (full 0):
 garbage-first heap   total 450560K, used 151610K [0x0000000604c00000, 0x0000000800000000)
  region size 4096K, 9 young (36864K), 9 survivors (36864K)
 Metaspace       used 35390K, committed 36032K, reserved 1114112K
  class space    used 4299K, committed 4544K, reserved 1048576K
}
Event: 3.836 GC heap before
{Heap before GC invocations=18 (full 0):
 garbage-first heap   total 450560K, used 385082K [0x0000000604c00000, 0x0000000800000000)
  region size 4096K, 66 young (270336K), 9 survivors (36864K)
 Metaspace       used 35391K, committed 36032K, reserved 1114112K
  class space    used 4299K, committed 4544K, reserved 1048576K
}
Event: 3.847 GC heap after
{Heap after GC invocations=19 (full 0):
 garbage-first heap   total 880640K, used 170801K [0x0000000604c00000, 0x0000000800000000)
  region size 4096K, 9 young (36864K), 9 survivors (36864K)
 Metaspace       used 35391K, committed 36032K, reserved 1114112K
  class space    used 4299K, committed 4544K, reserved 1048576K
}
Event: 4.410 GC heap before
{Heap before GC invocations=19 (full 0):
 garbage-first heap   total 880640K, used 658225K [0x0000000604c00000, 0x0000000800000000)
  region size 4096K, 129 young (528384K), 9 survivors (36864K)
 Metaspace       used 42307K, committed 43008K, reserved 1114112K
  class space    used 5542K, committed 5888K, reserved 1048576K
}
Event: 4.428 GC heap after
{Heap after GC invocations=20 (full 0):
 garbage-first heap   total 880640K, used 220443K [0x0000000604c00000, 0x0000000800000000)
  region size 4096K, 17 young (69632K), 17 survivors (69632K)
 Metaspace       used 42307K, committed 43008K, reserved 1114112K
  class space    used 5542K, committed 5888K, reserved 1048576K
}
Event: 4.564 GC heap before
{Heap before GC invocations=20 (full 0):
 garbage-first heap   total 880640K, used 675099K [0x0000000604c00000, 0x0000000800000000)
  region size 4096K, 129 young (528384K), 17 survivors (69632K)
 Metaspace       used 42314K, committed 43008K, reserved 1114112K
  class space    used 5542K, committed 5888K, reserved 1048576K
}
Event: 4.585 GC heap after
{Heap after GC invocations=21 (full 0):
 garbage-first heap   total 880640K, used 259649K [0x0000000604c00000, 0x0000000800000000)
  region size 4096K, 10 young (40960K), 10 survivors (40960K)
 Metaspace       used 42314K, committed 43008K, reserved 1114112K
  class space    used 5542K, committed 5888K, reserved 1048576K
}
Event: 4.714 GC heap before
{Heap before GC invocations=21 (full 0):
 garbage-first heap   total 880640K, used 697921K [0x0000000604c00000, 0x0000000800000000)
  region size 4096K, 118 young (483328K), 10 survivors (40960K)
 Metaspace       used 42314K, committed 43008K, reserved 1114112K
  class space    used 5542K, committed 5888K, reserved 1048576K
}
Event: 4.728 GC heap after
{Heap after GC invocations=22 (full 0):
 garbage-first heap   total 880640K, used 287111K [0x0000000604c00000, 0x0000000800000000)
  region size 4096K, 7 young (28672K), 7 survivors (28672K)
 Metaspace       used 42314K, committed 43008K, reserved 1114112K
  class space    used 5542K, committed 5888K, reserved 1048576K
}
Event: 4.868 GC heap before
{Heap before GC invocations=22 (full 0):
 garbage-first heap   total 880640K, used 737671K [0x0000000604c00000, 0x0000000800000000)
  region size 4096K, 117 young (479232K), 7 survivors (28672K)
 Metaspace       used 42314K, committed 43008K, reserved 1114112K
  class space    used 5542K, committed 5888K, reserved 1048576K
}

Dll operation events (12 events):
Event: 0.007 Loaded shared library C:\Program Files\Java\jdk-21\bin\java.dll
Event: 0.024 Loaded shared library C:\Program Files\Java\jdk-21\bin\jsvml.dll
Event: 0.096 Loaded shared library C:\Program Files\Java\jdk-21\bin\zip.dll
Event: 0.099 Loaded shared library C:\Program Files\Java\jdk-21\bin\instrument.dll
Event: 0.104 Loaded shared library C:\Program Files\Java\jdk-21\bin\net.dll
Event: 0.105 Loaded shared library C:\Program Files\Java\jdk-21\bin\nio.dll
Event: 0.107 Loaded shared library C:\Program Files\Java\jdk-21\bin\zip.dll
Event: 0.124 Loaded shared library C:\Program Files\Java\jdk-21\bin\jimage.dll
Event: 0.247 Loaded shared library C:\Program Files\Java\jdk-21\bin\management.dll
Event: 0.248 Loaded shared library C:\Program Files\Java\jdk-21\bin\extnet.dll
Event: 0.252 Loaded shared library C:\Program Files\Java\jdk-21\bin\management_ext.dll
Event: 1.109 Loaded shared library C:\Program Files\Java\jdk-21\bin\sunmscapi.dll

Deoptimization events (20 events):
Event: 4.292 Thread 0x000001e51e9a62b0 DEOPT UNPACKING pc=0x000001e4bdc946a2 sp=0x000000258f5fea00 mode 2
Event: 4.292 Thread 0x000001e51f05a2e0 DEOPT UNPACKING pc=0x000001e4bdc946a2 sp=0x00000025906fef80 mode 2
Event: 4.292 Thread 0x000001e51e9aa450 DEOPT PACKING pc=0x000001e4be794d0c sp=0x000000258fffea00
Event: 4.292 Thread 0x000001e51e9aa450 DEOPT UNPACKING pc=0x000001e4bdc946a2 sp=0x000000258fffe9a8 mode 2
Event: 4.292 Thread 0x000001e51e9a90a0 DEOPT PACKING pc=0x000001e4be794d0c sp=0x000000258fbfe9a0
Event: 4.292 Thread 0x000001e51e9a5590 DEOPT PACKING pc=0x000001e4be794d0c sp=0x000000258fafef30
Event: 4.292 Thread 0x000001e51e9a5590 DEOPT UNPACKING pc=0x000001e4bdc946a2 sp=0x000000258fafeed8 mode 2
Event: 4.292 Thread 0x000001e51e9a90a0 DEOPT UNPACKING pc=0x000001e4bdc946a2 sp=0x000000258fbfe948 mode 2
Event: 4.292 Thread 0x000001e51e9a9dc0 DEOPT PACKING pc=0x000001e4be794d0c sp=0x000000258fdfea20
Event: 4.292 Thread 0x000001e51e9a9dc0 DEOPT UNPACKING pc=0x000001e4bdc946a2 sp=0x000000258fdfe9c8 mode 2
Event: 4.292 Thread 0x000001e51e9a3b50 DEOPT PACKING pc=0x000001e4be7f0bcc sp=0x000000258f1fef00
Event: 4.292 Thread 0x000001e51e9a3b50 DEOPT UNPACKING pc=0x000001e4bdc946a2 sp=0x000000258f1feeb8 mode 2
Event: 4.361 Thread 0x000001e51a37d880 Uncommon trap: trap_request=0xffffff45 fr.pc=0x000001e4be79d344 relative=0x0000000000000944
Event: 4.361 Thread 0x000001e51a37d880 Uncommon trap: reason=unstable_if action=reinterpret pc=0x000001e4be79d344 method=java.util.concurrent.ConcurrentHashMap.replaceNode(Ljava/lang/Object;Ljava/lang/Object;Ljava/lang/Object;)Ljava/lang/Object; @ 99 c2
Event: 4.362 Thread 0x000001e51a37d880 DEOPT PACKING pc=0x000001e4be79d344 sp=0x00000025901fed30
Event: 4.362 Thread 0x000001e51a37d880 DEOPT UNPACKING pc=0x000001e4bdc946a2 sp=0x00000025901fecb8 mode 2
Event: 4.636 Thread 0x000001e51e9aa450 Uncommon trap: trap_request=0xffffff45 fr.pc=0x000001e4be81555c relative=0x00000000000044dc
Event: 4.636 Thread 0x000001e51e9aa450 Uncommon trap: reason=unstable_if action=reinterpret pc=0x000001e4be81555c method=io.github.classgraph.Classfile.readFields()V @ 467 c2
Event: 4.636 Thread 0x000001e51e9aa450 DEOPT PACKING pc=0x000001e4be81555c sp=0x000000258fffec80
Event: 4.636 Thread 0x000001e51e9aa450 DEOPT UNPACKING pc=0x000001e4bdc946a2 sp=0x000000258fffec18 mode 2

Classes loaded (20 events):
Event: 2.687 Loading class java/io/EOFException
Event: 2.687 Loading class java/io/EOFException done
Event: 2.689 Loading class java/nio/channels/spi/AbstractInterruptibleChannel$1
Event: 2.689 Loading class sun/nio/ch/Interruptible
Event: 2.689 Loading class sun/nio/ch/Interruptible done
Event: 2.689 Loading class java/nio/channels/spi/AbstractInterruptibleChannel$1 done
Event: 2.692 Loading class java/nio/ReadOnlyBufferException
Event: 2.692 Loading class java/nio/ReadOnlyBufferException done
Event: 2.696 Loading class java/util/zip/DataFormatException
Event: 2.696 Loading class java/util/zip/DataFormatException done
Event: 2.878 Loading class sun/nio/fs/WindowsChannelFactory$2
Event: 2.878 Loading class sun/nio/fs/WindowsChannelFactory$2 done
Event: 4.214 Loading class javax/xml/xpath/XPathExpressionException
Event: 4.214 Loading class javax/xml/xpath/XPathException
Event: 4.214 Loading class javax/xml/xpath/XPathException done
Event: 4.214 Loading class javax/xml/xpath/XPathExpressionException done
Event: 4.214 Loading class javax/xml/namespace/NamespaceContext
Event: 4.214 Loading class javax/xml/namespace/NamespaceContext done
Event: 4.219 Loading class jdk/internal/vm/annotation/IntrinsicCandidate
Event: 4.219 Loading class jdk/internal/vm/annotation/IntrinsicCandidate done

Classes unloaded (0 events):
No events

Classes redefined (1 events):
Event: 0.241 Thread 0x000001e4d061da60 redefined class name=java.io.FileOutputStream, count=1

Internal exceptions (20 events):
Event: 4.209 Thread 0x000001e519e0c120 Exception <a 'java/lang/ClassNotFoundException'{0x000000062faeb468}: jakarta/faces/validator/LengthValidator> (0x000000062faeb468) 
thrown [s\open\src\hotspot\share\classfile\systemDictionary.cpp, line 312]
Event: 4.209 Thread 0x000001e519e0c120 Exception <a 'java/lang/ClassNotFoundException'{0x000000062faf1030}: jakarta/faces/validator/LongRangeValidator> (0x000000062faf1030) 
thrown [s\open\src\hotspot\share\classfile\systemDictionary.cpp, line 312]
Event: 4.209 Thread 0x000001e519e0c120 Exception <a 'java/lang/ClassNotFoundException'{0x000000062faf71b8}: jakarta/faces/validator/MethodExpressionValidator> (0x000000062faf71b8) 
thrown [s\open\src\hotspot\share\classfile\systemDictionary.cpp, line 312]
Event: 4.209 Thread 0x000001e519e0c120 Exception <a 'java/lang/ClassNotFoundException'{0x000000062fafc500}: jakarta/faces/validator/RegexValidator> (0x000000062fafc500) 
thrown [s\open\src\hotspot\share\classfile\systemDictionary.cpp, line 312]
Event: 4.209 Thread 0x000001e519e0c120 Exception <a 'java/lang/ClassNotFoundException'{0x000000062fb016a8}: jakarta/faces/validator/RequiredValidator> (0x000000062fb016a8) 
thrown [s\open\src\hotspot\share\classfile\systemDictionary.cpp, line 312]
Event: 4.210 Thread 0x000001e519e0c120 Exception <a 'java/lang/ClassNotFoundException'{0x000000062fb04d38}: org/primefaces/validate/DoubleRangeValidator> (0x000000062fb04d38) 
thrown [s\open\src\hotspot\share\classfile\systemDictionary.cpp, line 312]
Event: 4.210 Thread 0x000001e519e0c120 Exception <a 'java/lang/ClassNotFoundException'{0x000000062fb093f0}: org/primefaces/validate/FileValidator> (0x000000062fb093f0) 
thrown [s\open\src\hotspot\share\classfile\systemDictionary.cpp, line 312]
Event: 4.210 Thread 0x000001e519e0c120 Exception <a 'java/lang/ClassNotFoundException'{0x000000062fb136f8}: org/primefaces/validate/LengthValidator> (0x000000062fb136f8) 
thrown [s\open\src\hotspot\share\classfile\systemDictionary.cpp, line 312]
Event: 4.210 Thread 0x000001e519e0c120 Exception <a 'java/lang/ClassNotFoundException'{0x000000062fb16ee8}: org/primefaces/validate/LongRangeValidator> (0x000000062fb16ee8) 
thrown [s\open\src\hotspot\share\classfile\systemDictionary.cpp, line 312]
Event: 4.210 Thread 0x000001e519e0c120 Exception <a 'java/lang/ClassNotFoundException'{0x000000062fb1a770}: org/primefaces/validate/RegexValidator> (0x000000062fb1a770) 
thrown [s\open\src\hotspot\share\classfile\systemDictionary.cpp, line 312]
Event: 4.210 Thread 0x000001e519e0c120 Exception <a 'java/lang/ClassNotFoundException'{0x000000062fb1e0c0}: com/example/empleados/controlador/IndexControlador> (0x000000062fb1e0c0) 
thrown [s\open\src\hotspot\share\classfile\systemDictionary.cpp, line 312]
Event: 4.210 Thread 0x000001e519e0c120 Exception <a 'java/lang/ClassNotFoundException'{0x000000062fb1e760}: com/sun/faces/push/WebsocketChannelManager$ViewScope> (0x000000062fb1e760) 
thrown [s\open\src\hotspot\share\classfile\systemDictionary.cpp, line 312]
Event: 4.233 Thread 0x000001e51e9a4f00 Implicit null exception at 0x000001e4be796ca0 to 0x000001e4be7980ac
Event: 4.233 Thread 0x000001e51e9a4870 Implicit null exception at 0x000001e4be796ca0 to 0x000001e4be7980ac
Event: 4.233 Thread 0x000001e51e9a8380 Implicit null exception at 0x000001e4be796ca0 to 0x000001e4be7980ac
Event: 4.233 Thread 0x000001e51e9a62b0 Implicit null exception at 0x000001e4be796ca0 to 0x000001e4be7980ac
Event: 4.233 Thread 0x000001e51e9a5c20 Implicit null exception at 0x000001e4be796ca0 to 0x000001e4be7980ac
Event: 4.233 Thread 0x000001e51e9a6fd0 Implicit null exception at 0x000001e4be796ca0 to 0x000001e4be7980ac
Event: 4.233 Thread 0x000001e51e9a7660 Implicit null exception at 0x000001e4be796ca0 to 0x000001e4be7980ac
Event: 4.291 Thread 0x000001e51e9a3b50 Implicit null exception at 0x000001e4be7f0a03 to 0x000001e4be7f0bb8

ZGC Phase Switch (0 events):
No events

VM Operations (20 events):
Event: 3.549 Executing VM operation: G1CollectForAllocation (G1 Evacuation Pause) done
Event: 3.650 Executing VM operation: G1CollectForAllocation (G1 Evacuation Pause)
Event: 3.651 Executing VM operation: G1CollectForAllocation (G1 Evacuation Pause) done
Event: 3.651 Executing VM operation: G1CollectForAllocation (GCLocker Initiated GC)
Event: 3.659 Executing VM operation: G1CollectForAllocation (GCLocker Initiated GC) done
Event: 3.741 Executing VM operation: G1CollectForAllocation (G1 Evacuation Pause)
Event: 3.752 Executing VM operation: G1CollectForAllocation (G1 Evacuation Pause) done
Event: 3.836 Executing VM operation: G1CollectForAllocation (G1 Evacuation Pause)
Event: 3.836 Executing VM operation: G1CollectForAllocation (G1 Evacuation Pause) done
Event: 3.836 Executing VM operation: G1CollectForAllocation (GCLocker Initiated GC)
Event: 3.847 Executing VM operation: G1CollectForAllocation (GCLocker Initiated GC) done
Event: 4.410 Executing VM operation: G1CollectForAllocation (G1 Evacuation Pause)
Event: 4.428 Executing VM operation: G1CollectForAllocation (G1 Evacuation Pause) done
Event: 4.564 Executing VM operation: G1CollectForAllocation (G1 Evacuation Pause)
Event: 4.564 Executing VM operation: G1CollectForAllocation (G1 Evacuation Pause) done
Event: 4.564 Executing VM operation: G1CollectForAllocation (GCLocker Initiated GC)
Event: 4.585 Executing VM operation: G1CollectForAllocation (GCLocker Initiated GC) done
Event: 4.714 Executing VM operation: G1CollectForAllocation (G1 Evacuation Pause)
Event: 4.728 Executing VM operation: G1CollectForAllocation (G1 Evacuation Pause) done
Event: 4.868 Executing VM operation: G1CollectForAllocation (G1 Evacuation Pause)

Events (20 events):
Event: 4.233 Thread 0x000001e51e9a9dc0 Thread added: 0x000001e51e9a9dc0
Event: 4.234 Thread 0x000001e51e9aaae0 Thread added: 0x000001e51e9aaae0
Event: 4.235 Thread 0x000001e51e9aa450 Thread added: 0x000001e51e9aa450
Event: 4.235 Thread 0x000001e51e9ab170 Thread added: 0x000001e51e9ab170
Event: 4.236 Thread 0x000001e51a37d880 Thread added: 0x000001e51a37d880
Event: 4.236 Thread 0x000001e51a37b120 Thread added: 0x000001e51a37b120
Event: 4.236 Thread 0x000001e51a37c4d0 Thread added: 0x000001e51a37c4d0
Event: 4.237 Thread 0x000001e51a37df10 Thread added: 0x000001e51a37df10
Event: 4.237 Thread 0x000001e51a37b7b0 Thread added: 0x000001e51a37b7b0
Event: 4.237 Thread 0x000001e51f05a2e0 Thread added: 0x000001e51f05a2e0
Event: 4.237 Thread 0x000001e51f05a970 Thread added: 0x000001e51f05a970
Event: 4.238 Thread 0x000001e51f05b000 Thread added: 0x000001e51f05b000
Event: 4.238 Thread 0x000001e51f05b690 Thread added: 0x000001e51f05b690
Event: 4.238 Thread 0x000001e51f0595c0 Thread added: 0x000001e51f0595c0
Event: 4.239 Thread 0x000001e51f059c50 Thread added: 0x000001e51f059c50
Event: 4.486 Thread 0x000001e51b7032f0 Thread exited: 0x000001e51b7032f0
Event: 4.637 Thread 0x000001e51b704090 Thread exited: 0x000001e51b704090
Event: 4.664 Thread 0x000001e51b7062a0 Thread exited: 0x000001e51b7062a0
Event: 4.664 Thread 0x000001e51b705bd0 Thread exited: 0x000001e51b705bd0
Event: 4.668 Thread 0x000001e51b7039c0 Thread exited: 0x000001e51b7039c0


Dynamic libraries:
0x00007ff6db730000 - 0x00007ff6db740000 	C:\Program Files\Java\jdk-21\bin\java.exe
0x00007ff89cfa0000 - 0x00007ff89d208000 	C:\WINDOWS\SYSTEM32\ntdll.dll
0x00007ff89ccc0000 - 0x00007ff89cd89000 	C:\WINDOWS\System32\KERNEL32.DLL
0x00007ff89c8c0000 - 0x00007ff89ccb2000 	C:\WINDOWS\System32\KERNELBASE.dll
0x0000000063ab0000 - 0x0000000063aeb000 	C:\WINDOWS\System32\cyinjct.dll
0x00007ff89c750000 - 0x00007ff89c75c000 	C:\WINDOWS\System32\ntnativeapi.dll
0x00007ff86e460000 - 0x00007ff86e479000 	C:\Program Files\Java\jdk-21\bin\jli.dll
0x00007ff89c3e0000 - 0x00007ff89c494000 	C:\WINDOWS\System32\ADVAPI32.dll
0x00007ff89aa60000 - 0x00007ff89ab09000 	C:\WINDOWS\System32\msvcrt.dll
0x00007ff89a980000 - 0x00007ff89aa26000 	C:\WINDOWS\System32\sechost.dll
0x00007ff89c7a0000 - 0x00007ff89c8b8000 	C:\WINDOWS\System32\RPCRT4.dll
0x000001e4abc90000 - 0x000001e4abe55000 	C:\WINDOWS\System32\USER32.dll
0x00007ff89a0a0000 - 0x00007ff89a0c7000 	C:\WINDOWS\System32\win32u.dll
0x00007ff89b0a0000 - 0x00007ff89b0cb000 	C:\WINDOWS\System32\GDI32.dll
0x00007ff89a660000 - 0x00007ff89a78d000 	C:\WINDOWS\System32\gdi32full.dll
0x00007ff89a5b0000 - 0x00007ff89a653000 	C:\WINDOWS\System32\msvcp_win.dll
0x000001e4abe60000 - 0x000001e4abfab000 	C:\WINDOWS\System32\ucrtbase.dll
0x00007ff86df50000 - 0x00007ff86df6b000 	C:\Program Files\Java\jdk-21\bin\VCRUNTIME140.dll
0x00007ff87ab50000 - 0x00007ff87ade3000 	C:\WINDOWS\WinSxS\amd64_microsoft.windows.common-controls_6595b64144ccf1df_6.0.26100.6725_none_3e085828e334708b\COMCTL32.dll
0x00007ff889840000 - 0x00007ff88984b000 	C:\WINDOWS\SYSTEM32\VERSION.dll
0x00007ff89c730000 - 0x00007ff89c74e000 	C:\WINDOWS\System32\cyvera.dll
0x00007ff89c6c0000 - 0x00007ff89c728000 	C:\WINDOWS\System32\cyvrtrap.dll
0x00007ff89bca0000 - 0x00007ff89bccf000 	C:\WINDOWS\System32\IMM32.DLL
0x00007ff86dab0000 - 0x00007ff86dabc000 	C:\Program Files\Java\jdk-21\bin\vcruntime140_1.dll
0x00007ff84b7e0000 - 0x00007ff84b86e000 	C:\Program Files\Java\jdk-21\bin\msvcp140.dll
0x00007fffc6aa0000 - 0x00007fffc77ba000 	C:\Program Files\Java\jdk-21\bin\server\jvm.dll
0x00007ff89c520000 - 0x00007ff89c594000 	C:\WINDOWS\System32\WS2_32.dll
0x00007ff899e70000 - 0x00007ff899ece000 	C:\WINDOWS\SYSTEM32\POWRPROF.dll
0x00007ff891e30000 - 0x00007ff891e65000 	C:\WINDOWS\SYSTEM32\WINMM.dll
0x00007ff899e50000 - 0x00007ff899e64000 	C:\WINDOWS\SYSTEM32\UMPDC.dll
0x00007ff898da0000 - 0x00007ff898dbb000 	C:\WINDOWS\SYSTEM32\kernel.appcore.dll
0x00007ff86d900000 - 0x00007ff86d90a000 	C:\Program Files\Java\jdk-21\bin\jimage.dll
0x00007ff897f30000 - 0x00007ff898172000 	C:\WINDOWS\SYSTEM32\DBGHELP.DLL
0x00007ff89ad20000 - 0x00007ff89b09b000 	C:\WINDOWS\System32\combase.dll
0x00007ff89b820000 - 0x00007ff89b8f7000 	C:\WINDOWS\System32\OLEAUT32.dll
0x00007ff877fc0000 - 0x00007ff877ffc000 	C:\WINDOWS\SYSTEM32\dbgcore.DLL
0x00007ff89a220000 - 0x00007ff89a2b8000 	C:\WINDOWS\System32\bcryptPrimitives.dll
0x00007ff87e9f0000 - 0x00007ff87e9ff000 	C:\Program Files\Java\jdk-21\bin\instrument.dll
0x00007ff86d650000 - 0x00007ff86d66f000 	C:\Program Files\Java\jdk-21\bin\java.dll
0x00007ff89c680000 - 0x00007ff89c6b7000 	C:\Program Files\Palo Alto Networks\Traps\cyjagent.dll
0x00007ff89b0d0000 - 0x00007ff89b81c000 	C:\WINDOWS\System32\SHELL32.dll
0x00007ff89a2c0000 - 0x00007ff89a42b000 	C:\WINDOWS\System32\wintypes.dll
0x00007ff8974f0000 - 0x00007ff897d4d000 	C:\WINDOWS\SYSTEM32\windows.storage.dll
0x00007ff89c2c0000 - 0x00007ff89c3b2000 	C:\WINDOWS\System32\SHCORE.dll
0x00007ff89ab10000 - 0x00007ff89ab72000 	C:\WINDOWS\System32\shlwapi.dll
0x00007ff899f30000 - 0x00007ff899f59000 	C:\WINDOWS\SYSTEM32\profapi.dll
0x00007ff820910000 - 0x00007ff8209e7000 	C:\Program Files\Java\jdk-21\bin\jsvml.dll
0x00007ff84a4d0000 - 0x00007ff84a4e8000 	C:\Program Files\Java\jdk-21\bin\zip.dll
0x00007ff86cd90000 - 0x00007ff86cda0000 	C:\Program Files\Java\jdk-21\bin\net.dll
0x00007ff889170000 - 0x00007ff88928f000 	C:\WINDOWS\SYSTEM32\WINHTTP.dll
0x00007ff8992f0000 - 0x00007ff89935b000 	C:\WINDOWS\system32\mswsock.dll
0x00007ff84ed80000 - 0x00007ff84ed96000 	C:\Program Files\Java\jdk-21\bin\nio.dll
0x00007ff898720000 - 0x00007ff898846000 	C:\WINDOWS\SYSTEM32\DNSAPI.dll
0x00007ff898640000 - 0x00007ff898674000 	C:\WINDOWS\SYSTEM32\IPHLPAPI.DLL
0x00007ff89aa40000 - 0x00007ff89aa4a000 	C:\WINDOWS\System32\NSI.dll
0x00007ff887c20000 - 0x00007ff887c2b000 	C:\Windows\System32\rasadhlp.dll
0x00007ff8894a0000 - 0x00007ff889526000 	C:\WINDOWS\System32\fwpuclnt.dll
0x00007ff8740e0000 - 0x00007ff8740ea000 	C:\Program Files\Java\jdk-21\bin\management.dll
0x00007ff85a0a0000 - 0x00007ff85a0a9000 	C:\Program Files\Java\jdk-21\bin\extnet.dll
0x00007ff8740d0000 - 0x00007ff8740db000 	C:\Program Files\Java\jdk-21\bin\management_ext.dll
0x00007ff89aa50000 - 0x00007ff89aa58000 	C:\WINDOWS\System32\PSAPI.DLL
0x00007ff8996d0000 - 0x00007ff8996eb000 	C:\WINDOWS\SYSTEM32\CRYPTSP.dll
0x00007ff898d00000 - 0x00007ff898d3b000 	C:\WINDOWS\system32\rsaenh.dll
0x00007ff899390000 - 0x00007ff8993bb000 	C:\WINDOWS\SYSTEM32\USERENV.dll
0x00007ff899f00000 - 0x00007ff899f26000 	C:\WINDOWS\SYSTEM32\bcrypt.dll
0x00007ff899530000 - 0x00007ff89953c000 	C:\WINDOWS\SYSTEM32\CRYPTBASE.dll
0x00007ff8750f0000 - 0x00007ff875108000 	C:\WINDOWS\system32\napinsp.dll
0x00007ff875110000 - 0x00007ff875122000 	C:\WINDOWS\System32\winrnr.dll
0x00007ff875130000 - 0x00007ff875158000 	C:\WINDOWS\system32\nlansp_c.dll
0x00007ff87f570000 - 0x00007ff87f586000 	C:\WINDOWS\system32\wshbth.dll
0x00007ff875410000 - 0x00007ff875466000 	C:\WINDOWS\SYSTEM32\pdh.dll
0x00007ff868770000 - 0x00007ff868782000 	C:\WINDOWS\System32\perfproc.dll
0x00007ff86b160000 - 0x00007ff86b16e000 	C:\Program Files\Java\jdk-21\bin\sunmscapi.dll
0x00007ff89a430000 - 0x00007ff89a5a7000 	C:\WINDOWS\System32\CRYPT32.dll
0x00007ff899820000 - 0x00007ff899850000 	C:\WINDOWS\SYSTEM32\ncrypt.dll
0x00007ff8997d0000 - 0x00007ff89980f000 	C:\WINDOWS\SYSTEM32\NTASN1.dll
0x00007ff868750000 - 0x00007ff868761000 	C:\WINDOWS\System32\perfos.dll
0x00007ff897dc0000 - 0x00007ff897dd2000 	C:\WINDOWS\SYSTEM32\pfclient.dll

dbghelp: loaded successfully - version: 4.0.5 - missing functions: none
symbol engine: initialized successfully - sym options: 0x614 - pdb path: .;C:\Program Files\Java\jdk-21\bin;C:\WINDOWS\SYSTEM32;C:\WINDOWS\WinSxS\amd64_microsoft.windows.common-controls_6595b64144ccf1df_6.0.26100.6725_none_3e085828e334708b;C:\Program Files\Java\jdk-21\bin\server;C:\Program Files\Palo Alto Networks\Traps

VM Arguments:
jvm_args: -javaagent:C:\Program Files\JetBrains\IntelliJ IDEA Community Edition 2025.2\lib\idea_rt.jar=64831 -Dfile.encoding=UTF-8 -Dsun.stdout.encoding=UTF-8 -Dsun.stderr.encoding=UTF-8 -agentpath:C:\Program Files\Palo Alto Networks\Traps\cyjagent.dll 
java_command: com.example.empleados.EmpleadosApplication
java_class_path (initial): C:\GitPersonal\Spring, Lombok, Primefaces, Mysql\Spring-Primefaces-Mysql-Lombok-Exercises\empleados\target\classes;C:\Users\gabriela.gutierrezr\.m2\repository\org\joinfaces\primefaces-spring-boot-starter\5.4.3\primefaces-spring-boot-starter-5.4.3.jar;C:\Users\gabriela.gutierrezr\.m2\repository\org\joinfaces\faces-spring-boot-starter\5.4.3\faces-spring-boot-starter-5.4.3.jar;C:\Users\gabriela.gutierrezr\.m2\repository\org\joinfaces\joinfaces-autoconfigure\5.4.3\joinfaces-autoconfigure-5.4.3.jar;C:\Users\gabriela.gutierrezr\.m2\repository\org\joinfaces\joinfaces\5.4.3\joinfaces-5.4.3.jar;C:\Users\gabriela.gutierrezr\.m2\repository\io\github\classgraph\classgraph\4.8.179\classgraph-4.8.179.jar;C:\Users\gabriela.gutierrezr\.m2\repository\org\joinfaces\mojarra-spring-boot-starter\5.4.3\mojarra-spring-boot-starter-5.4.3.jar;C:\Users\gabriela.gutierrezr\.m2\repository\org\joinfaces\mojarra4-spring-boot-starter\5.4.3\mojarra4-spring-boot-starter-5.4.3.jar;C:\Users\gabriela.gutierrezr\.m2\repository\org\glassfish\jakarta.faces\4.0.9\jakarta.faces-4.0.9.jar;C:\Users\gabriela.gutierrezr\.m2\repository\org\joinfaces\cdi-spring-boot-starter\5.4.3\cdi-spring-boot-starter-5.4.3.jar;C:\Users\gabriela.gutierrezr\.m2\repository\org\joinfaces\weld-spring-boot-starter\5.4.3\weld-spring-boot-starter-5.4.3.jar;C:\Users\gabriela.gutierrezr\.m2\repository\org\jboss\weld\servlet\weld-servlet-core\5.1.5.Final\weld-servlet-core-5.1.5.Final.jar;C:\Users\gabriela.gutierrezr\.m2\repository\org\jboss\weld\environment\weld-environment-common\5.1.5.Final\weld-environment-common-5.1.5.Final.jar;C:\Users\gabriela.gutierrezr\.m2\repository\org\jboss\weld\weld-core-impl\5.1.5.Final\weld-core-impl-5.1.5.Final.jar;C:\Users\gabriela.gutierrezr\.m2\repository\org\jboss\weld\weld-spi\5.0.SP3\weld-spi-5.0.SP3.jar;C:\Users\gabriela.gutierrezr\.m2\repository\org\jboss\weld\weld-api\5.0.SP3\weld-api-5.0.SP3.jar;C:\Users\gabriela.gutierrezr\.m2\repository\org\jboss\weld\weld-lite-extension-translator\5.1.5.Final\weld-lite-extension-translator-5.1.5.Final.jar;C:\Users\gabriela.gutierrezr\.m2\repository\org\jboss\logging\jboss-logging-processor\2.2.1.Final\jboss-logging-processor-2.2.1.Final.jar;C:\Users\gabriela.gutierrezr\.m2\repository\org\jboss\logging\jboss-logging-annotations\2.2.1.Final\jboss-logging-annotations-2.2.1.Final.jar;C:\Users\gabriela.gutierrezr\.m2\repository\org\jboss\jdeparser\jdeparser\2.0.3.Final\jdeparser-2.0.3.Final.jar;C:\Users\gabriela.gutierrezr\.m2\repository\org\jboss\weld\module\weld-jsf\5.1.5.Final\weld-jsf-5.1.5.Final.jar;C:\Users\gabriela.gutierrezr\.m2\repository\org\jboss\weld\module\weld-web\5.1.5.Final\weld-web-5.1.5.Final.jar;C:\Users\gabriela.gutierrezr\.m2\repository\org\jboss\classfilewriter\jboss-classfilewriter\1.3.0.Final\jboss-classfilewriter-1.3.0.Final.jar;C:\Users\gabriela.gutierrezr\.m2\repository\jakarta\enterprise\jakarta.enterprise.cdi-api\4.1.0\jakarta.enterprise.cdi-api-4.1.0.jar;C:\Users\gabriela.gutierrezr\.m2\repository\jakarta\enterprise\jakarta.enterprise.lang-model\4.1.0\jakarta.enterprise.lang-model-4.1.0.jar;C:\Users\gabriela.gutierrezr\.m2\repository\jakarta\interceptor\jakarta.interceptor-api\2.2.0\jakarta.interceptor-api-2.2.0.jar;C:\Users\gabriela.gutierrezr\.m2\repository\org\primefaces\primefaces\14.0.12\primefaces-14.0.12-jakarta.jar;C:\Users\gabriela.gutierrezr\.m2\repository\org\primefaces\extensions\primefaces-extensions\14.0.12\primefaces-extensions-14.0.12-jakarta.jar;C:\Users\gabriela.gutierrezr\.m2\repository\org\springframework\boot\spring-boot-starter-data-jpa\3.5.7\spring-boot-starter-data-jpa-3.5.7.jar;C:\Users\gabriela.gutierrezr\.m2\repository\org\springframework\boot\spring-boot-starter\3.5.7\spring-boot-starter-3.5.7.jar;C:\Users\gabriela.gutierrezr\.m2\repository\org\springframework\boot\spring-boot-starter-logging\3.5.7\spring-boot-starter-logging-3.5.7.jar;C:\Users\gabriela.gutierrezr\.m2\repository\ch\qos\logback\logback-classic\1.5.20\logback-classic-1.5.20.jar;C:\Users\gabriela.gutierrezr\.m2\repository\ch\qos\logback\logback-core\1.5.20\logback-core-1.5.20.jar;C:\Users\gabriela.gutierrezr\.m2\repository\org\apache\logging\log4j\log4j-to-slf4j\2.24.3\log4j-to-slf4j-2.24.3.jar;C:\Users\gabriela.gutierrezr\.m2\repository\org\apache\logging\log4j\log4j-api\2.24.3\log4j-api-2.24.3.jar;C:\Users\gabriela.gutierrezr\.m2\repository\org\slf4j\jul-to-slf4j\2.0.17\jul-to-slf4j-2.0.17.jar;C:\Users\gabriela.gutierrezr\.m2\repository\jakarta\annotation\jakarta.annotation-api\2.1.1\jakarta.annotation-api-2.1.1.jar;C:\Users\gabriela.gutierrezr\.m2\repository\org\yaml\snakeyaml\2.4\snakeyaml-2.4.jar;C:\Users\gabriela.gutierrezr\.m2\repository\org\springframework\boot\spring-boot-starter-jdbc\3.5.7\spring-boot-starter-jdbc-3.5.7.jar;C:\Users\gabriela.gutierrezr\.m2\repository\com\zaxxer\HikariCP\6.3.3\HikariCP-6.3.3.jar;C:\Users\gabriela.gutierrezr\.m2\repository\org\springframework\spring-jdbc\6.2.3\spring-jdbc-6.2.3.jar;C:\Users\gabriela.gutierrezr\.m2\repository\org\hibernate\orm\hibernate-core\6.6.33.Final\hibernate-core-6.6.33.Final.jar;C:\Users\gabriela.gutierrezr\.m2\repository\jakarta\persistence\jakarta.persistence-api\3.1.0\jakarta.persistence-api-3.1.0.jar;C:\Users\gabriela.gutierrezr\.m2\repository\jakarta\transaction\jakarta.transaction-api\2.0.1\jakarta.transaction-api-2.0.1.jar;C:\Users\gabriela.gutierrezr\.m2\repository\org\jboss\logging\jboss-logging\3.6.1.Final\jboss-logging-3.6.1.Final.jar;C:\Users\gabriela.gutierrezr\.m2\repository\org\hibernate\common\hibernate-commons-annotations\7.0.3.Final\hibernate-commons-annotations-7.0.3.Final.jar;C:\Users\gabriela.gutierrezr\.m2\repository\io\smallrye\jandex\3.2.0\jandex-3.2.0.jar;C:\Users\gabriela.gutierrezr\.m2\repository\com\fasterxml\classmate\1.7.1\classmate-1.7.1.jar;C:\Users\gabriela.gutierrezr\.m2\repository\net\bytebuddy\byte-buddy\1.17.8\byte-buddy-1.17.8.jar;C:\Users\gabriela.gutierrezr\.m2\repository\org\glassfish\jaxb\jaxb-runtime\4.0.5\jaxb-runtime-4.0.5.jar;C:\Users\gabriela.gutierrezr\.m2\repository\org\glassfish\jaxb\jaxb-core\4.0.5\jaxb-core-4.0.5.jar;C:\Users\gabriela.gutierrezr\.m2\repository\org\eclipse\angus\angus-activation\2.0.2\angus-activation-2.0.2.jar;C:\Users\gabriela.gutierrezr\.m2\repository\org\glassfish\jaxb\txw2\4.0.5\txw2-4.0.5.jar;C:\Users\gabriela.gutierrezr\.m2\repository\com\sun\istack\istack-commons-runtime\4.1.2\istack-commons-runtime-4.1.2.jar;C:\Users\gabriela.gutierrezr\.m2\repository\jakarta\inject\jakarta.inject-api\2.0.1\jakarta.inject-api-2.0.1.jar;C:\Users\gabriela.gutierrezr\.m2\repository\org\antlr\antlr4-runtime\4.13.0\antlr4-runtime-4.13.0.jar;C:\Users\gabriela.gutierrezr\.m2\repository\org\springframework\data\spring-data-jpa\3.4.3\spring-data-jpa-3.4.3.jar;C:\Users\gabriela.gutierrezr\.m2\repository\org\springframework\data\spring-data-commons\3.4.3\spring-data-commons-3.4.3.jar;C:\Users\gabriela.gutierrezr\.m2\repository\org\springframework\spring-orm\6.2.3\spring-orm-6.2.3.jar;C:\Users\gabriela.gutierrezr\.m2\repository\org\springframework\spring-context\6.2.3\spring-context-6.2.3.jar;C:\Users\gabriela.gutierrezr\.m2\repository\org\springframework\spring-aop\6.2.3\spring-aop-6.2.3.jar;C:\Users\gabriela.gutierrezr\.m2\repository\org\springframework\spring-tx\6.2.3\spring-tx-6.2.3.jar;C:\Users\gabriela.gutierrezr\.m2\repository\org\springframework\spring-beans\6.2.3\spring-beans-6.2.3.jar;C:\Users\gabriela.gutierrezr\.m2\repository\org\slf4j\slf4j-api\2.0.17\slf4j-api-2.0.17.jar;C:\Users\gabriela.gutierrezr\.m2\repository\org\springframework\spring-aspects\6.2.3\spring-aspects-6.2.3.jar;C:\Users\gabriela.gutierrezr\.m2\repository\org\aspectj\aspectjweaver\1.9.24\aspectjweaver-1.9.24.jar;C:\Users\gabriela.gutierrezr\.m2\repository\org\springframework\boot\spring-boot-starter-web\3.5.7\spring-boot-starter-web-3.5.7.jar;C:\Users\gabriela.gutierrezr\.m2\repository\org\springframework\boot\spring-boot-starter-json\3.5.7\spring-boot-starter-json-3.5.7.jar;C:\Users\gabriela.gutierrezr\.m2\repository\com\fasterxml\jackson\core\jackson-databind\2.18.2\jackson-databind-2.18.2.jar;C:\Users\gabriela.gutierrezr\.m2\repository\com\fasterxml\jackson\core\jackson-annotations\2.18.2\jackson-annotations-2.18.2.jar;C:\Users\gabriela.gutierrezr\.m2\repository\com\fasterxml\jackson\core\jackson-core\2.18.2\jackson-core-2.18.2.jar;C:\Users\gabriela.gutierrezr\.m2\repository\com\fasterxml\jackson\datatype\jackson-datatype-jdk8\2.18.2\jackson-datatype-jdk8-2.18.2.jar;C:\Users\gabriela.gutierrezr\.m2\repository\com\fasterxml\jackson\datatype\jackson-datatype-jsr310\2.18.2\jackson-datatype-jsr310-2.18.2.jar;C:\Users\gabriela.gutierrezr\.m2\repository\com\fasterxml\jackson\module\jackson-module-parameter-names\2.18.2\jackson-module-parameter-names-2.18.2.jar;C:\Users\gabriela.gutierrezr\.m2\repository\org\springframework\boot\spring-boot-starter-tomcat\3.5.7\spring-boot-starter-tomcat-3.5.7.jar;C:\Users\gabriela.gutierrezr\.m2\repository\org\apache\tomcat\embed\tomcat-embed-core\10.1.48\tomcat-embed-core-10.1.48.jar;C:\Users\gabriela.gutierrezr\.m2\repository\org\apache\tomcat\embed\tomcat-embed-el\10.1.48\tomcat-embed-el-10.1.48.jar;C:\Users\gabriela.gutierrezr\.m2\repository\org\apache\tomcat\embed\tomcat-embed-websocket\10.1.48\tomcat-embed-websocket-10.1.48.jar;C:\Users\gabriela.gutierrezr\.m2\repository\org\springframework\spring-web\6.2.3\spring-web-6.2.3.jar;C:\Users\gabriela.gutierrezr\.m2\repository\io\micrometer\micrometer-observation\1.14.4\micrometer-observation-1.14.4.jar;C:\Users\gabriela.gutierrezr\.m2\repository\io\micrometer\micrometer-commons\1.14.4\micrometer-commons-1.14.4.jar;C:\Users\gabriela.gutierrezr\.m2\repository\org\springframework\spring-webmvc\6.2.3\spring-webmvc-6.2.3.jar;C:\Users\gabriela.gutierrezr\.m2\repository\org\springframework\spring-expression\6.2.3\spring-expression-6.2.3.jar;C:\Users\gabriela.gutierrezr\.m2\repository\org\springframework\boot\spring-boot-devtools\3.5.7\spring-boot-devtools-3.5.7.jar;C:\Users\gabriela.gutierrezr\.m2\repository\org\springframework\boot\spring-boot\3.5.7\spring-boot-3.5.7.jar;C:\Users\gabriela.gutierrezr\.m2\repository\org\springframework\boot\spring-boot-autoconfigure\3.5.7\spring-boot-autoconfigure-3.5.7.jar;C:\Users\gabriela.gutierrezr\.m2\repository\com\mysql\mysql-connector-j\9.4.0\mysql-connector-j-9.4.0.jar;C:\Users\gabriela.gutierrezr\.m2\repository\org\projectlombok\lombok\1.18.42\lombok-1.18.42.jar;C:\Users\gabriela.gutierrezr\.m2\repository\jakarta\xml\bind\jakarta.xml.bind-api\4.0.4\jakarta.xml.bind-api-4.0.4.jar;C:\Users\gabriela.gutierrezr\.m2\repository\jakarta\activation\jakarta.activation-api\2.1.4\jakarta.activation-api-2.1.4.jar;C:\Users\gabriela.gutierrezr\.m2\repository\org\springframework\spring-core\6.2.3\spring-core-6.2.3.jar;C:\Users\gabriela.gutierrezr\.m2\repository\org\springframework\spring-jcl\6.2.3\spring-jcl-6.2.3.jar
Launcher Type: SUN_STANDARD

[Global flags]
     intx CICompilerCount                          = 12                                        {product} {ergonomic}
     uint ConcGCThreads                            = 4                                         {product} {ergonomic}
     uint G1ConcRefinementThreads                  = 15                                        {product} {ergonomic}
   size_t G1HeapRegionSize                         = 4194304                                   {product} {ergonomic}
    uintx GCDrainStackTargetSize                   = 64                                        {product} {ergonomic}
   size_t InitialHeapSize                          = 532676608                                 {product} {ergonomic}
   size_t MarkStackSize                            = 4194304                                   {product} {ergonomic}
   size_t MaxHeapSize                              = 8510242816                                {product} {ergonomic}
   size_t MaxNewSize                               = 5104467968                                {product} {ergonomic}
   size_t MinHeapDeltaBytes                        = 4194304                                   {product} {ergonomic}
   size_t MinHeapSize                              = 8388608                                   {product} {ergonomic}
    uintx NonNMethodCodeHeapSize                   = 7602480                                {pd product} {ergonomic}
    uintx NonProfiledCodeHeapSize                  = 122027880                              {pd product} {ergonomic}
    uintx ProfiledCodeHeapSize                     = 122027880                              {pd product} {ergonomic}
    uintx ReservedCodeCacheSize                    = 251658240                              {pd product} {ergonomic}
     bool SegmentedCodeCache                       = true                                      {product} {ergonomic}
   size_t SoftMaxHeapSize                          = 8510242816                             {manageable} {ergonomic}
     bool UseCompressedOops                        = true                           {product lp64_product} {ergonomic}
     bool UseG1GC                                  = true                                      {product} {ergonomic}
     bool UseLargePagesIndividualAllocation        = false                                  {pd product} {ergonomic}

Logging:
Log output configuration:
 #0: stdout all=warning uptime,level,tags foldmultilines=false
 #1: stderr all=off uptime,level,tags foldmultilines=false

Environment Variables:
JAVA_HOME=C:\Program Files\AdoptOpenJDK\jdk-8.0.282.8-hotspot
PATH=C:\Program Files\Common Files\Oracle\Java\javapath;C:\Oracle\DevSuiteHome_2\jdk\jre\bin\classic;C:\Oracle\DevSuiteHome_2\jdk\jre\bin;C:\Oracle\DevSuiteHome_2\jdk\jre\bin\client;C:\Oracle\DevSuiteHome_2\jlib;C:\Oracle\DevSuiteHome_2\bin;C:\Oracle\DevSuiteHome_2\jre\1.4.2\bin\client;C:\Oracle\DevSuiteHome_2\jre\1.4.2\bin;C:\Program Files\AdoptOpenJDK\jdk-8.0.282.8-hotspot\bin;C:\WINDOWS\system32;C:\WINDOWS;C:\WINDOWS\System32\Wbem;C:\WINDOWS\System32\WindowsPowerShell\v1.0\;C:\WINDOWS\System32\OpenSSH\;C:\Program Files\dotnet\;C:\Program Files\Git\cmd;C:\Program Files\TortoiseSVN\bin;C:\Program Files\AdoptOpenJDK\jdk-8.0.282.8-hotspot\bin;C:\Program Files\apache-maven-3.9.0\bin;C:\Users\gabriela.gutierrezr\AppData\Local\Microsoft\WindowsApps;C:\Program Files\AdoptOpenJDK\jdk-8.0.282.8-hotspot\bin;C:\Program Files\apache-maven-3.9.0\bin;
USERNAME=gabriela.gutierrezr
OS=Windows_NT
PROCESSOR_IDENTIFIER=Intel64 Family 6 Model 186 Stepping 2, GenuineIntel
TMP=C:\Users\GABRIE~1.GUT\AppData\Local\Temp
TEMP=C:\Users\GABRIE~1.GUT\AppData\Local\Temp




Periodic native trim disabled

---------------  S Y S T E M  ---------------

OS:
 Windows 11 , 64 bit Build 26100 (10.0.26100.6725)
OS uptime: 29 days 19:21 hours
Hyper-V role detected

CPU: total 20 (initial active 20) (10 cores per cpu, 2 threads per core) family 6 model 186 stepping 2 microcode 0x4128, cx8, cmov, fxsr, ht, mmx, 3dnowpref, sse, sse2, sse3, ssse3, sse4.1, sse4.2, popcnt, lzcnt, tsc, tscinvbit, avx, avx2, aes, erms, clmul, bmi1, bmi2, adx, sha, fma, vzeroupper, clflush, clflushopt, clwb, hv, serialize, rdtscp, rdpid, fsrm, f16c, cet_ibt, cet_ss
Processor Information for processor 0
  Max Mhz: 2400, Current Mhz: 2400, Mhz Limit: 2400
Processor Information for processor 1
  Max Mhz: 2400, Current Mhz: 1520, Mhz Limit: 2400
Processor Information for processor 2
  Max Mhz: 2400, Current Mhz: 1520, Mhz Limit: 2400
Processor Information for processor 3
  Max Mhz: 2400, Current Mhz: 1520, Mhz Limit: 2400
Processor Information for processor 4
  Max Mhz: 2400, Current Mhz: 2400, Mhz Limit: 2400
Processor Information for processor 5
  Max Mhz: 2400, Current Mhz: 2400, Mhz Limit: 2400
Processor Information for processor 6
  Max Mhz: 2400, Current Mhz: 2400, Mhz Limit: 2400
Processor Information for processor 7
  Max Mhz: 2400, Current Mhz: 2400, Mhz Limit: 2400
Processor Information for processor 8
  Max Mhz: 2400, Current Mhz: 1520, Mhz Limit: 2400
Processor Information for processor 9
  Max Mhz: 2400, Current Mhz: 2400, Mhz Limit: 2400
Processor Information for processor 10
  Max Mhz: 2400, Current Mhz: 2400, Mhz Limit: 2400
Processor Information for processor 11
  Max Mhz: 2400, Current Mhz: 2400, Mhz Limit: 2400
Processor Information for processor 12
  Max Mhz: 2400, Current Mhz: 2400, Mhz Limit: 2400
Processor Information for processor 13
  Max Mhz: 2400, Current Mhz: 2400, Mhz Limit: 2400
Processor Information for processor 14
  Max Mhz: 2400, Current Mhz: 2400, Mhz Limit: 2400
Processor Information for processor 15
  Max Mhz: 2400, Current Mhz: 1466, Mhz Limit: 2400
Processor Information for processor 16
  Max Mhz: 2400, Current Mhz: 1466, Mhz Limit: 2400
Processor Information for processor 17
  Max Mhz: 2400, Current Mhz: 1466, Mhz Limit: 2400
Processor Information for processor 18
  Max Mhz: 2400, Current Mhz: 1466, Mhz Limit: 2400
Processor Information for processor 19
  Max Mhz: 2400, Current Mhz: 1466, Mhz Limit: 2400

Memory: 4k page, system-wide physical 32452M (4953M free)
TotalPageFile size 40452M (AvailPageFile size 268M)
current process WorkingSet (physical memory assigned to process): 1025M, peak: 1097M
current process commit charge ("private bytes"): 1089M, peak: 2018M

vm_info: Java HotSpot(TM) 64-Bit Server VM (21.0.6+8-LTS-188) for windows-amd64 JRE (21.0.6+8-LTS-188), built on 2024-12-03T10:50:54Z by "mach5one" with MS VC++ 17.6 (VS2022)

END.
