#
# There is insufficient memory for the Java Runtime Environment to continue.
# Native memory allocation (mmap) failed to map 486539264 bytes for G1 virtual space
# Possible reasons:
#   The system is out of physical RAM or swap space
#   The process is running with CompressedOops enabled, and the Java Heap may be blocking the growth of the native heap
# Possible solutions:
#   Reduce memory load on the system
#   Increase physical memory or swap space
#   Check if swap backing store is full
#   Decrease Java heap size (-Xmx/-Xms)
#   Decrease number of Java threads
#   Decrease Java thread stack sizes (-Xss)
#   Set larger code cache with -XX:ReservedCodeCacheSize=
#   JVM is running with Zero Based Compressed Oops mode in which the Java heap is
#     placed in the first 32GB address space. The Java Heap base address is the
#     maximum limit for the native heap growth. Please use -XX:HeapBaseMinAddress
#     to set the Java Heap base and to place the Java Heap above 32GB virtual address.
# This output file may be truncated or incomplete.
#
#  Out of Memory Error (os_windows.cpp:3603), pid=177948, tid=158844
#
# JRE version: Java(TM) SE Runtime Environment (21.0.6+8) (build 21.0.6+8-LTS-188)
# Java VM: Java HotSpot(TM) 64-Bit Server VM (21.0.6+8-LTS-188, mixed mode, sharing, tiered, compressed oops, compressed class ptrs, g1 gc, windows-amd64)
# No core dump will be written. Minidumps are not enabled by default on client versions of Windows
#

---------------  S U M M A R Y ------------

Command Line: -javaagent:C:\Program Files\JetBrains\IntelliJ IDEA Community Edition 2025.2\lib\idea_rt.jar=54612 -Dfile.encoding=UTF-8 -Dsun.stdout.encoding=UTF-8 -Dsun.stderr.encoding=UTF-8 -agentpath:C:\Program Files\Palo Alto Networks\Traps\cyjagent.dll com.example.empleados.EmpleadosApplication

Host: 13th Gen Intel(R) Core(TM) i7-13700H, 20 cores, 31G,  Windows 11 , 64 bit Build 26100 (10.0.26100.6725)
Time: Fri Nov 14 17:58:11 2025 Hora estándar central (México) elapsed time: 6.361913 seconds (0d 0h 0m 6s)

---------------  T H R E A D  ---------------

Current thread (0x000001a82212c7f0):  VMThread "VM Thread"          [id=158844, stack(0x000000092d900000,0x000000092da00000) (1024K)]

Stack: [0x000000092d900000,0x000000092da00000]
Native frames: (J=compiled Java code, j=interpreted, Vv=VM code, C=native code)
V  [jvm.dll+0x6ca6d9]
V  [jvm.dll+0x854f51]
V  [jvm.dll+0x85747e]
V  [jvm.dll+0x857b53]
V  [jvm.dll+0x27dcc6]
V  [jvm.dll+0x6c6e55]
V  [jvm.dll+0x6bb9da]
V  [jvm.dll+0x35393a]
V  [jvm.dll+0x35b596]
V  [jvm.dll+0x3adefe]
V  [jvm.dll+0x3ae1a8]
V  [jvm.dll+0x327cbc]
V  [jvm.dll+0x327d47]
V  [jvm.dll+0x36c60c]
V  [jvm.dll+0x36ae5e]
V  [jvm.dll+0x327481]
V  [jvm.dll+0x36a57a]
V  [jvm.dll+0x85d920]
V  [jvm.dll+0x85eca4]
V  [jvm.dll+0x85f1e0]
V  [jvm.dll+0x85f483]
V  [jvm.dll+0x7ff2fb]
V  [jvm.dll+0x6c8dbd]
C  [ucrtbase.dll+0x37b0]
C  [cyinjct.dll+0x11e7]
C  [KERNEL32.DLL+0x2e8d7]
C  [ntdll.dll+0x8c53c]

VM_Operation (0x00000009313feb40): G1CollectForAllocation, mode: safepoint, requested by thread 0x000001a874cd2640


---------------  P R O C E S S  ---------------

Threads class SMR info:
_java_thread_list=0x000001a825e5f2c0, length=51, elements={
0x000001a87d733210, 0x000001a8251c7a80, 0x000001a8251c8680, 0x000001a8251cb290,
0x000001a8251cbce0, 0x000001a8251cc730, 0x000001a8251cd240, 0x000001a8251defe0,
0x000001a8251e1090, 0x000001a82211c560, 0x000001a8252f6ff0, 0x000001a8252ff840,
0x000001a825306200, 0x000001a8253453f0, 0x000001a825ada8e0, 0x000001a825a91fa0,
0x000001a86baf58d0, 0x000001a86b79a8b0, 0x000001a86b716b70, 0x000001a825dec7b0,
0x000001a86b87fc00, 0x000001a86ba6b240, 0x000001a874ccde10, 0x000001a874ccd0f0,
0x000001a874cce4a0, 0x000001a874ccb6b0, 0x000001a874ccd780, 0x000001a874ccca60,
0x000001a874ccb020, 0x000001a874cceb30, 0x000001a874ccf1c0, 0x000001a874ccbd40,
0x000001a874ccf850, 0x000001a874ccc3d0, 0x000001a874ccfee0, 0x000001a874cd1290,
0x000001a874cd1920, 0x000001a874cd0570, 0x000001a874cd1fb0, 0x000001a874cd2640,
0x000001a86be26df0, 0x000001a86be260d0, 0x000001a870b83140, 0x000001a870b865c0,
0x000001a870b844f0, 0x000001a870b84b80, 0x000001a870b85f30, 0x000001a870b85210,
0x000001a870b86c50, 0x000001a870b837d0, 0x000001a870b872e0
}

Java Threads: ( => current thread )
  0x000001a87d733210 JavaThread "main"                              [_thread_blocked, id=186388, stack(0x000000092d200000,0x000000092d300000) (1024K)]
  0x000001a8251c7a80 JavaThread "Reference Handler"          daemon [_thread_blocked, id=184720, stack(0x000000092da00000,0x000000092db00000) (1024K)]
  0x000001a8251c8680 JavaThread "Finalizer"                  daemon [_thread_blocked, id=173516, stack(0x000000092db00000,0x000000092dc00000) (1024K)]
  0x000001a8251cb290 JavaThread "Signal Dispatcher"          daemon [_thread_blocked, id=185592, stack(0x000000092dc00000,0x000000092dd00000) (1024K)]
  0x000001a8251cbce0 JavaThread "Attach Listener"            daemon [_thread_blocked, id=169060, stack(0x000000092dd00000,0x000000092de00000) (1024K)]
  0x000001a8251cc730 JavaThread "Service Thread"             daemon [_thread_blocked, id=179592, stack(0x000000092de00000,0x000000092df00000) (1024K)]
  0x000001a8251cd240 JavaThread "Monitor Deflation Thread"   daemon [_thread_blocked, id=189896, stack(0x000000092df00000,0x000000092e000000) (1024K)]
  0x000001a8251defe0 JavaThread "C2 CompilerThread0"         daemon [_thread_blocked, id=195204, stack(0x000000092e000000,0x000000092e100000) (1024K)]
  0x000001a8251e1090 JavaThread "C1 CompilerThread0"         daemon [_thread_blocked, id=190048, stack(0x000000092e100000,0x000000092e200000) (1024K)]
  0x000001a82211c560 JavaThread "Common-Cleaner"             daemon [_thread_blocked, id=188160, stack(0x000000092e200000,0x000000092e300000) (1024K)]
  0x000001a8252f6ff0 JavaThread "C1 CompilerThread1"         daemon [_thread_blocked, id=194956, stack(0x000000092e300000,0x000000092e400000) (1024K)]
  0x000001a8252ff840 JavaThread "C1 CompilerThread2"         daemon [_thread_blocked, id=191936, stack(0x000000092e400000,0x000000092e500000) (1024K)]
  0x000001a825306200 JavaThread "C1 CompilerThread3"         daemon [_thread_blocked, id=13432, stack(0x000000092e500000,0x000000092e600000) (1024K)]
  0x000001a8253453f0 JavaThread "C2 CompilerThread1"         daemon [_thread_blocked, id=189252, stack(0x000000092e600000,0x000000092e700000) (1024K)]
  0x000001a825ada8e0 JavaThread "Monitor Ctrl-Break"         daemon [_thread_in_native, id=166768, stack(0x000000092e700000,0x000000092e800000) (1024K)]
  0x000001a825a91fa0 JavaThread "Notification Thread"        daemon [_thread_blocked, id=56876, stack(0x000000092e800000,0x000000092e900000) (1024K)]
  0x000001a86baf58d0 JavaThread "RMI TCP Accept-0"           daemon [_thread_in_native, id=173812, stack(0x000000092f800000,0x000000092f900000) (1024K)]
  0x000001a86b79a8b0 JavaThread "RMI TCP Connection(1)-148.202.222.110" daemon [_thread_blocked, id=191904, stack(0x000000092f900000,0x000000092fa00000) (1024K)]
  0x000001a86b716b70 JavaThread "RMI Scheduler(0)"           daemon [_thread_blocked, id=179392, stack(0x000000092fa00000,0x000000092fb00000) (1024K)]
  0x000001a825dec7b0 JavaThread "JMX server connection timeout 45" daemon [_thread_blocked, id=174840, stack(0x000000092fb00000,0x000000092fc00000) (1024K)]
  0x000001a86b87fc00 JavaThread "Thread-0"                          [_thread_blocked, id=160308, stack(0x000000092fc00000,0x000000092fd00000) (1024K)]
  0x000001a86ba6b240 JavaThread "restartedMain"                     [_thread_blocked, id=150384, stack(0x000000092fd00000,0x000000092fe00000) (1024K)]
  0x000001a874ccde10 JavaThread "ClassGraph-worker-29"       daemon [_thread_blocked, id=179080, stack(0x000000092eb00000,0x000000092ec00000) (1024K)]
  0x000001a874ccd0f0 JavaThread "ClassGraph-worker-30"       daemon [_thread_blocked, id=150544, stack(0x000000092ec00000,0x000000092ed00000) (1024K)]
  0x000001a874cce4a0 JavaThread "ClassGraph-worker-31"       daemon [_thread_blocked, id=188048, stack(0x000000092fe00000,0x000000092ff00000) (1024K)]
  0x000001a874ccb6b0 JavaThread "ClassGraph-worker-32"       daemon [_thread_blocked, id=195096, stack(0x0000000930500000,0x0000000930600000) (1024K)]
  0x000001a874ccd780 JavaThread "ClassGraph-worker-33"       daemon [_thread_blocked, id=188076, stack(0x0000000930600000,0x0000000930700000) (1024K)]
  0x000001a874ccca60 JavaThread "ClassGraph-worker-34"       daemon [_thread_blocked, id=160600, stack(0x0000000930700000,0x0000000930800000) (1024K)]
  0x000001a874ccb020 JavaThread "ClassGraph-worker-35"       daemon [_thread_blocked, id=186696, stack(0x0000000930800000,0x0000000930900000) (1024K)]
  0x000001a874cceb30 JavaThread "ClassGraph-worker-36"       daemon [_thread_blocked, id=158324, stack(0x0000000930900000,0x0000000930a00000) (1024K)]
  0x000001a874ccf1c0 JavaThread "ClassGraph-worker-37"       daemon [_thread_blocked, id=166144, stack(0x0000000930a00000,0x0000000930b00000) (1024K)]
  0x000001a874ccbd40 JavaThread "ClassGraph-worker-38"       daemon [_thread_blocked, id=161536, stack(0x0000000930b00000,0x0000000930c00000) (1024K)]
  0x000001a874ccf850 JavaThread "ClassGraph-worker-39"       daemon [_thread_blocked, id=194488, stack(0x0000000930c00000,0x0000000930d00000) (1024K)]
  0x000001a874ccc3d0 JavaThread "ClassGraph-worker-40"       daemon [_thread_blocked, id=165196, stack(0x0000000930d00000,0x0000000930e00000) (1024K)]
  0x000001a874ccfee0 JavaThread "ClassGraph-worker-41"       daemon [_thread_blocked, id=83440, stack(0x0000000930e00000,0x0000000930f00000) (1024K)]
  0x000001a874cd1290 JavaThread "ClassGraph-worker-42"       daemon [_thread_blocked, id=184152, stack(0x0000000930f00000,0x0000000931000000) (1024K)]
  0x000001a874cd1920 JavaThread "ClassGraph-worker-43"       daemon [_thread_blocked, id=183752, stack(0x0000000931000000,0x0000000931100000) (1024K)]
  0x000001a874cd0570 JavaThread "ClassGraph-worker-44"       daemon [_thread_blocked, id=115852, stack(0x0000000931100000,0x0000000931200000) (1024K)]
  0x000001a874cd1fb0 JavaThread "ClassGraph-worker-45"       daemon [_thread_blocked, id=186128, stack(0x0000000931200000,0x0000000931300000) (1024K)]
  0x000001a874cd2640 JavaThread "ClassGraph-worker-46"       daemon [_thread_blocked, id=184960, stack(0x0000000931300000,0x0000000931400000) (1024K)]
  0x000001a86be26df0 JavaThread "ClassGraph-worker-47"       daemon [_thread_blocked, id=184040, stack(0x0000000931400000,0x0000000931500000) (1024K)]
  0x000001a86be260d0 JavaThread "ClassGraph-worker-48"       daemon [_thread_blocked, id=171428, stack(0x0000000931500000,0x0000000931600000) (1024K)]
  0x000001a870b83140 JavaThread "ClassGraph-worker-49"       daemon [_thread_blocked, id=190824, stack(0x0000000931600000,0x0000000931700000) (1024K)]
  0x000001a870b865c0 JavaThread "ClassGraph-worker-50"       daemon [_thread_blocked, id=171796, stack(0x0000000931700000,0x0000000931800000) (1024K)]
  0x000001a870b844f0 JavaThread "ClassGraph-worker-51"       daemon [_thread_blocked, id=185120, stack(0x0000000931800000,0x0000000931900000) (1024K)]
  0x000001a870b84b80 JavaThread "ClassGraph-worker-52"       daemon [_thread_blocked, id=195284, stack(0x0000000931900000,0x0000000931a00000) (1024K)]
  0x000001a870b85f30 JavaThread "ClassGraph-worker-53"       daemon [_thread_blocked, id=190396, stack(0x0000000931a00000,0x0000000931b00000) (1024K)]
  0x000001a870b85210 JavaThread "ClassGraph-worker-54"       daemon [_thread_blocked, id=190800, stack(0x0000000931b00000,0x0000000931c00000) (1024K)]
  0x000001a870b86c50 JavaThread "ClassGraph-worker-55"       daemon [_thread_blocked, id=180796, stack(0x0000000931c00000,0x0000000931d00000) (1024K)]
  0x000001a870b837d0 JavaThread "ClassGraph-worker-56"       daemon [_thread_blocked, id=171744, stack(0x0000000931d00000,0x0000000931e00000) (1024K)]
  0x000001a870b872e0 JavaThread "ClassGraph-worker-57"       daemon [_thread_blocked, id=177512, stack(0x0000000931e00000,0x0000000931f00000) (1024K)]
Total: 51

Other Threads:
=>0x000001a82212c7f0 VMThread "VM Thread"                           [id=158844, stack(0x000000092d900000,0x000000092da00000) (1024K)]
  0x000001a8251a11c0 WatcherThread "VM Periodic Task Thread"        [id=184968, stack(0x000000092d800000,0x000000092d900000) (1024K)]
  0x000001a821f70780 WorkerThread "GC Thread#0"                     [id=155324, stack(0x000000092d300000,0x000000092d400000) (1024K)]
  0x000001a86b580200 WorkerThread "GC Thread#1"                     [id=193516, stack(0x000000092ed00000,0x000000092ee00000) (1024K)]
  0x000001a86bc9cb50 WorkerThread "GC Thread#2"                     [id=114700, stack(0x000000092ee00000,0x000000092ef00000) (1024K)]
  0x000001a825e5eac0 WorkerThread "GC Thread#3"                     [id=108328, stack(0x000000092ef00000,0x000000092f000000) (1024K)]
  0x000001a825e5de50 WorkerThread "GC Thread#4"                     [id=16588, stack(0x000000092f000000,0x000000092f100000) (1024K)]
  0x000001a825e5e1f0 WorkerThread "GC Thread#5"                     [id=189868, stack(0x000000092f100000,0x000000092f200000) (1024K)]
  0x000001a86baa4a80 WorkerThread "GC Thread#6"                     [id=166520, stack(0x000000092f200000,0x000000092f300000) (1024K)]
  0x000001a86baa4e20 WorkerThread "GC Thread#7"                     [id=183476, stack(0x000000092f300000,0x000000092f400000) (1024K)]
  0x000001a86b71eb70 WorkerThread "GC Thread#8"                     [id=166120, stack(0x000000092f400000,0x000000092f500000) (1024K)]
  0x000001a86b762870 WorkerThread "GC Thread#9"                     [id=175728, stack(0x000000092f500000,0x000000092f600000) (1024K)]
  0x000001a86b762c10 WorkerThread "GC Thread#10"                    [id=176872, stack(0x000000092f600000,0x000000092f700000) (1024K)]
  0x000001a86b71ff30 WorkerThread "GC Thread#11"                    [id=187140, stack(0x000000092f700000,0x000000092f800000) (1024K)]
  0x000001a86bc87df0 WorkerThread "GC Thread#12"                    [id=99088, stack(0x000000092ff00000,0x0000000930000000) (1024K)]
  0x000001a86bc88530 WorkerThread "GC Thread#13"                    [id=105744, stack(0x0000000930000000,0x0000000930100000) (1024K)]
  0x000001a86bc87310 WorkerThread "GC Thread#14"                    [id=145660, stack(0x0000000930100000,0x0000000930200000) (1024K)]
  0x000001a821fb2010 ConcurrentGCThread "G1 Main Marker"            [id=141860, stack(0x000000092d400000,0x000000092d500000) (1024K)]
  0x000001a821fb3580 WorkerThread "G1 Conc#0"                       [id=187624, stack(0x000000092d500000,0x000000092d600000) (1024K)]
  0x000001a86bc88190 WorkerThread "G1 Conc#1"                       [id=195388, stack(0x0000000930200000,0x0000000930300000) (1024K)]
  0x000001a86bc86bd0 WorkerThread "G1 Conc#2"                       [id=190060, stack(0x0000000930300000,0x0000000930400000) (1024K)]
  0x000001a86ce85b10 WorkerThread "G1 Conc#3"                       [id=108164, stack(0x0000000930400000,0x0000000930500000) (1024K)]
  0x000001a82206aed0 ConcurrentGCThread "G1 Refine#0"               [id=178192, stack(0x000000092d600000,0x000000092d700000) (1024K)]
  0x000001a82206c7f0 ConcurrentGCThread "G1 Service"                [id=189288, stack(0x000000092d700000,0x000000092d800000) (1024K)]
Total: 24

Threads with active compile tasks:
Total: 0

VM state: at safepoint (normal execution)

VM Mutex/Monitor currently owned by a thread:  ([mutex/lock_event])
[0x00007fffc76dde98] Threads_lock - owner thread: 0x000001a82212c7f0
[0x00007fffc76ddf98] Heap_lock - owner thread: 0x000001a874cd2640

Heap address: 0x0000000604c00000, size: 8116 MB, Compressed Oops mode: Zero based, Oop shift amount: 3

CDS archive(s) mapped at: [0x000001a826000000-0x000001a826c90000-0x000001a826c90000), size 13172736, SharedBaseAddress: 0x000001a826000000, ArchiveRelocationMode: 1.
Compressed class space mapped at: 0x000001a827000000-0x000001a867000000, reserved size: 1073741824
Narrow klass base: 0x000001a826000000, Narrow klass shift: 0, Narrow klass range: 0x100000000

GC Precious Log:
 CardTable entry size: 512
 Card Set container configuration: InlinePtr #cards 4 size 8 Array Of Cards #cards 32 size 80 Howl #buckets 8 coarsen threshold 7372 Howl Bitmap #cards 1024 size 144 coarsen threshold 921 Card regions per heap region 1 cards per card region 8192
 CPUs: 20 total, 20 available
 Memory: 32452M
 Large Page Support: Disabled
 NUMA Support: Disabled
 Compressed Oops: Enabled (Zero based)
 Heap Region Size: 4M
 Heap Min Capacity: 8M
 Heap Initial Capacity: 508M
 Heap Max Capacity: 8116M
 Pre-touch: Disabled
 Parallel Workers: 15
 Concurrent Workers: 4
 Concurrent Refinement Workers: 15
 Periodic GC: Disabled

Heap:
 garbage-first heap   total 614400K, used 260002K [0x0000000604c00000, 0x0000000800000000)
  region size 4096K, 6 young (24576K), 6 survivors (24576K)
 Metaspace       used 42340K, committed 43072K, reserved 1114112K
  class space    used 5546K, committed 5888K, reserved 1048576K

Heap Regions: E=young(eden), S=young(survivor), O=old, HS=humongous(starts), HC=humongous(continues), CS=collection set, F=free, TAMS=top-at-mark-start, PB=parsable bottom
|   0|0x0000000604c00000, 0x0000000605000000, 0x0000000605000000|100%| O|  |TAMS 0x0000000604c00000| PB 0x0000000604c00000| Untracked 
|   1|0x0000000605000000, 0x0000000605400000, 0x0000000605400000|100%| O|  |TAMS 0x0000000605000000| PB 0x0000000605000000| Untracked 
|   2|0x0000000605400000, 0x0000000605800000, 0x0000000605800000|100%| O|  |TAMS 0x0000000605400000| PB 0x0000000605400000| Untracked 
|   3|0x0000000605800000, 0x0000000605c00000, 0x0000000605c00000|100%| O|  |TAMS 0x0000000605800000| PB 0x0000000605800000| Untracked 
|   4|0x0000000605c00000, 0x0000000606000000, 0x0000000606000000|100%| O|  |TAMS 0x0000000605c00000| PB 0x0000000605c00000| Untracked 
|   5|0x0000000606000000, 0x0000000606400000, 0x0000000606400000|100%| O|  |TAMS 0x0000000606000000| PB 0x0000000606000000| Untracked 
|   6|0x0000000606400000, 0x0000000606800000, 0x0000000606800000|100%| O|  |TAMS 0x0000000606400000| PB 0x0000000606400000| Untracked 
|   7|0x0000000606800000, 0x0000000606c00000, 0x0000000606c00000|100%| O|  |TAMS 0x0000000606800000| PB 0x0000000606800000| Untracked 
|   8|0x0000000606c00000, 0x0000000607000000, 0x0000000607000000|100%| O|  |TAMS 0x0000000606c00000| PB 0x0000000606c00000| Untracked 
|   9|0x0000000607000000, 0x0000000607400000, 0x0000000607400000|100%| O|  |TAMS 0x0000000607000000| PB 0x0000000607000000| Untracked 
|  10|0x0000000607400000, 0x0000000607800000, 0x0000000607800000|100%| O|  |TAMS 0x0000000607400000| PB 0x0000000607400000| Untracked 
|  11|0x0000000607800000, 0x0000000607c00000, 0x0000000607c00000|100%| O|  |TAMS 0x0000000607800000| PB 0x0000000607800000| Untracked 
|  12|0x0000000607c00000, 0x0000000608000000, 0x0000000608000000|100%| O|  |TAMS 0x0000000607c00000| PB 0x0000000607c00000| Untracked 
|  13|0x0000000608000000, 0x0000000608400000, 0x0000000608400000|100%| O|  |TAMS 0x0000000608000000| PB 0x0000000608000000| Untracked 
|  14|0x0000000608400000, 0x0000000608800000, 0x0000000608800000|100%| O|  |TAMS 0x0000000608400000| PB 0x0000000608400000| Untracked 
|  15|0x0000000608800000, 0x0000000608c00000, 0x0000000608c00000|100%| O|  |TAMS 0x0000000608800000| PB 0x0000000608800000| Untracked 
|  16|0x0000000608c00000, 0x0000000609000000, 0x0000000609000000|100%| O|  |TAMS 0x0000000608c00000| PB 0x0000000608c00000| Untracked 
|  17|0x0000000609000000, 0x0000000609400000, 0x0000000609400000|100%| O|  |TAMS 0x0000000609000000| PB 0x0000000609000000| Untracked 
|  18|0x0000000609400000, 0x0000000609800000, 0x0000000609800000|100%| O|  |TAMS 0x0000000609400000| PB 0x0000000609400000| Untracked 
|  19|0x0000000609800000, 0x0000000609c00000, 0x0000000609c00000|100%| O|  |TAMS 0x0000000609800000| PB 0x0000000609800000| Untracked 
|  20|0x0000000609c00000, 0x000000060a000000, 0x000000060a000000|100%| O|  |TAMS 0x0000000609c00000| PB 0x0000000609c00000| Untracked 
|  21|0x000000060a000000, 0x000000060a400000, 0x000000060a400000|100%| O|  |TAMS 0x000000060a000000| PB 0x000000060a000000| Untracked 
|  22|0x000000060a400000, 0x000000060a800000, 0x000000060a800000|100%| O|  |TAMS 0x000000060a400000| PB 0x000000060a400000| Untracked 
|  23|0x000000060a800000, 0x000000060ac00000, 0x000000060ac00000|100%| O|  |TAMS 0x000000060a800000| PB 0x000000060a800000| Untracked 
|  24|0x000000060ac00000, 0x000000060b000000, 0x000000060b000000|100%| O|  |TAMS 0x000000060ac00000| PB 0x000000060ac00000| Untracked 
|  25|0x000000060b000000, 0x000000060b400000, 0x000000060b400000|100%| O|  |TAMS 0x000000060b000000| PB 0x000000060b000000| Untracked 
|  26|0x000000060b400000, 0x000000060b800000, 0x000000060b800000|100%| O|  |TAMS 0x000000060b400000| PB 0x000000060b400000| Untracked 
|  27|0x000000060b800000, 0x000000060bc00000, 0x000000060bc00000|100%| O|  |TAMS 0x000000060b800000| PB 0x000000060b800000| Untracked 
|  28|0x000000060bc00000, 0x000000060c000000, 0x000000060c000000|100%| O|  |TAMS 0x000000060bc00000| PB 0x000000060bc00000| Untracked 
|  29|0x000000060c000000, 0x000000060c400000, 0x000000060c400000|100%|HS|  |TAMS 0x000000060c000000| PB 0x000000060c000000| Complete 
|  30|0x000000060c400000, 0x000000060c800000, 0x000000060c800000|100%| O|  |TAMS 0x000000060c400000| PB 0x000000060c400000| Untracked 
|  31|0x000000060c800000, 0x000000060cc00000, 0x000000060cc00000|100%| O|  |TAMS 0x000000060c800000| PB 0x000000060c800000| Untracked 
|  32|0x000000060cc00000, 0x000000060d000000, 0x000000060d000000|100%| O|  |TAMS 0x000000060cc00000| PB 0x000000060cc00000| Untracked 
|  33|0x000000060d000000, 0x000000060d400000, 0x000000060d400000|100%| O|  |TAMS 0x000000060d000000| PB 0x000000060d000000| Untracked 
|  34|0x000000060d400000, 0x000000060d800000, 0x000000060d800000|100%| O|  |TAMS 0x000000060d400000| PB 0x000000060d400000| Untracked 
|  35|0x000000060d800000, 0x000000060dc00000, 0x000000060dc00000|100%| O|  |TAMS 0x000000060d800000| PB 0x000000060d800000| Untracked 
|  36|0x000000060dc00000, 0x000000060e000000, 0x000000060e000000|100%| O|  |TAMS 0x000000060dc00000| PB 0x000000060dc00000| Untracked 
|  37|0x000000060e000000, 0x000000060e400000, 0x000000060e400000|100%| O|  |TAMS 0x000000060e000000| PB 0x000000060e000000| Untracked 
|  38|0x000000060e400000, 0x000000060e800000, 0x000000060e800000|100%| O|  |TAMS 0x000000060e400000| PB 0x000000060e400000| Untracked 
|  39|0x000000060e800000, 0x000000060ec00000, 0x000000060ec00000|100%| O|  |TAMS 0x000000060e800000| PB 0x000000060e800000| Untracked 
|  40|0x000000060ec00000, 0x000000060f000000, 0x000000060f000000|100%| O|  |TAMS 0x000000060ec00000| PB 0x000000060ec00000| Untracked 
|  41|0x000000060f000000, 0x000000060f400000, 0x000000060f400000|100%| O|  |TAMS 0x000000060f000000| PB 0x000000060f000000| Untracked 
|  42|0x000000060f400000, 0x000000060f800000, 0x000000060f800000|100%| O|  |TAMS 0x000000060f400000| PB 0x000000060f400000| Untracked 
|  43|0x000000060f800000, 0x000000060fc00000, 0x000000060fc00000|100%| O|  |TAMS 0x000000060f800000| PB 0x000000060f800000| Untracked 
|  44|0x000000060fc00000, 0x0000000610000000, 0x0000000610000000|100%| O|  |TAMS 0x000000060fc00000| PB 0x000000060fc00000| Untracked 
|  45|0x0000000610000000, 0x0000000610400000, 0x0000000610400000|100%| O|  |TAMS 0x0000000610000000| PB 0x0000000610000000| Untracked 
|  46|0x0000000610400000, 0x0000000610800000, 0x0000000610800000|100%| O|  |TAMS 0x0000000610400000| PB 0x0000000610400000| Untracked 
|  47|0x0000000610800000, 0x0000000610c00000, 0x0000000610c00000|100%| O|  |TAMS 0x0000000610800000| PB 0x0000000610800000| Untracked 
|  48|0x0000000610c00000, 0x0000000611000000, 0x0000000611000000|100%| O|  |TAMS 0x0000000610c00000| PB 0x0000000610c00000| Untracked 
|  49|0x0000000611000000, 0x0000000611400000, 0x0000000611400000|100%| O|  |TAMS 0x0000000611000000| PB 0x0000000611000000| Untracked 
|  50|0x0000000611400000, 0x0000000611800000, 0x0000000611800000|100%| O|  |TAMS 0x0000000611400000| PB 0x0000000611400000| Untracked 
|  51|0x0000000611800000, 0x0000000611c00000, 0x0000000611c00000|100%| O|  |TAMS 0x0000000611800000| PB 0x0000000611800000| Untracked 
|  52|0x0000000611c00000, 0x0000000612000000, 0x0000000612000000|100%| O|  |TAMS 0x0000000611c00000| PB 0x0000000611c00000| Untracked 
|  53|0x0000000612000000, 0x00000006122538e0, 0x0000000612400000| 58%| O|  |TAMS 0x0000000612000000| PB 0x0000000612000000| Untracked 
|  54|0x0000000612400000, 0x0000000612400000, 0x0000000612800000|  0%| F|  |TAMS 0x0000000612400000| PB 0x0000000612400000| Untracked 
|  55|0x0000000612800000, 0x0000000612800000, 0x0000000612c00000|  0%| F|  |TAMS 0x0000000612800000| PB 0x0000000612800000| Untracked 
|  56|0x0000000612c00000, 0x0000000612c00000, 0x0000000613000000|  0%| F|  |TAMS 0x0000000612c00000| PB 0x0000000612c00000| Untracked 
|  57|0x0000000613000000, 0x0000000613400000, 0x0000000613400000|100%| O|  |TAMS 0x0000000613000000| PB 0x0000000613000000| Untracked 
|  58|0x0000000613400000, 0x0000000613800000, 0x0000000613800000|100%| O|  |TAMS 0x0000000613400000| PB 0x0000000613400000| Untracked 
|  59|0x0000000613800000, 0x0000000613c00000, 0x0000000613c00000|100%| O|  |TAMS 0x0000000613800000| PB 0x0000000613800000| Untracked 
|  60|0x0000000613c00000, 0x0000000614000000, 0x0000000614000000|100%| O|  |TAMS 0x0000000613c00000| PB 0x0000000613c00000| Untracked 
|  61|0x0000000614000000, 0x0000000614000000, 0x0000000614400000|  0%| F|  |TAMS 0x0000000614000000| PB 0x0000000614000000| Untracked 
|  62|0x0000000614400000, 0x0000000614400000, 0x0000000614800000|  0%| F|  |TAMS 0x0000000614400000| PB 0x0000000614400000| Untracked 
|  63|0x0000000614800000, 0x0000000614800000, 0x0000000614c00000|  0%| F|  |TAMS 0x0000000614800000| PB 0x0000000614800000| Untracked 
|  64|0x0000000614c00000, 0x0000000614c00000, 0x0000000615000000|  0%| F|  |TAMS 0x0000000614c00000| PB 0x0000000614c00000| Untracked 
|  65|0x0000000615000000, 0x0000000615000000, 0x0000000615400000|  0%| F|  |TAMS 0x0000000615000000| PB 0x0000000615000000| Untracked 
|  66|0x0000000615400000, 0x0000000615400000, 0x0000000615800000|  0%| F|  |TAMS 0x0000000615400000| PB 0x0000000615400000| Untracked 
|  67|0x0000000615800000, 0x0000000615800000, 0x0000000615c00000|  0%| F|  |TAMS 0x0000000615800000| PB 0x0000000615800000| Untracked 
|  68|0x0000000615c00000, 0x0000000615f94f20, 0x0000000616000000| 89%| S|CS|TAMS 0x0000000615c00000| PB 0x0000000615c00000| Complete 
|  69|0x0000000616000000, 0x0000000616400000, 0x0000000616400000|100%| S|CS|TAMS 0x0000000616000000| PB 0x0000000616000000| Complete 
|  70|0x0000000616400000, 0x0000000616400000, 0x0000000616800000|  0%| F|  |TAMS 0x0000000616400000| PB 0x0000000616400000| Untracked 
|  71|0x0000000616800000, 0x0000000616800000, 0x0000000616c00000|  0%| F|  |TAMS 0x0000000616800000| PB 0x0000000616800000| Untracked 
|  72|0x0000000616c00000, 0x0000000616c00000, 0x0000000617000000|  0%| F|  |TAMS 0x0000000616c00000| PB 0x0000000616c00000| Untracked 
|  73|0x0000000617000000, 0x0000000617000000, 0x0000000617400000|  0%| F|  |TAMS 0x0000000617000000| PB 0x0000000617000000| Untracked 
|  74|0x0000000617400000, 0x0000000617400000, 0x0000000617800000|  0%| F|  |TAMS 0x0000000617400000| PB 0x0000000617400000| Untracked 
|  75|0x0000000617800000, 0x0000000617800000, 0x0000000617c00000|  0%| F|  |TAMS 0x0000000617800000| PB 0x0000000617800000| Untracked 
|  76|0x0000000617c00000, 0x0000000618000000, 0x0000000618000000|100%| S|CS|TAMS 0x0000000617c00000| PB 0x0000000617c00000| Complete 
|  77|0x0000000618000000, 0x0000000618400000, 0x0000000618400000|100%| S|CS|TAMS 0x0000000618000000| PB 0x0000000618000000| Complete 
|  78|0x0000000618400000, 0x0000000618800000, 0x0000000618800000|100%| S|CS|TAMS 0x0000000618400000| PB 0x0000000618400000| Complete 
|  79|0x0000000618800000, 0x0000000618c00000, 0x0000000618c00000|100%| S|CS|TAMS 0x0000000618800000| PB 0x0000000618800000| Complete 
|  80|0x0000000618c00000, 0x0000000618c00000, 0x0000000619000000|  0%| F|  |TAMS 0x0000000618c00000| PB 0x0000000618c00000| Untracked 
|  81|0x0000000619000000, 0x0000000619000000, 0x0000000619400000|  0%| F|  |TAMS 0x0000000619000000| PB 0x0000000619000000| Untracked 
|  82|0x0000000619400000, 0x0000000619400000, 0x0000000619800000|  0%| F|  |TAMS 0x0000000619400000| PB 0x0000000619400000| Untracked 
|  83|0x0000000619800000, 0x0000000619800000, 0x0000000619c00000|  0%| F|  |TAMS 0x0000000619800000| PB 0x0000000619800000| Untracked 
|  84|0x0000000619c00000, 0x0000000619c00000, 0x000000061a000000|  0%| F|  |TAMS 0x0000000619c00000| PB 0x0000000619c00000| Untracked 
|  85|0x000000061a000000, 0x000000061a000000, 0x000000061a400000|  0%| F|  |TAMS 0x000000061a000000| PB 0x000000061a000000| Untracked 
|  86|0x000000061a400000, 0x000000061a400000, 0x000000061a800000|  0%| F|  |TAMS 0x000000061a400000| PB 0x000000061a400000| Untracked 
|  87|0x000000061a800000, 0x000000061a800000, 0x000000061ac00000|  0%| F|  |TAMS 0x000000061a800000| PB 0x000000061a800000| Untracked 
|  88|0x000000061ac00000, 0x000000061ac00000, 0x000000061b000000|  0%| F|  |TAMS 0x000000061ac00000| PB 0x000000061ac00000| Untracked 
|  89|0x000000061b000000, 0x000000061b000000, 0x000000061b400000|  0%| F|  |TAMS 0x000000061b000000| PB 0x000000061b000000| Untracked 
|  90|0x000000061b400000, 0x000000061b400000, 0x000000061b800000|  0%| F|  |TAMS 0x000000061b400000| PB 0x000000061b400000| Untracked 
|  91|0x000000061b800000, 0x000000061b800000, 0x000000061bc00000|  0%| F|  |TAMS 0x000000061b800000| PB 0x000000061b800000| Untracked 
|  92|0x000000061bc00000, 0x000000061bc00000, 0x000000061c000000|  0%| F|  |TAMS 0x000000061bc00000| PB 0x000000061bc00000| Untracked 
|  93|0x000000061c000000, 0x000000061c000000, 0x000000061c400000|  0%| F|  |TAMS 0x000000061c000000| PB 0x000000061c000000| Untracked 
|  94|0x000000061c400000, 0x000000061c400000, 0x000000061c800000|  0%| F|  |TAMS 0x000000061c400000| PB 0x000000061c400000| Untracked 
|  95|0x000000061c800000, 0x000000061c800000, 0x000000061cc00000|  0%| F|  |TAMS 0x000000061c800000| PB 0x000000061c800000| Untracked 
|  96|0x000000061cc00000, 0x000000061cc00000, 0x000000061d000000|  0%| F|  |TAMS 0x000000061cc00000| PB 0x000000061cc00000| Untracked 
|  97|0x000000061d000000, 0x000000061d000000, 0x000000061d400000|  0%| F|  |TAMS 0x000000061d000000| PB 0x000000061d000000| Untracked 
|  98|0x000000061d400000, 0x000000061d400000, 0x000000061d800000|  0%| F|  |TAMS 0x000000061d400000| PB 0x000000061d400000| Untracked 
|  99|0x000000061d800000, 0x000000061d800000, 0x000000061dc00000|  0%| F|  |TAMS 0x000000061d800000| PB 0x000000061d800000| Untracked 
| 100|0x000000061dc00000, 0x000000061dc00000, 0x000000061e000000|  0%| F|  |TAMS 0x000000061dc00000| PB 0x000000061dc00000| Untracked 
| 101|0x000000061e000000, 0x000000061e000000, 0x000000061e400000|  0%| F|  |TAMS 0x000000061e000000| PB 0x000000061e000000| Untracked 
| 102|0x000000061e400000, 0x000000061e400000, 0x000000061e800000|  0%| F|  |TAMS 0x000000061e400000| PB 0x000000061e400000| Untracked 
| 103|0x000000061e800000, 0x000000061e800000, 0x000000061ec00000|  0%| F|  |TAMS 0x000000061e800000| PB 0x000000061e800000| Untracked 
| 104|0x000000061ec00000, 0x000000061ec00000, 0x000000061f000000|  0%| F|  |TAMS 0x000000061ec00000| PB 0x000000061ec00000| Untracked 
| 105|0x000000061f000000, 0x000000061f000000, 0x000000061f400000|  0%| F|  |TAMS 0x000000061f000000| PB 0x000000061f000000| Untracked 
| 106|0x000000061f400000, 0x000000061f400000, 0x000000061f800000|  0%| F|  |TAMS 0x000000061f400000| PB 0x000000061f400000| Untracked 
| 107|0x000000061f800000, 0x000000061f800000, 0x000000061fc00000|  0%| F|  |TAMS 0x000000061f800000| PB 0x000000061f800000| Untracked 
| 108|0x000000061fc00000, 0x000000061fc00000, 0x0000000620000000|  0%| F|  |TAMS 0x000000061fc00000| PB 0x000000061fc00000| Untracked 
| 109|0x0000000620000000, 0x0000000620000000, 0x0000000620400000|  0%| F|  |TAMS 0x0000000620000000| PB 0x0000000620000000| Untracked 
| 110|0x0000000620400000, 0x0000000620400000, 0x0000000620800000|  0%| F|  |TAMS 0x0000000620400000| PB 0x0000000620400000| Untracked 
| 111|0x0000000620800000, 0x0000000620800000, 0x0000000620c00000|  0%| F|  |TAMS 0x0000000620800000| PB 0x0000000620800000| Untracked 
| 112|0x0000000620c00000, 0x0000000620c00000, 0x0000000621000000|  0%| F|  |TAMS 0x0000000620c00000| PB 0x0000000620c00000| Untracked 
| 113|0x0000000621000000, 0x0000000621000000, 0x0000000621400000|  0%| F|  |TAMS 0x0000000621000000| PB 0x0000000621000000| Untracked 
| 114|0x0000000621400000, 0x0000000621400000, 0x0000000621800000|  0%| F|  |TAMS 0x0000000621400000| PB 0x0000000621400000| Untracked 
| 115|0x0000000621800000, 0x0000000621800000, 0x0000000621c00000|  0%| F|  |TAMS 0x0000000621800000| PB 0x0000000621800000| Untracked 
| 116|0x0000000621c00000, 0x0000000621c00000, 0x0000000622000000|  0%| F|  |TAMS 0x0000000621c00000| PB 0x0000000621c00000| Untracked 
| 117|0x0000000622000000, 0x0000000622000000, 0x0000000622400000|  0%| F|  |TAMS 0x0000000622000000| PB 0x0000000622000000| Untracked 
| 118|0x0000000622400000, 0x0000000622400000, 0x0000000622800000|  0%| F|  |TAMS 0x0000000622400000| PB 0x0000000622400000| Untracked 
| 119|0x0000000622800000, 0x0000000622800000, 0x0000000622c00000|  0%| F|  |TAMS 0x0000000622800000| PB 0x0000000622800000| Untracked 
| 120|0x0000000622c00000, 0x0000000622c00000, 0x0000000623000000|  0%| F|  |TAMS 0x0000000622c00000| PB 0x0000000622c00000| Untracked 
| 121|0x0000000623000000, 0x0000000623000000, 0x0000000623400000|  0%| F|  |TAMS 0x0000000623000000| PB 0x0000000623000000| Untracked 
| 122|0x0000000623400000, 0x0000000623400000, 0x0000000623800000|  0%| F|  |TAMS 0x0000000623400000| PB 0x0000000623400000| Untracked 
| 123|0x0000000623800000, 0x0000000623800000, 0x0000000623c00000|  0%| F|  |TAMS 0x0000000623800000| PB 0x0000000623800000| Untracked 
| 124|0x0000000623c00000, 0x0000000623c00000, 0x0000000624000000|  0%| F|  |TAMS 0x0000000623c00000| PB 0x0000000623c00000| Untracked 
| 125|0x0000000624000000, 0x0000000624000000, 0x0000000624400000|  0%| F|  |TAMS 0x0000000624000000| PB 0x0000000624000000| Untracked 
| 126|0x0000000624400000, 0x0000000624400000, 0x0000000624800000|  0%| F|  |TAMS 0x0000000624400000| PB 0x0000000624400000| Untracked 
| 127|0x0000000624800000, 0x0000000624800000, 0x0000000624c00000|  0%| F|  |TAMS 0x0000000624800000| PB 0x0000000624800000| Untracked 
| 128|0x0000000624c00000, 0x0000000624c00000, 0x0000000625000000|  0%| F|  |TAMS 0x0000000624c00000| PB 0x0000000624c00000| Untracked 
| 129|0x0000000625000000, 0x0000000625000000, 0x0000000625400000|  0%| F|  |TAMS 0x0000000625000000| PB 0x0000000625000000| Untracked 
| 130|0x0000000625400000, 0x0000000625400000, 0x0000000625800000|  0%| F|  |TAMS 0x0000000625400000| PB 0x0000000625400000| Untracked 
| 131|0x0000000625800000, 0x0000000625800000, 0x0000000625c00000|  0%| F|  |TAMS 0x0000000625800000| PB 0x0000000625800000| Untracked 
| 132|0x0000000625c00000, 0x0000000625c00000, 0x0000000626000000|  0%| F|  |TAMS 0x0000000625c00000| PB 0x0000000625c00000| Untracked 
| 133|0x0000000626000000, 0x0000000626000000, 0x0000000626400000|  0%| F|  |TAMS 0x0000000626000000| PB 0x0000000626000000| Untracked 
| 134|0x0000000626400000, 0x0000000626400000, 0x0000000626800000|  0%| F|  |TAMS 0x0000000626400000| PB 0x0000000626400000| Untracked 
| 135|0x0000000626800000, 0x0000000626800000, 0x0000000626c00000|  0%| F|  |TAMS 0x0000000626800000| PB 0x0000000626800000| Untracked 
| 136|0x0000000626c00000, 0x0000000626c00000, 0x0000000627000000|  0%| F|  |TAMS 0x0000000626c00000| PB 0x0000000626c00000| Untracked 
| 137|0x0000000627000000, 0x0000000627000000, 0x0000000627400000|  0%| F|  |TAMS 0x0000000627000000| PB 0x0000000627000000| Untracked 
| 138|0x0000000627400000, 0x0000000627400000, 0x0000000627800000|  0%| F|  |TAMS 0x0000000627400000| PB 0x0000000627400000| Untracked 
| 139|0x0000000627800000, 0x0000000627800000, 0x0000000627c00000|  0%| F|  |TAMS 0x0000000627800000| PB 0x0000000627800000| Untracked 
| 140|0x0000000627c00000, 0x0000000627c00000, 0x0000000628000000|  0%| F|  |TAMS 0x0000000627c00000| PB 0x0000000627c00000| Untracked 
| 141|0x0000000628000000, 0x0000000628000000, 0x0000000628400000|  0%| F|  |TAMS 0x0000000628000000| PB 0x0000000628000000| Untracked 
| 142|0x0000000628400000, 0x0000000628400000, 0x0000000628800000|  0%| F|  |TAMS 0x0000000628400000| PB 0x0000000628400000| Untracked 
| 143|0x0000000628800000, 0x0000000628800000, 0x0000000628c00000|  0%| F|  |TAMS 0x0000000628800000| PB 0x0000000628800000| Untracked 
| 144|0x0000000628c00000, 0x0000000628c00000, 0x0000000629000000|  0%| F|  |TAMS 0x0000000628c00000| PB 0x0000000628c00000| Untracked 
| 145|0x0000000629000000, 0x0000000629000000, 0x0000000629400000|  0%| F|  |TAMS 0x0000000629000000| PB 0x0000000629000000| Untracked 
| 146|0x0000000629400000, 0x0000000629400000, 0x0000000629800000|  0%| F|  |TAMS 0x0000000629400000| PB 0x0000000629400000| Untracked 
| 147|0x0000000629800000, 0x0000000629800000, 0x0000000629c00000|  0%| F|  |TAMS 0x0000000629800000| PB 0x0000000629800000| Untracked 
| 148|0x0000000629c00000, 0x0000000629c00000, 0x000000062a000000|  0%| F|  |TAMS 0x0000000629c00000| PB 0x0000000629c00000| Untracked 
| 149|0x000000062a000000, 0x000000062a000000, 0x000000062a400000|  0%| F|  |TAMS 0x000000062a000000| PB 0x000000062a000000| Untracked 

Card table byte_map: [0x000001a818f70000,0x000001a819f50000] _byte_map_base: 0x000001a815f4a000

Marking Bits: (CMBitMap*) 0x000001a87def7950
 Bits: [0x000001a819f50000, 0x000001a821e20000)

Polling page: 0x000001a87dce0000

Metaspace:

Usage:
  Non-class:     35.93 MB used.
      Class:      5.42 MB used.
       Both:     41.35 MB used.

Virtual space:
  Non-class space:       64.00 MB reserved,      36.31 MB ( 57%) committed,  1 nodes.
      Class space:        1.00 GB reserved,       5.75 MB ( <1%) committed,  1 nodes.
             Both:        1.06 GB reserved,      42.06 MB (  4%) committed. 

Chunk freelists:
   Non-Class:  11.67 MB
       Class:  10.10 MB
        Both:  21.77 MB

MaxMetaspaceSize: unlimited
CompressedClassSpaceSize: 1.00 GB
Initial GC threshold: 21.00 MB
Current GC threshold: 58.44 MB
CDS: on
 - commit_granule_bytes: 65536.
 - commit_granule_words: 8192.
 - virtual_space_node_default_size: 8388608.
 - enlarge_chunks_in_place: 1.
 - use_allocation_guard: 0.


Internal statistics:

num_allocs_failed_limit: 3.
num_arena_births: 862.
num_arena_deaths: 0.
num_vsnodes_births: 2.
num_vsnodes_deaths: 0.
num_space_committed: 673.
num_space_uncommitted: 0.
num_chunks_returned_to_freelist: 3.
num_chunks_taken_from_freelist: 2363.
num_chunk_merges: 0.
num_chunk_splits: 1596.
num_chunks_enlarged: 1120.
num_inconsistent_stats: 0.

CodeHeap 'non-profiled nmethods': size=119168Kb used=5481Kb max_used=5481Kb free=113686Kb
 bounds [0x000001a80ff60000, 0x000001a8104c0000, 0x000001a8173c0000]
CodeHeap 'profiled nmethods': size=119104Kb used=13355Kb max_used=13355Kb free=105749Kb
 bounds [0x000001a8083c0000, 0x000001a8090d0000, 0x000001a80f810000]
CodeHeap 'non-nmethods': size=7488Kb used=3203Kb max_used=3316Kb free=4284Kb
 bounds [0x000001a80f810000, 0x000001a80fb70000, 0x000001a80ff60000]
 total_blobs=6425 nmethods=5838 adapters=487
 compilation: enabled
              stopped_count=0, restarted_count=0
 full_count=0

Compilation events (20 events):
Event: 4.789 Thread 0x000001a8251defe0 nmethod 6194 0x000001a8104a2290 code [0x000001a8104a2440, 0x000001a8104a2778]
Event: 4.789 Thread 0x000001a8251defe0 6196       4       nonapi.io.github.classgraph.recycler.Recycler::recycle (67 bytes)
Event: 4.799 Thread 0x000001a8251defe0 nmethod 6196 0x000001a8104a2a90 code [0x000001a8104a2ca0, 0x000001a8104a35d8]
Event: 4.801 Thread 0x000001a8253453f0 nmethod 6193 0x000001a8104a3a10 code [0x000001a8104a3da0, 0x000001a8104a55f0]
Event: 4.807 Thread 0x000001a86dcc3ae0 nmethod 6195 0x000001a8104a7090 code [0x000001a8104a7440, 0x000001a8104a8d18]
Event: 4.822 Thread 0x000001a825eafb90 nmethod 6187 0x000001a8104aa890 code [0x000001a8104aae00, 0x000001a8104af570]
Event: 4.884 Thread 0x000001a8253453f0 6197       4       java.util.concurrent.ConcurrentHashMap::helpTransfer (124 bytes)
Event: 4.885 Thread 0x000001a8253453f0 nmethod 6197 0x000001a8104b1290 code [0x000001a8104b1440, 0x000001a8104b1680]
Event: 4.927 Thread 0x000001a8251defe0 6198       4       nonapi.io.github.classgraph.fileslice.reader.ClassfileReader::bufferTo (14 bytes)
Event: 4.927 Thread 0x000001a8251defe0 nmethod 6198 0x000001a8104b1890 code [0x000001a8104b1a20, 0x000001a8104b1ad0]
Event: 4.942 Thread 0x000001a8251defe0 6199       4       nonapi.io.github.classgraph.fileslice.reader.ClassfileReader::readTo (292 bytes)
Event: 4.944 Thread 0x000001a8253453f0 6200   !   4       nonapi.io.github.classgraph.fastzipfilereader.NestedJarHandler$7::read (225 bytes)
Event: 4.956 Thread 0x000001a8253453f0 nmethod 6200 0x000001a8104b1b90 code [0x000001a8104b1e40, 0x000001a8104b34a8]
Event: 4.956 Thread 0x000001a8253453f0 6201   !   4       java.util.concurrent.LinkedBlockingQueue::take (91 bytes)
Event: 4.961 Thread 0x000001a8251defe0 nmethod 6199 0x000001a8104b3f90 code [0x000001a8104b42a0, 0x000001a8104b6608]
Event: 4.962 Thread 0x000001a8253453f0 nmethod 6201 0x000001a8104b7590 code [0x000001a8104b77e0, 0x000001a8104b8268]
Event: 4.968 Thread 0x000001a8251defe0 6202       4       io.github.classgraph.AnnotationInfo::getParameterValues (594 bytes)
Event: 4.975 Thread 0x000001a8251defe0 nmethod 6202 0x000001a8104b8990 code [0x000001a8104b8c00, 0x000001a8104b9918]
Event: 5.051 Thread 0x000001a825306200 6203   !   3       java.util.concurrent.ConcurrentHashMap::fullAddCount (462 bytes)
Event: 5.052 Thread 0x000001a825306200 nmethod 6203 0x000001a8090cb310 code [0x000001a8090cb5e0, 0x000001a8090ccc78]

GC Heap History (20 events):
Event: 3.271 GC heap after
{Heap after GC invocations=14 (full 0):
 garbage-first heap   total 221184K, used 73941K [0x0000000604c00000, 0x0000000800000000)
  region size 4096K, 3 young (12288K), 3 survivors (12288K)
 Metaspace       used 35321K, committed 35904K, reserved 1114112K
  class space    used 4301K, committed 4544K, reserved 1048576K
}
Event: 3.368 GC heap before
{Heap before GC invocations=14 (full 0):
 garbage-first heap   total 221184K, used 180437K [0x0000000604c00000, 0x0000000800000000)
  region size 4096K, 30 young (122880K), 3 survivors (12288K)
 Metaspace       used 35350K, committed 35904K, reserved 1114112K
  class space    used 4303K, committed 4544K, reserved 1048576K
}
Event: 3.375 GC heap after
{Heap after GC invocations=15 (full 0):
 garbage-first heap   total 221184K, used 81404K [0x0000000604c00000, 0x0000000800000000)
  region size 4096K, 2 young (8192K), 2 survivors (8192K)
 Metaspace       used 35350K, committed 35904K, reserved 1114112K
  class space    used 4303K, committed 4544K, reserved 1048576K
}
Event: 3.461 GC heap before
{Heap before GC invocations=15 (full 0):
 garbage-first heap   total 221184K, used 187900K [0x0000000604c00000, 0x0000000800000000)
  region size 4096K, 29 young (118784K), 2 survivors (8192K)
 Metaspace       used 35350K, committed 35904K, reserved 1114112K
  class space    used 4303K, committed 4544K, reserved 1048576K
}
Event: 3.467 GC heap after
{Heap after GC invocations=16 (full 0):
 garbage-first heap   total 364544K, used 90112K [0x0000000604c00000, 0x0000000800000000)
  region size 4096K, 4 young (16384K), 4 survivors (16384K)
 Metaspace       used 35350K, committed 35904K, reserved 1114112K
  class space    used 4303K, committed 4544K, reserved 1048576K
}
Event: 3.590 GC heap before
{Heap before GC invocations=16 (full 0):
 garbage-first heap   total 364544K, used 286720K [0x0000000604c00000, 0x0000000800000000)
  region size 4096K, 53 young (217088K), 4 survivors (16384K)
 Metaspace       used 35350K, committed 35904K, reserved 1114112K
  class space    used 4303K, committed 4544K, reserved 1048576K
}
Event: 3.597 GC heap after
{Heap after GC invocations=17 (full 0):
 garbage-first heap   total 364544K, used 106290K [0x0000000604c00000, 0x0000000800000000)
  region size 4096K, 7 young (28672K), 7 survivors (28672K)
 Metaspace       used 35350K, committed 35904K, reserved 1114112K
  class space    used 4303K, committed 4544K, reserved 1048576K
}
Event: 3.713 GC heap before
{Heap before GC invocations=17 (full 0):
 garbage-first heap   total 364544K, used 290610K [0x0000000604c00000, 0x0000000800000000)
  region size 4096K, 53 young (217088K), 7 survivors (28672K)
 Metaspace       used 35350K, committed 35904K, reserved 1114112K
  class space    used 4303K, committed 4544K, reserved 1048576K
}
Event: 3.723 GC heap after
{Heap after GC invocations=18 (full 0):
 garbage-first heap   total 364544K, used 120739K [0x0000000604c00000, 0x0000000800000000)
  region size 4096K, 4 young (16384K), 4 survivors (16384K)
 Metaspace       used 35350K, committed 35904K, reserved 1114112K
  class space    used 4303K, committed 4544K, reserved 1048576K
}
Event: 3.851 GC heap before
{Heap before GC invocations=18 (full 0):
 garbage-first heap   total 364544K, used 309155K [0x0000000604c00000, 0x0000000800000000)
  region size 4096K, 51 young (208896K), 4 survivors (16384K)
 Metaspace       used 35356K, committed 35904K, reserved 1114112K
  class space    used 4303K, committed 4544K, reserved 1048576K
}
Event: 3.858 GC heap after
{Heap after GC invocations=19 (full 0):
 garbage-first heap   total 364544K, used 130485K [0x0000000604c00000, 0x0000000800000000)
  region size 4096K, 6 young (24576K), 6 survivors (24576K)
 Metaspace       used 35356K, committed 35904K, reserved 1114112K
  class space    used 4303K, committed 4544K, reserved 1048576K
}
Event: 3.949 GC heap before
{Heap before GC invocations=19 (full 0):
 garbage-first heap   total 364544K, used 314805K [0x0000000604c00000, 0x0000000800000000)
  region size 4096K, 52 young (212992K), 6 survivors (24576K)
 Metaspace       used 35356K, committed 35904K, reserved 1114112K
  class space    used 4303K, committed 4544K, reserved 1048576K
}
Event: 3.958 GC heap after
{Heap after GC invocations=20 (full 0):
 garbage-first heap   total 614400K, used 147106K [0x0000000604c00000, 0x0000000800000000)
  region size 4096K, 7 young (28672K), 7 survivors (28672K)
 Metaspace       used 35356K, committed 35904K, reserved 1114112K
  class space    used 4303K, committed 4544K, reserved 1048576K
}
Event: 4.216 GC heap before
{Heap before GC invocations=20 (full 0):
 garbage-first heap   total 614400K, used 487074K [0x0000000604c00000, 0x0000000800000000)
  region size 4096K, 90 young (368640K), 7 survivors (28672K)
 Metaspace       used 35357K, committed 35904K, reserved 1114112K
  class space    used 4303K, committed 4544K, reserved 1048576K
}
Event: 4.228 GC heap after
{Heap after GC invocations=21 (full 0):
 garbage-first heap   total 614400K, used 175548K [0x0000000604c00000, 0x0000000800000000)
  region size 4096K, 10 young (40960K), 10 survivors (40960K)
 Metaspace       used 35357K, committed 35904K, reserved 1114112K
  class space    used 4303K, committed 4544K, reserved 1048576K
}
Event: 4.826 GC heap before
{Heap before GC invocations=21 (full 0):
 garbage-first heap   total 614400K, used 499132K [0x0000000604c00000, 0x0000000800000000)
  region size 4096K, 90 young (368640K), 10 survivors (40960K)
 Metaspace       used 42339K, committed 43072K, reserved 1114112K
  class space    used 5546K, committed 5888K, reserved 1048576K
}
Event: 4.845 GC heap after
{Heap after GC invocations=22 (full 0):
 garbage-first heap   total 614400K, used 209931K [0x0000000604c00000, 0x0000000800000000)
  region size 4096K, 12 young (49152K), 12 survivors (49152K)
 Metaspace       used 42339K, committed 43072K, reserved 1114112K
  class space    used 5546K, committed 5888K, reserved 1048576K
}
Event: 4.999 GC heap before
{Heap before GC invocations=22 (full 0):
 garbage-first heap   total 614400K, used 508939K [0x0000000604c00000, 0x0000000800000000)
  region size 4096K, 86 young (352256K), 12 survivors (49152K)
 Metaspace       used 42339K, committed 43072K, reserved 1114112K
  class space    used 5546K, committed 5888K, reserved 1048576K
}
Event: 5.019 GC heap after
{Heap after GC invocations=23 (full 0):
 garbage-first heap   total 614400K, used 238695K [0x0000000604c00000, 0x0000000800000000)
  region size 4096K, 7 young (28672K), 7 survivors (28672K)
 Metaspace       used 42339K, committed 43072K, reserved 1114112K
  class space    used 5546K, committed 5888K, reserved 1048576K
}
Event: 5.094 GC heap before
{Heap before GC invocations=23 (full 0):
 garbage-first heap   total 614400K, used 521319K [0x0000000604c00000, 0x0000000800000000)
  region size 4096K, 77 young (315392K), 7 survivors (28672K)
 Metaspace       used 42340K, committed 43072K, reserved 1114112K
  class space    used 5546K, committed 5888K, reserved 1048576K
}

Dll operation events (12 events):
Event: 0.007 Loaded shared library C:\Program Files\Java\jdk-21\bin\java.dll
Event: 0.028 Loaded shared library C:\Program Files\Java\jdk-21\bin\jsvml.dll
Event: 0.077 Loaded shared library C:\Program Files\Java\jdk-21\bin\zip.dll
Event: 0.079 Loaded shared library C:\Program Files\Java\jdk-21\bin\instrument.dll
Event: 0.083 Loaded shared library C:\Program Files\Java\jdk-21\bin\net.dll
Event: 0.085 Loaded shared library C:\Program Files\Java\jdk-21\bin\nio.dll
Event: 0.087 Loaded shared library C:\Program Files\Java\jdk-21\bin\zip.dll
Event: 0.140 Loaded shared library C:\Program Files\Java\jdk-21\bin\jimage.dll
Event: 0.179 Loaded shared library C:\Program Files\Java\jdk-21\bin\extnet.dll
Event: 0.181 Loaded shared library C:\Program Files\Java\jdk-21\bin\management.dll
Event: 0.193 Loaded shared library C:\Program Files\Java\jdk-21\bin\management_ext.dll
Event: 1.116 Loaded shared library C:\Program Files\Java\jdk-21\bin\sunmscapi.dll

Deoptimization events (20 events):
Event: 4.734 Thread 0x000001a874ccf1c0 Uncommon trap: trap_request=0xffffff45 fr.pc=0x000001a810371a4c relative=0x000000000000020c
Event: 4.734 Thread 0x000001a874ccc3d0 Uncommon trap: trap_request=0xffffff45 fr.pc=0x000001a810371a4c relative=0x000000000000020c
Event: 4.734 Thread 0x000001a874cd1920 Uncommon trap: trap_request=0xffffff45 fr.pc=0x000001a810371a4c relative=0x000000000000020c
Event: 4.734 Thread 0x000001a86be260d0 Uncommon trap: trap_request=0xffffff45 fr.pc=0x000001a810371a4c relative=0x000000000000020c
Event: 4.734 Thread 0x000001a874ccde10 DEOPT PACKING pc=0x000001a81034cbd8 sp=0x000000092ebfebf0
Event: 4.734 Thread 0x000001a874ccde10 DEOPT UNPACKING pc=0x000001a80f8646a2 sp=0x000000092ebfebb0 mode 2
Event: 4.734 Thread 0x000001a874ccf1c0 Uncommon trap: reason=unstable_if action=reinterpret pc=0x000001a810371a4c method=nonapi.io.github.classgraph.fileslice.reader.ClassfileReader.close()V @ 4 c2
Event: 4.734 Thread 0x000001a874ccc3d0 Uncommon trap: reason=unstable_if action=reinterpret pc=0x000001a810371a4c method=nonapi.io.github.classgraph.fileslice.reader.ClassfileReader.close()V @ 4 c2
Event: 4.734 Thread 0x000001a874cd1920 Uncommon trap: reason=unstable_if action=reinterpret pc=0x000001a810371a4c method=nonapi.io.github.classgraph.fileslice.reader.ClassfileReader.close()V @ 4 c2
Event: 4.734 Thread 0x000001a870b844f0 DEOPT PACKING pc=0x000001a81034cbd8 sp=0x00000009318fedf0
Event: 4.734 Thread 0x000001a86be260d0 Uncommon trap: reason=unstable_if action=reinterpret pc=0x000001a810371a4c method=nonapi.io.github.classgraph.fileslice.reader.ClassfileReader.close()V @ 4 c2
Event: 4.734 Thread 0x000001a870b844f0 DEOPT UNPACKING pc=0x000001a80f8646a2 sp=0x00000009318fedb0 mode 2
Event: 4.734 Thread 0x000001a874ccf1c0 DEOPT PACKING pc=0x000001a810371a4c sp=0x0000000930afe9c0
Event: 4.734 Thread 0x000001a874ccc3d0 DEOPT PACKING pc=0x000001a810371a4c sp=0x0000000930dfec20
Event: 4.734 Thread 0x000001a874ccf1c0 DEOPT UNPACKING pc=0x000001a80f8646a2 sp=0x0000000930afe978 mode 2
Event: 4.734 Thread 0x000001a874cd1920 DEOPT PACKING pc=0x000001a810371a4c sp=0x00000009310fea80
Event: 4.734 Thread 0x000001a874ccc3d0 DEOPT UNPACKING pc=0x000001a80f8646a2 sp=0x0000000930dfebd8 mode 2
Event: 4.734 Thread 0x000001a874cd1920 DEOPT UNPACKING pc=0x000001a80f8646a2 sp=0x00000009310fea38 mode 2
Event: 4.734 Thread 0x000001a86be260d0 DEOPT PACKING pc=0x000001a810371a4c sp=0x00000009315ff110
Event: 4.734 Thread 0x000001a86be260d0 DEOPT UNPACKING pc=0x000001a80f8646a2 sp=0x00000009315ff0c8 mode 2

Classes loaded (20 events):
Event: 2.712 Loading class java/nio/channels/spi/AbstractInterruptibleChannel$1
Event: 2.712 Loading class sun/nio/ch/Interruptible
Event: 2.712 Loading class sun/nio/ch/Interruptible done
Event: 2.712 Loading class java/nio/channels/spi/AbstractInterruptibleChannel$1 done
Event: 2.712 Loading class java/lang/foreign/MemorySegment
Event: 2.713 Loading class java/lang/foreign/MemorySegment done
Event: 2.714 Loading class java/nio/ReadOnlyBufferException
Event: 2.714 Loading class java/nio/ReadOnlyBufferException done
Event: 2.718 Loading class java/util/zip/DataFormatException
Event: 2.719 Loading class java/util/zip/DataFormatException done
Event: 2.875 Loading class sun/nio/fs/WindowsChannelFactory$2
Event: 2.875 Loading class sun/nio/fs/WindowsChannelFactory$2 done
Event: 4.648 Loading class javax/xml/xpath/XPathExpressionException
Event: 4.649 Loading class javax/xml/xpath/XPathException
Event: 4.649 Loading class javax/xml/xpath/XPathException done
Event: 4.649 Loading class javax/xml/xpath/XPathExpressionException done
Event: 4.649 Loading class javax/xml/namespace/NamespaceContext
Event: 4.649 Loading class javax/xml/namespace/NamespaceContext done
Event: 4.654 Loading class jdk/internal/vm/annotation/IntrinsicCandidate
Event: 4.655 Loading class jdk/internal/vm/annotation/IntrinsicCandidate done

Classes unloaded (0 events):
No events

Classes redefined (1 events):
Event: 0.175 Thread 0x000001a82212c7f0 redefined class name=java.io.FileOutputStream, count=1

Internal exceptions (20 events):
Event: 4.640 Thread 0x000001a86ba6b240 Exception <a 'java/lang/ClassNotFoundException'{0x0000000621b22e28}: jakarta/faces/validator/BeanValidator> (0x0000000621b22e28) 
thrown [s\open\src\hotspot\share\classfile\systemDictionary.cpp, line 312]
Event: 4.640 Thread 0x000001a86ba6b240 Exception <a 'java/lang/ClassNotFoundException'{0x0000000621b2eb50}: jakarta/faces/validator/DoubleRangeValidator> (0x0000000621b2eb50) 
thrown [s\open\src\hotspot\share\classfile\systemDictionary.cpp, line 312]
Event: 4.640 Thread 0x000001a86ba6b240 Exception <a 'java/lang/ClassNotFoundException'{0x0000000621b34d70}: jakarta/faces/validator/LengthValidator> (0x0000000621b34d70) 
thrown [s\open\src\hotspot\share\classfile\systemDictionary.cpp, line 312]
Event: 4.641 Thread 0x000001a86ba6b240 Exception <a 'java/lang/ClassNotFoundException'{0x0000000621b3a938}: jakarta/faces/validator/LongRangeValidator> (0x0000000621b3a938) 
thrown [s\open\src\hotspot\share\classfile\systemDictionary.cpp, line 312]
Event: 4.641 Thread 0x000001a86ba6b240 Exception <a 'java/lang/ClassNotFoundException'{0x0000000621b40ac0}: jakarta/faces/validator/MethodExpressionValidator> (0x0000000621b40ac0) 
thrown [s\open\src\hotspot\share\classfile\systemDictionary.cpp, line 312]
Event: 4.641 Thread 0x000001a86ba6b240 Exception <a 'java/lang/ClassNotFoundException'{0x0000000621b45e08}: jakarta/faces/validator/RegexValidator> (0x0000000621b45e08) 
thrown [s\open\src\hotspot\share\classfile\systemDictionary.cpp, line 312]
Event: 4.641 Thread 0x000001a86ba6b240 Exception <a 'java/lang/ClassNotFoundException'{0x0000000621b4afb0}: jakarta/faces/validator/RequiredValidator> (0x0000000621b4afb0) 
thrown [s\open\src\hotspot\share\classfile\systemDictionary.cpp, line 312]
Event: 4.641 Thread 0x000001a86ba6b240 Exception <a 'java/lang/ClassNotFoundException'{0x0000000621b4e640}: org/primefaces/validate/DoubleRangeValidator> (0x0000000621b4e640) 
thrown [s\open\src\hotspot\share\classfile\systemDictionary.cpp, line 312]
Event: 4.642 Thread 0x000001a86ba6b240 Exception <a 'java/lang/ClassNotFoundException'{0x0000000621b52cf8}: org/primefaces/validate/FileValidator> (0x0000000621b52cf8) 
thrown [s\open\src\hotspot\share\classfile\systemDictionary.cpp, line 312]
Event: 4.642 Thread 0x000001a86ba6b240 Exception <a 'java/lang/ClassNotFoundException'{0x0000000621b5d000}: org/primefaces/validate/LengthValidator> (0x0000000621b5d000) 
thrown [s\open\src\hotspot\share\classfile\systemDictionary.cpp, line 312]
Event: 4.642 Thread 0x000001a86ba6b240 Exception <a 'java/lang/ClassNotFoundException'{0x0000000621b607f0}: org/primefaces/validate/LongRangeValidator> (0x0000000621b607f0) 
thrown [s\open\src\hotspot\share\classfile\systemDictionary.cpp, line 312]
Event: 4.642 Thread 0x000001a86ba6b240 Exception <a 'java/lang/ClassNotFoundException'{0x0000000621b64078}: org/primefaces/validate/RegexValidator> (0x0000000621b64078) 
thrown [s\open\src\hotspot\share\classfile\systemDictionary.cpp, line 312]
Event: 4.642 Thread 0x000001a86ba6b240 Exception <a 'java/lang/ClassNotFoundException'{0x0000000621b679c8}: com/example/empleados/controlador/IndexControlador> (0x0000000621b679c8) 
thrown [s\open\src\hotspot\share\classfile\systemDictionary.cpp, line 312]
Event: 4.642 Thread 0x000001a86ba6b240 Exception <a 'java/lang/ClassNotFoundException'{0x0000000621b68068}: com/sun/faces/push/WebsocketChannelManager$ViewScope> (0x0000000621b68068) 
thrown [s\open\src\hotspot\share\classfile\systemDictionary.cpp, line 312]
Event: 4.668 Thread 0x000001a874cce4a0 Implicit null exception at 0x000001a81033c920 to 0x000001a81033dd2c
Event: 4.668 Thread 0x000001a874ccd780 Implicit null exception at 0x000001a81033c920 to 0x000001a81033dd2c
Event: 4.734 Thread 0x000001a874ccf1c0 Implicit null exception at 0x000001a810371883 to 0x000001a810371a38
Event: 4.734 Thread 0x000001a874ccc3d0 Implicit null exception at 0x000001a810371883 to 0x000001a810371a38
Event: 4.734 Thread 0x000001a874cd1920 Implicit null exception at 0x000001a810371883 to 0x000001a810371a38
Event: 4.734 Thread 0x000001a86be260d0 Implicit null exception at 0x000001a810371883 to 0x000001a810371a38

ZGC Phase Switch (0 events):
No events

VM Operations (20 events):
Event: 3.597 Executing VM operation: G1CollectForAllocation (G1 Evacuation Pause) done
Event: 3.713 Executing VM operation: G1CollectForAllocation (G1 Evacuation Pause)
Event: 3.723 Executing VM operation: G1CollectForAllocation (G1 Evacuation Pause) done
Event: 3.851 Executing VM operation: G1CollectForAllocation (G1 Evacuation Pause)
Event: 3.851 Executing VM operation: G1CollectForAllocation (G1 Evacuation Pause) done
Event: 3.851 Executing VM operation: G1CollectForAllocation (GCLocker Initiated GC)
Event: 3.858 Executing VM operation: G1CollectForAllocation (GCLocker Initiated GC) done
Event: 3.949 Executing VM operation: G1CollectForAllocation (G1 Evacuation Pause)
Event: 3.958 Executing VM operation: G1CollectForAllocation (G1 Evacuation Pause) done
Event: 4.216 Executing VM operation: G1CollectForAllocation (G1 Evacuation Pause)
Event: 4.228 Executing VM operation: G1CollectForAllocation (G1 Evacuation Pause) done
Event: 4.826 Executing VM operation: G1CollectForAllocation (G1 Evacuation Pause)
Event: 4.845 Executing VM operation: G1CollectForAllocation (G1 Evacuation Pause) done
Event: 4.999 Executing VM operation: G1CollectForAllocation (G1 Evacuation Pause)
Event: 4.999 Executing VM operation: G1CollectForAllocation (G1 Evacuation Pause) done
Event: 4.999 Executing VM operation: G1CollectForAllocation (GCLocker Initiated GC)
Event: 5.019 Executing VM operation: G1CollectForAllocation (GCLocker Initiated GC) done
Event: 5.093 Executing VM operation: G1CollectForAllocation (G1 Evacuation Pause)
Event: 5.093 Executing VM operation: G1CollectForAllocation (G1 Evacuation Pause) done
Event: 5.093 Executing VM operation: G1CollectForAllocation (GCLocker Initiated GC)

Events (20 events):
Event: 4.667 Thread 0x000001a874ccc3d0 Thread added: 0x000001a874ccc3d0
Event: 4.667 Thread 0x000001a874ccfee0 Thread added: 0x000001a874ccfee0
Event: 4.667 Thread 0x000001a874cd1290 Thread added: 0x000001a874cd1290
Event: 4.668 Thread 0x000001a874cd1920 Thread added: 0x000001a874cd1920
Event: 4.668 Thread 0x000001a874cd0570 Thread added: 0x000001a874cd0570
Event: 4.668 Thread 0x000001a874cd1fb0 Thread added: 0x000001a874cd1fb0
Event: 4.669 Thread 0x000001a874cd2640 Thread added: 0x000001a874cd2640
Event: 4.669 Thread 0x000001a86be26df0 Thread added: 0x000001a86be26df0
Event: 4.669 Thread 0x000001a86be260d0 Thread added: 0x000001a86be260d0
Event: 4.670 Thread 0x000001a870b83140 Thread added: 0x000001a870b83140
Event: 4.670 Thread 0x000001a870b865c0 Thread added: 0x000001a870b865c0
Event: 4.670 Thread 0x000001a870b844f0 Thread added: 0x000001a870b844f0
Event: 4.671 Thread 0x000001a870b84b80 Thread added: 0x000001a870b84b80
Event: 4.671 Thread 0x000001a870b85f30 Thread added: 0x000001a870b85f30
Event: 4.671 Thread 0x000001a870b85210 Thread added: 0x000001a870b85210
Event: 4.671 Thread 0x000001a870b86c50 Thread added: 0x000001a870b86c50
Event: 4.672 Thread 0x000001a870b837d0 Thread added: 0x000001a870b837d0
Event: 4.672 Thread 0x000001a870b872e0 Thread added: 0x000001a870b872e0
Event: 4.927 Thread 0x000001a86dcc3ae0 Thread exited: 0x000001a86dcc3ae0
Event: 4.943 Thread 0x000001a825eafb90 Thread exited: 0x000001a825eafb90


Dynamic libraries:
0x00007ff6db730000 - 0x00007ff6db740000 	C:\Program Files\Java\jdk-21\bin\java.exe
0x00007ff89cfa0000 - 0x00007ff89d208000 	C:\WINDOWS\SYSTEM32\ntdll.dll
0x00007ff89ccc0000 - 0x00007ff89cd89000 	C:\WINDOWS\System32\KERNEL32.DLL
0x00007ff89c8c0000 - 0x00007ff89ccb2000 	C:\WINDOWS\System32\KERNELBASE.dll
0x000000005e6d0000 - 0x000000005e70b000 	C:\WINDOWS\System32\cyinjct.dll
0x00007ff89c750000 - 0x00007ff89c75c000 	C:\WINDOWS\System32\ntnativeapi.dll
0x00007ff86e460000 - 0x00007ff86e479000 	C:\Program Files\Java\jdk-21\bin\jli.dll
0x00007ff89c3e0000 - 0x00007ff89c494000 	C:\WINDOWS\System32\ADVAPI32.dll
0x00007ff89aa60000 - 0x00007ff89ab09000 	C:\WINDOWS\System32\msvcrt.dll
0x00007ff89a980000 - 0x00007ff89aa26000 	C:\WINDOWS\System32\sechost.dll
0x00007ff89c7a0000 - 0x00007ff89c8b8000 	C:\WINDOWS\System32\RPCRT4.dll
0x000001a87d8c0000 - 0x000001a87da85000 	C:\WINDOWS\System32\USER32.dll
0x00007ff89a0a0000 - 0x00007ff89a0c7000 	C:\WINDOWS\System32\win32u.dll
0x00007ff89b0a0000 - 0x00007ff89b0cb000 	C:\WINDOWS\System32\GDI32.dll
0x00007ff89a660000 - 0x00007ff89a78d000 	C:\WINDOWS\System32\gdi32full.dll
0x00007ff89a5b0000 - 0x00007ff89a653000 	C:\WINDOWS\System32\msvcp_win.dll
0x000001a87da90000 - 0x000001a87dbdb000 	C:\WINDOWS\System32\ucrtbase.dll
0x00007ff86df50000 - 0x00007ff86df6b000 	C:\Program Files\Java\jdk-21\bin\VCRUNTIME140.dll
0x00007ff87ab50000 - 0x00007ff87ade3000 	C:\WINDOWS\WinSxS\amd64_microsoft.windows.common-controls_6595b64144ccf1df_6.0.26100.6725_none_3e085828e334708b\COMCTL32.dll
0x00007ff889840000 - 0x00007ff88984b000 	C:\WINDOWS\SYSTEM32\VERSION.dll
0x00007ff89c730000 - 0x00007ff89c74e000 	C:\WINDOWS\System32\cyvera.dll
0x00007ff89c6c0000 - 0x00007ff89c728000 	C:\WINDOWS\System32\cyvrtrap.dll
0x00007ff89bca0000 - 0x00007ff89bccf000 	C:\WINDOWS\System32\IMM32.DLL
0x00007ff86dab0000 - 0x00007ff86dabc000 	C:\Program Files\Java\jdk-21\bin\vcruntime140_1.dll
0x00007ff84b7e0000 - 0x00007ff84b86e000 	C:\Program Files\Java\jdk-21\bin\msvcp140.dll
0x00007fffc6aa0000 - 0x00007fffc77ba000 	C:\Program Files\Java\jdk-21\bin\server\jvm.dll
0x00007ff89c520000 - 0x00007ff89c594000 	C:\WINDOWS\System32\WS2_32.dll
0x00007ff899e70000 - 0x00007ff899ece000 	C:\WINDOWS\SYSTEM32\POWRPROF.dll
0x00007ff891e30000 - 0x00007ff891e65000 	C:\WINDOWS\SYSTEM32\WINMM.dll
0x00007ff899e50000 - 0x00007ff899e64000 	C:\WINDOWS\SYSTEM32\UMPDC.dll
0x00007ff898da0000 - 0x00007ff898dbb000 	C:\WINDOWS\SYSTEM32\kernel.appcore.dll
0x00007ff86d900000 - 0x00007ff86d90a000 	C:\Program Files\Java\jdk-21\bin\jimage.dll
0x00007ff897f30000 - 0x00007ff898172000 	C:\WINDOWS\SYSTEM32\DBGHELP.DLL
0x00007ff89ad20000 - 0x00007ff89b09b000 	C:\WINDOWS\System32\combase.dll
0x00007ff89b820000 - 0x00007ff89b8f7000 	C:\WINDOWS\System32\OLEAUT32.dll
0x00007ff877fc0000 - 0x00007ff877ffc000 	C:\WINDOWS\SYSTEM32\dbgcore.DLL
0x00007ff89a220000 - 0x00007ff89a2b8000 	C:\WINDOWS\System32\bcryptPrimitives.dll
0x00007ff87e9f0000 - 0x00007ff87e9ff000 	C:\Program Files\Java\jdk-21\bin\instrument.dll
0x00007ff86d650000 - 0x00007ff86d66f000 	C:\Program Files\Java\jdk-21\bin\java.dll
0x00007ff89c680000 - 0x00007ff89c6b7000 	C:\Program Files\Palo Alto Networks\Traps\cyjagent.dll
0x00007ff89b0d0000 - 0x00007ff89b81c000 	C:\WINDOWS\System32\SHELL32.dll
0x00007ff89a2c0000 - 0x00007ff89a42b000 	C:\WINDOWS\System32\wintypes.dll
0x00007ff8974f0000 - 0x00007ff897d4d000 	C:\WINDOWS\SYSTEM32\windows.storage.dll
0x00007ff89c2c0000 - 0x00007ff89c3b2000 	C:\WINDOWS\System32\SHCORE.dll
0x00007ff89ab10000 - 0x00007ff89ab72000 	C:\WINDOWS\System32\shlwapi.dll
0x00007ff899f30000 - 0x00007ff899f59000 	C:\WINDOWS\SYSTEM32\profapi.dll
0x00007ff820910000 - 0x00007ff8209e7000 	C:\Program Files\Java\jdk-21\bin\jsvml.dll
0x00007ff84a4d0000 - 0x00007ff84a4e8000 	C:\Program Files\Java\jdk-21\bin\zip.dll
0x00007ff86cd90000 - 0x00007ff86cda0000 	C:\Program Files\Java\jdk-21\bin\net.dll
0x00007ff889170000 - 0x00007ff88928f000 	C:\WINDOWS\SYSTEM32\WINHTTP.dll
0x00007ff8992f0000 - 0x00007ff89935b000 	C:\WINDOWS\system32\mswsock.dll
0x00007ff84ed80000 - 0x00007ff84ed96000 	C:\Program Files\Java\jdk-21\bin\nio.dll
0x00007ff898720000 - 0x00007ff898846000 	C:\WINDOWS\SYSTEM32\DNSAPI.dll
0x00007ff898640000 - 0x00007ff898674000 	C:\WINDOWS\SYSTEM32\IPHLPAPI.DLL
0x00007ff89aa40000 - 0x00007ff89aa4a000 	C:\WINDOWS\System32\NSI.dll
0x00007ff887c20000 - 0x00007ff887c2b000 	C:\Windows\System32\rasadhlp.dll
0x00007ff8894a0000 - 0x00007ff889526000 	C:\WINDOWS\System32\fwpuclnt.dll
0x00007ff85a0a0000 - 0x00007ff85a0a9000 	C:\Program Files\Java\jdk-21\bin\extnet.dll
0x00007ff86a8f0000 - 0x00007ff86a8fa000 	C:\Program Files\Java\jdk-21\bin\management.dll
0x00007ff86a8e0000 - 0x00007ff86a8eb000 	C:\Program Files\Java\jdk-21\bin\management_ext.dll
0x00007ff89aa50000 - 0x00007ff89aa58000 	C:\WINDOWS\System32\PSAPI.DLL
0x00007ff8996d0000 - 0x00007ff8996eb000 	C:\WINDOWS\SYSTEM32\CRYPTSP.dll
0x00007ff898d00000 - 0x00007ff898d3b000 	C:\WINDOWS\system32\rsaenh.dll
0x00007ff899390000 - 0x00007ff8993bb000 	C:\WINDOWS\SYSTEM32\USERENV.dll
0x00007ff899f00000 - 0x00007ff899f26000 	C:\WINDOWS\SYSTEM32\bcrypt.dll
0x00007ff899530000 - 0x00007ff89953c000 	C:\WINDOWS\SYSTEM32\CRYPTBASE.dll
0x00007ff8750f0000 - 0x00007ff875108000 	C:\WINDOWS\system32\napinsp.dll
0x00007ff875110000 - 0x00007ff875122000 	C:\WINDOWS\System32\winrnr.dll
0x00007ff875130000 - 0x00007ff875158000 	C:\WINDOWS\system32\nlansp_c.dll
0x00007ff87f570000 - 0x00007ff87f586000 	C:\WINDOWS\system32\wshbth.dll
0x00007ff875410000 - 0x00007ff875466000 	C:\WINDOWS\SYSTEM32\pdh.dll
0x00007ff868770000 - 0x00007ff868782000 	C:\WINDOWS\System32\perfproc.dll
0x00007ff868750000 - 0x00007ff868761000 	C:\WINDOWS\System32\perfos.dll
0x00007ff897dc0000 - 0x00007ff897dd2000 	C:\WINDOWS\SYSTEM32\pfclient.dll
0x00007ff86b160000 - 0x00007ff86b16e000 	C:\Program Files\Java\jdk-21\bin\sunmscapi.dll
0x00007ff89a430000 - 0x00007ff89a5a7000 	C:\WINDOWS\System32\CRYPT32.dll
0x00007ff899820000 - 0x00007ff899850000 	C:\WINDOWS\SYSTEM32\ncrypt.dll
0x00007ff8997d0000 - 0x00007ff89980f000 	C:\WINDOWS\SYSTEM32\NTASN1.dll

dbghelp: loaded successfully - version: 4.0.5 - missing functions: none
symbol engine: initialized successfully - sym options: 0x614 - pdb path: .;C:\Program Files\Java\jdk-21\bin;C:\WINDOWS\SYSTEM32;C:\WINDOWS\WinSxS\amd64_microsoft.windows.common-controls_6595b64144ccf1df_6.0.26100.6725_none_3e085828e334708b;C:\Program Files\Java\jdk-21\bin\server;C:\Program Files\Palo Alto Networks\Traps

VM Arguments:
jvm_args: -javaagent:C:\Program Files\JetBrains\IntelliJ IDEA Community Edition 2025.2\lib\idea_rt.jar=54612 -Dfile.encoding=UTF-8 -Dsun.stdout.encoding=UTF-8 -Dsun.stderr.encoding=UTF-8 -agentpath:C:\Program Files\Palo Alto Networks\Traps\cyjagent.dll 
java_command: com.example.empleados.EmpleadosApplication
java_class_path (initial): C:\GitPersonal\Spring, Lombok, Primefaces, Mysql\Spring-Primefaces-Mysql-Lombok-Exercises\empleados\target\classes;C:\Users\gabriela.gutierrezr\.m2\repository\org\joinfaces\primefaces-spring-boot-starter\5.4.3\primefaces-spring-boot-starter-5.4.3.jar;C:\Users\gabriela.gutierrezr\.m2\repository\org\joinfaces\faces-spring-boot-starter\5.4.3\faces-spring-boot-starter-5.4.3.jar;C:\Users\gabriela.gutierrezr\.m2\repository\org\joinfaces\joinfaces-autoconfigure\5.4.3\joinfaces-autoconfigure-5.4.3.jar;C:\Users\gabriela.gutierrezr\.m2\repository\org\joinfaces\joinfaces\5.4.3\joinfaces-5.4.3.jar;C:\Users\gabriela.gutierrezr\.m2\repository\io\github\classgraph\classgraph\4.8.179\classgraph-4.8.179.jar;C:\Users\gabriela.gutierrezr\.m2\repository\org\joinfaces\mojarra-spring-boot-starter\5.4.3\mojarra-spring-boot-starter-5.4.3.jar;C:\Users\gabriela.gutierrezr\.m2\repository\org\joinfaces\mojarra4-spring-boot-starter\5.4.3\mojarra4-spring-boot-starter-5.4.3.jar;C:\Users\gabriela.gutierrezr\.m2\repository\org\glassfish\jakarta.faces\4.0.9\jakarta.faces-4.0.9.jar;C:\Users\gabriela.gutierrezr\.m2\repository\org\joinfaces\cdi-spring-boot-starter\5.4.3\cdi-spring-boot-starter-5.4.3.jar;C:\Users\gabriela.gutierrezr\.m2\repository\org\joinfaces\weld-spring-boot-starter\5.4.3\weld-spring-boot-starter-5.4.3.jar;C:\Users\gabriela.gutierrezr\.m2\repository\org\jboss\weld\servlet\weld-servlet-core\5.1.5.Final\weld-servlet-core-5.1.5.Final.jar;C:\Users\gabriela.gutierrezr\.m2\repository\org\jboss\weld\environment\weld-environment-common\5.1.5.Final\weld-environment-common-5.1.5.Final.jar;C:\Users\gabriela.gutierrezr\.m2\repository\org\jboss\weld\weld-core-impl\5.1.5.Final\weld-core-impl-5.1.5.Final.jar;C:\Users\gabriela.gutierrezr\.m2\repository\org\jboss\weld\weld-spi\5.0.SP3\weld-spi-5.0.SP3.jar;C:\Users\gabriela.gutierrezr\.m2\repository\org\jboss\weld\weld-api\5.0.SP3\weld-api-5.0.SP3.jar;C:\Users\gabriela.gutierrezr\.m2\repository\org\jboss\weld\weld-lite-extension-translator\5.1.5.Final\weld-lite-extension-translator-5.1.5.Final.jar;C:\Users\gabriela.gutierrezr\.m2\repository\org\jboss\logging\jboss-logging-processor\2.2.1.Final\jboss-logging-processor-2.2.1.Final.jar;C:\Users\gabriela.gutierrezr\.m2\repository\org\jboss\logging\jboss-logging-annotations\2.2.1.Final\jboss-logging-annotations-2.2.1.Final.jar;C:\Users\gabriela.gutierrezr\.m2\repository\org\jboss\jdeparser\jdeparser\2.0.3.Final\jdeparser-2.0.3.Final.jar;C:\Users\gabriela.gutierrezr\.m2\repository\org\jboss\weld\module\weld-jsf\5.1.5.Final\weld-jsf-5.1.5.Final.jar;C:\Users\gabriela.gutierrezr\.m2\repository\org\jboss\weld\module\weld-web\5.1.5.Final\weld-web-5.1.5.Final.jar;C:\Users\gabriela.gutierrezr\.m2\repository\org\jboss\classfilewriter\jboss-classfilewriter\1.3.0.Final\jboss-classfilewriter-1.3.0.Final.jar;C:\Users\gabriela.gutierrezr\.m2\repository\jakarta\enterprise\jakarta.enterprise.cdi-api\4.1.0\jakarta.enterprise.cdi-api-4.1.0.jar;C:\Users\gabriela.gutierrezr\.m2\repository\jakarta\enterprise\jakarta.enterprise.lang-model\4.1.0\jakarta.enterprise.lang-model-4.1.0.jar;C:\Users\gabriela.gutierrezr\.m2\repository\jakarta\interceptor\jakarta.interceptor-api\2.2.0\jakarta.interceptor-api-2.2.0.jar;C:\Users\gabriela.gutierrezr\.m2\repository\org\primefaces\primefaces\14.0.12\primefaces-14.0.12-jakarta.jar;C:\Users\gabriela.gutierrezr\.m2\repository\org\primefaces\extensions\primefaces-extensions\14.0.12\primefaces-extensions-14.0.12-jakarta.jar;C:\Users\gabriela.gutierrezr\.m2\repository\org\springframework\boot\spring-boot-starter-data-jpa\3.5.7\spring-boot-starter-data-jpa-3.5.7.jar;C:\Users\gabriela.gutierrezr\.m2\repository\org\springframework\boot\spring-boot-starter\3.5.7\spring-boot-starter-3.5.7.jar;C:\Users\gabriela.gutierrezr\.m2\repository\org\springframework\boot\spring-boot-starter-logging\3.5.7\spring-boot-starter-logging-3.5.7.jar;C:\Users\gabriela.gutierrezr\.m2\repository\ch\qos\logback\logback-classic\1.5.20\logback-classic-1.5.20.jar;C:\Users\gabriela.gutierrezr\.m2\repository\ch\qos\logback\logback-core\1.5.20\logback-core-1.5.20.jar;C:\Users\gabriela.gutierrezr\.m2\repository\org\apache\logging\log4j\log4j-to-slf4j\2.24.3\log4j-to-slf4j-2.24.3.jar;C:\Users\gabriela.gutierrezr\.m2\repository\org\apache\logging\log4j\log4j-api\2.24.3\log4j-api-2.24.3.jar;C:\Users\gabriela.gutierrezr\.m2\repository\org\slf4j\jul-to-slf4j\2.0.17\jul-to-slf4j-2.0.17.jar;C:\Users\gabriela.gutierrezr\.m2\repository\jakarta\annotation\jakarta.annotation-api\2.1.1\jakarta.annotation-api-2.1.1.jar;C:\Users\gabriela.gutierrezr\.m2\repository\org\yaml\snakeyaml\2.4\snakeyaml-2.4.jar;C:\Users\gabriela.gutierrezr\.m2\repository\org\springframework\boot\spring-boot-starter-jdbc\3.5.7\spring-boot-starter-jdbc-3.5.7.jar;C:\Users\gabriela.gutierrezr\.m2\repository\com\zaxxer\HikariCP\6.3.3\HikariCP-6.3.3.jar;C:\Users\gabriela.gutierrezr\.m2\repository\org\springframework\spring-jdbc\6.2.3\spring-jdbc-6.2.3.jar;C:\Users\gabriela.gutierrezr\.m2\repository\org\hibernate\orm\hibernate-core\6.6.33.Final\hibernate-core-6.6.33.Final.jar;C:\Users\gabriela.gutierrezr\.m2\repository\jakarta\persistence\jakarta.persistence-api\3.1.0\jakarta.persistence-api-3.1.0.jar;C:\Users\gabriela.gutierrezr\.m2\repository\jakarta\transaction\jakarta.transaction-api\2.0.1\jakarta.transaction-api-2.0.1.jar;C:\Users\gabriela.gutierrezr\.m2\repository\org\jboss\logging\jboss-logging\3.6.1.Final\jboss-logging-3.6.1.Final.jar;C:\Users\gabriela.gutierrezr\.m2\repository\org\hibernate\common\hibernate-commons-annotations\7.0.3.Final\hibernate-commons-annotations-7.0.3.Final.jar;C:\Users\gabriela.gutierrezr\.m2\repository\io\smallrye\jandex\3.2.0\jandex-3.2.0.jar;C:\Users\gabriela.gutierrezr\.m2\repository\com\fasterxml\classmate\1.7.1\classmate-1.7.1.jar;C:\Users\gabriela.gutierrezr\.m2\repository\net\bytebuddy\byte-buddy\1.17.8\byte-buddy-1.17.8.jar;C:\Users\gabriela.gutierrezr\.m2\repository\org\glassfish\jaxb\jaxb-runtime\4.0.5\jaxb-runtime-4.0.5.jar;C:\Users\gabriela.gutierrezr\.m2\repository\org\glassfish\jaxb\jaxb-core\4.0.5\jaxb-core-4.0.5.jar;C:\Users\gabriela.gutierrezr\.m2\repository\org\eclipse\angus\angus-activation\2.0.2\angus-activation-2.0.2.jar;C:\Users\gabriela.gutierrezr\.m2\repository\org\glassfish\jaxb\txw2\4.0.5\txw2-4.0.5.jar;C:\Users\gabriela.gutierrezr\.m2\repository\com\sun\istack\istack-commons-runtime\4.1.2\istack-commons-runtime-4.1.2.jar;C:\Users\gabriela.gutierrezr\.m2\repository\jakarta\inject\jakarta.inject-api\2.0.1\jakarta.inject-api-2.0.1.jar;C:\Users\gabriela.gutierrezr\.m2\repository\org\antlr\antlr4-runtime\4.13.0\antlr4-runtime-4.13.0.jar;C:\Users\gabriela.gutierrezr\.m2\repository\org\springframework\data\spring-data-jpa\3.4.3\spring-data-jpa-3.4.3.jar;C:\Users\gabriela.gutierrezr\.m2\repository\org\springframework\data\spring-data-commons\3.4.3\spring-data-commons-3.4.3.jar;C:\Users\gabriela.gutierrezr\.m2\repository\org\springframework\spring-orm\6.2.3\spring-orm-6.2.3.jar;C:\Users\gabriela.gutierrezr\.m2\repository\org\springframework\spring-context\6.2.3\spring-context-6.2.3.jar;C:\Users\gabriela.gutierrezr\.m2\repository\org\springframework\spring-aop\6.2.3\spring-aop-6.2.3.jar;C:\Users\gabriela.gutierrezr\.m2\repository\org\springframework\spring-tx\6.2.3\spring-tx-6.2.3.jar;C:\Users\gabriela.gutierrezr\.m2\repository\org\springframework\spring-beans\6.2.3\spring-beans-6.2.3.jar;C:\Users\gabriela.gutierrezr\.m2\repository\org\slf4j\slf4j-api\2.0.17\slf4j-api-2.0.17.jar;C:\Users\gabriela.gutierrezr\.m2\repository\org\springframework\spring-aspects\6.2.3\spring-aspects-6.2.3.jar;C:\Users\gabriela.gutierrezr\.m2\repository\org\aspectj\aspectjweaver\1.9.24\aspectjweaver-1.9.24.jar;C:\Users\gabriela.gutierrezr\.m2\repository\org\springframework\boot\spring-boot-starter-web\3.5.7\spring-boot-starter-web-3.5.7.jar;C:\Users\gabriela.gutierrezr\.m2\repository\org\springframework\boot\spring-boot-starter-json\3.5.7\spring-boot-starter-json-3.5.7.jar;C:\Users\gabriela.gutierrezr\.m2\repository\com\fasterxml\jackson\core\jackson-databind\2.18.2\jackson-databind-2.18.2.jar;C:\Users\gabriela.gutierrezr\.m2\repository\com\fasterxml\jackson\core\jackson-annotations\2.18.2\jackson-annotations-2.18.2.jar;C:\Users\gabriela.gutierrezr\.m2\repository\com\fasterxml\jackson\core\jackson-core\2.18.2\jackson-core-2.18.2.jar;C:\Users\gabriela.gutierrezr\.m2\repository\com\fasterxml\jackson\datatype\jackson-datatype-jdk8\2.18.2\jackson-datatype-jdk8-2.18.2.jar;C:\Users\gabriela.gutierrezr\.m2\repository\com\fasterxml\jackson\datatype\jackson-datatype-jsr310\2.18.2\jackson-datatype-jsr310-2.18.2.jar;C:\Users\gabriela.gutierrezr\.m2\repository\com\fasterxml\jackson\module\jackson-module-parameter-names\2.18.2\jackson-module-parameter-names-2.18.2.jar;C:\Users\gabriela.gutierrezr\.m2\repository\org\springframework\boot\spring-boot-starter-tomcat\3.5.7\spring-boot-starter-tomcat-3.5.7.jar;C:\Users\gabriela.gutierrezr\.m2\repository\org\apache\tomcat\embed\tomcat-embed-core\10.1.48\tomcat-embed-core-10.1.48.jar;C:\Users\gabriela.gutierrezr\.m2\repository\org\apache\tomcat\embed\tomcat-embed-el\10.1.48\tomcat-embed-el-10.1.48.jar;C:\Users\gabriela.gutierrezr\.m2\repository\org\apache\tomcat\embed\tomcat-embed-websocket\10.1.48\tomcat-embed-websocket-10.1.48.jar;C:\Users\gabriela.gutierrezr\.m2\repository\org\springframework\spring-web\6.2.3\spring-web-6.2.3.jar;C:\Users\gabriela.gutierrezr\.m2\repository\io\micrometer\micrometer-observation\1.14.4\micrometer-observation-1.14.4.jar;C:\Users\gabriela.gutierrezr\.m2\repository\io\micrometer\micrometer-commons\1.14.4\micrometer-commons-1.14.4.jar;C:\Users\gabriela.gutierrezr\.m2\repository\org\springframework\spring-webmvc\6.2.3\spring-webmvc-6.2.3.jar;C:\Users\gabriela.gutierrezr\.m2\repository\org\springframework\spring-expression\6.2.3\spring-expression-6.2.3.jar;C:\Users\gabriela.gutierrezr\.m2\repository\org\springframework\boot\spring-boot-devtools\3.5.7\spring-boot-devtools-3.5.7.jar;C:\Users\gabriela.gutierrezr\.m2\repository\org\springframework\boot\spring-boot\3.5.7\spring-boot-3.5.7.jar;C:\Users\gabriela.gutierrezr\.m2\repository\org\springframework\boot\spring-boot-autoconfigure\3.5.7\spring-boot-autoconfigure-3.5.7.jar;C:\Users\gabriela.gutierrezr\.m2\repository\com\mysql\mysql-connector-j\9.4.0\mysql-connector-j-9.4.0.jar;C:\Users\gabriela.gutierrezr\.m2\repository\org\projectlombok\lombok\1.18.42\lombok-1.18.42.jar;C:\Users\gabriela.gutierrezr\.m2\repository\jakarta\xml\bind\jakarta.xml.bind-api\4.0.4\jakarta.xml.bind-api-4.0.4.jar;C:\Users\gabriela.gutierrezr\.m2\repository\jakarta\activation\jakarta.activation-api\2.1.4\jakarta.activation-api-2.1.4.jar;C:\Users\gabriela.gutierrezr\.m2\repository\org\springframework\spring-core\6.2.3\spring-core-6.2.3.jar;C:\Users\gabriela.gutierrezr\.m2\repository\org\springframework\spring-jcl\6.2.3\spring-jcl-6.2.3.jar
Launcher Type: SUN_STANDARD

[Global flags]
     intx CICompilerCount                          = 12                                        {product} {ergonomic}
     uint ConcGCThreads                            = 4                                         {product} {ergonomic}
     uint G1ConcRefinementThreads                  = 15                                        {product} {ergonomic}
   size_t G1HeapRegionSize                         = 4194304                                   {product} {ergonomic}
    uintx GCDrainStackTargetSize                   = 64                                        {product} {ergonomic}
   size_t InitialHeapSize                          = 532676608                                 {product} {ergonomic}
   size_t MarkStackSize                            = 4194304                                   {product} {ergonomic}
   size_t MaxHeapSize                              = 8510242816                                {product} {ergonomic}
   size_t MaxNewSize                               = 5104467968                                {product} {ergonomic}
   size_t MinHeapDeltaBytes                        = 4194304                                   {product} {ergonomic}
   size_t MinHeapSize                              = 8388608                                   {product} {ergonomic}
    uintx NonNMethodCodeHeapSize                   = 7602480                                {pd product} {ergonomic}
    uintx NonProfiledCodeHeapSize                  = 122027880                              {pd product} {ergonomic}
    uintx ProfiledCodeHeapSize                     = 122027880                              {pd product} {ergonomic}
    uintx ReservedCodeCacheSize                    = 251658240                              {pd product} {ergonomic}
     bool SegmentedCodeCache                       = true                                      {product} {ergonomic}
   size_t SoftMaxHeapSize                          = 8510242816                             {manageable} {ergonomic}
     bool UseCompressedOops                        = true                           {product lp64_product} {ergonomic}
     bool UseG1GC                                  = true                                      {product} {ergonomic}
     bool UseLargePagesIndividualAllocation        = false                                  {pd product} {ergonomic}

Logging:
Log output configuration:
 #0: stdout all=warning uptime,level,tags foldmultilines=false
 #1: stderr all=off uptime,level,tags foldmultilines=false

Environment Variables:
JAVA_HOME=C:\Program Files\AdoptOpenJDK\jdk-8.0.282.8-hotspot
PATH=C:\Program Files\Common Files\Oracle\Java\javapath;C:\Oracle\DevSuiteHome_2\jdk\jre\bin\classic;C:\Oracle\DevSuiteHome_2\jdk\jre\bin;C:\Oracle\DevSuiteHome_2\jdk\jre\bin\client;C:\Oracle\DevSuiteHome_2\jlib;C:\Oracle\DevSuiteHome_2\bin;C:\Oracle\DevSuiteHome_2\jre\1.4.2\bin\client;C:\Oracle\DevSuiteHome_2\jre\1.4.2\bin;C:\Program Files\AdoptOpenJDK\jdk-8.0.282.8-hotspot\bin;C:\WINDOWS\system32;C:\WINDOWS;C:\WINDOWS\System32\Wbem;C:\WINDOWS\System32\WindowsPowerShell\v1.0\;C:\WINDOWS\System32\OpenSSH\;C:\Program Files\dotnet\;C:\Program Files\Git\cmd;C:\Program Files\TortoiseSVN\bin;C:\Program Files\AdoptOpenJDK\jdk-8.0.282.8-hotspot\bin;C:\Program Files\apache-maven-3.9.0\bin;C:\Users\gabriela.gutierrezr\AppData\Local\Microsoft\WindowsApps;C:\Program Files\AdoptOpenJDK\jdk-8.0.282.8-hotspot\bin;C:\Program Files\apache-maven-3.9.0\bin;
USERNAME=gabriela.gutierrezr
OS=Windows_NT
PROCESSOR_IDENTIFIER=Intel64 Family 6 Model 186 Stepping 2, GenuineIntel
TMP=C:\Users\GABRIE~1.GUT\AppData\Local\Temp
TEMP=C:\Users\GABRIE~1.GUT\AppData\Local\Temp




Periodic native trim disabled

---------------  S Y S T E M  ---------------

OS:
 Windows 11 , 64 bit Build 26100 (10.0.26100.6725)
OS uptime: 29 days 19:20 hours
Hyper-V role detected

CPU: total 20 (initial active 20) (10 cores per cpu, 2 threads per core) family 6 model 186 stepping 2 microcode 0x4128, cx8, cmov, fxsr, ht, mmx, 3dnowpref, sse, sse2, sse3, ssse3, sse4.1, sse4.2, popcnt, lzcnt, tsc, tscinvbit, avx, avx2, aes, erms, clmul, bmi1, bmi2, adx, sha, fma, vzeroupper, clflush, clflushopt, clwb, hv, serialize, rdtscp, rdpid, fsrm, f16c, cet_ibt, cet_ss
Processor Information for processor 0
  Max Mhz: 2400, Current Mhz: 2400, Mhz Limit: 2400
Processor Information for processor 1
  Max Mhz: 2400, Current Mhz: 1520, Mhz Limit: 2400
Processor Information for processor 2
  Max Mhz: 2400, Current Mhz: 1520, Mhz Limit: 2400
Processor Information for processor 3
  Max Mhz: 2400, Current Mhz: 1520, Mhz Limit: 2400
Processor Information for processor 4
  Max Mhz: 2400, Current Mhz: 1520, Mhz Limit: 2400
Processor Information for processor 5
  Max Mhz: 2400, Current Mhz: 1520, Mhz Limit: 2400
Processor Information for processor 6
  Max Mhz: 2400, Current Mhz: 2400, Mhz Limit: 2400
Processor Information for processor 7
  Max Mhz: 2400, Current Mhz: 2400, Mhz Limit: 2400
Processor Information for processor 8
  Max Mhz: 2400, Current Mhz: 2400, Mhz Limit: 2400
Processor Information for processor 9
  Max Mhz: 2400, Current Mhz: 2400, Mhz Limit: 2400
Processor Information for processor 10
  Max Mhz: 2400, Current Mhz: 1520, Mhz Limit: 2400
Processor Information for processor 11
  Max Mhz: 2400, Current Mhz: 2400, Mhz Limit: 2400
Processor Information for processor 12
  Max Mhz: 2400, Current Mhz: 1466, Mhz Limit: 2400
Processor Information for processor 13
  Max Mhz: 2400, Current Mhz: 2400, Mhz Limit: 2400
Processor Information for processor 14
  Max Mhz: 2400, Current Mhz: 2400, Mhz Limit: 2400
Processor Information for processor 15
  Max Mhz: 2400, Current Mhz: 2400, Mhz Limit: 2400
Processor Information for processor 16
  Max Mhz: 2400, Current Mhz: 2400, Mhz Limit: 2400
Processor Information for processor 17
  Max Mhz: 2400, Current Mhz: 2400, Mhz Limit: 2400
Processor Information for processor 18
  Max Mhz: 2400, Current Mhz: 2400, Mhz Limit: 2400
Processor Information for processor 19
  Max Mhz: 2400, Current Mhz: 1466, Mhz Limit: 2400

Memory: 4k page, system-wide physical 32452M (4965M free)
TotalPageFile size 40452M (AvailPageFile size 130M)
current process WorkingSet (physical memory assigned to process): 762M, peak: 856M
current process commit charge ("private bytes"): 837M, peak: 1370M

vm_info: Java HotSpot(TM) 64-Bit Server VM (21.0.6+8-LTS-188) for windows-amd64 JRE (21.0.6+8-LTS-188), built on 2024-12-03T10:50:54Z by "mach5one" with MS VC++ 17.6 (VS2022)

END.
